{"/workspace/src/App.tsx": {"path":"/workspace/src/App.tsx","statementMap":{},"fnMap":{},"branchMap":{},"s":{},"f":{},"b":{}}
,"/workspace/src/components/AchievementCard.tsx": {"path":"/workspace/src/components/AchievementCard.tsx","statementMap":{"0":{"start":{"line":5,"column":22},"end":{"line":5,"column":28}},"1":{"start":{"line":6,"column":19},"end":{"line":6,"column":42}},"2":{"start":{"line":7,"column":22},"end":{"line":7,"column":113}},"3":{"start":{"line":8,"column":2},"end":{"line":28,"column":4}},"4":{"start":{"line":9,"column":63},"end":{"line":9,"column":94}}},"fnMap":{"0":{"name":"AchievementCard","decl":{"start":{"line":4,"column":16},"end":{"line":4,"column":31}},"loc":{"start":{"line":4,"column":63},"end":{"line":29,"column":1}},"line":4},"1":{"name":"(anonymous_1)","decl":{"start":{"line":9,"column":57},"end":{"line":9,"column":58}},"loc":{"start":{"line":9,"column":63},"end":{"line":9,"column":94}},"line":9}},"branchMap":{"0":{"loc":{"start":{"line":7,"column":22},"end":{"line":7,"column":113}},"type":"cond-expr","locations":[{"start":{"line":7,"column":46},"end":{"line":7,"column":109}},{"start":{"line":7,"column":112},"end":{"line":7,"column":113}}],"line":7},"1":{"loc":{"start":{"line":9,"column":63},"end":{"line":9,"column":94}},"type":"binary-expr","locations":[{"start":{"line":9,"column":63},"end":{"line":9,"column":70}},{"start":{"line":9,"column":74},"end":{"line":9,"column":94}}],"line":9},"2":{"loc":{"start":{"line":9,"column":164},"end":{"line":9,"column":182}},"type":"cond-expr","locations":[{"start":{"line":9,"column":175},"end":{"line":9,"column":176}},{"start":{"line":9,"column":179},"end":{"line":9,"column":182}}],"line":9},"3":{"loc":{"start":{"line":16,"column":13},"end":{"line":16,"column":94}},"type":"binary-expr","locations":[{"start":{"line":16,"column":13},"end":{"line":16,"column":37}},{"start":{"line":16,"column":42},"end":{"line":16,"column":93}}],"line":16},"4":{"loc":{"start":{"line":16,"column":42},"end":{"line":16,"column":93}},"type":"cond-expr","locations":[{"start":{"line":16,"column":66},"end":{"line":16,"column":88}},{"start":{"line":16,"column":91},"end":{"line":16,"column":93}}],"line":16},"5":{"loc":{"start":{"line":17,"column":7},"end":{"line":17,"column":71}},"type":"cond-expr","locations":[{"start":{"line":17,"column":31},"end":{"line":17,"column":64}},{"start":{"line":17,"column":67},"end":{"line":17,"column":71}}],"line":17},"6":{"loc":{"start":{"line":19,"column":7},"end":{"line":24,"column":14}},"type":"cond-expr","locations":[{"start":{"line":20,"column":8},"end":{"line":23,"column":15}},{"start":{"line":24,"column":10},"end":{"line":24,"column":14}}],"line":19},"7":{"loc":{"start":{"line":25,"column":7},"end":{"line":25,"column":62}},"type":"cond-expr","locations":[{"start":{"line":25,"column":27},"end":{"line":25,"column":55}},{"start":{"line":25,"column":58},"end":{"line":25,"column":62}}],"line":25},"8":{"loc":{"start":{"line":26,"column":7},"end":{"line":26,"column":46}},"type":"cond-expr","locations":[{"start":{"line":26,"column":18},"end":{"line":26,"column":39}},{"start":{"line":26,"column":42},"end":{"line":26,"column":46}}],"line":26}},"s":{"0":0,"1":0,"2":0,"3":0,"4":0},"f":{"0":0,"1":0},"b":{"0":[0,0],"1":[0,0],"2":[0,0],"3":[0,0],"4":[0,0],"5":[0,0],"6":[0,0],"7":[0,0],"8":[0,0]}}
,"/workspace/src/components/ProgressChart.tsx": {"path":"/workspace/src/components/ProgressChart.tsx","statementMap":{"0":{"start":{"line":5,"column":2},"end":{"line":11,"column":3}},"1":{"start":{"line":6,"column":4},"end":{"line":10,"column":6}},"2":{"start":{"line":12,"column":17},"end":{"line":12,"column":46}},"3":{"start":{"line":12,"column":38},"end":{"line":12,"column":45}},"4":{"start":{"line":13,"column":14},"end":{"line":13,"column":33}},"5":{"start":{"line":14,"column":14},"end":{"line":14,"column":33}},"6":{"start":{"line":15,"column":14},"end":{"line":15,"column":91}},"7":{"start":{"line":15,"column":65},"end":{"line":15,"column":70}},"8":{"start":{"line":16,"column":16},"end":{"line":16,"column":53}},"9":{"start":{"line":17,"column":2},"end":{"line":50,"column":4}},"10":{"start":{"line":28,"column":12},"end":{"line":28,"column":147}}},"fnMap":{"0":{"name":"ProgressChart","decl":{"start":{"line":4,"column":16},"end":{"line":4,"column":29}},"loc":{"start":{"line":4,"column":133},"end":{"line":51,"column":1}},"line":4},"1":{"name":"(anonymous_1)","decl":{"start":{"line":12,"column":26},"end":{"line":12,"column":27}},"loc":{"start":{"line":12,"column":38},"end":{"line":12,"column":45}},"line":12},"2":{"name":"(anonymous_2)","decl":{"start":{"line":15,"column":39},"end":{"line":15,"column":40}},"loc":{"start":{"line":15,"column":65},"end":{"line":15,"column":70}},"line":15},"3":{"name":"(anonymous_3)","decl":{"start":{"line":27,"column":20},"end":{"line":27,"column":21}},"loc":{"start":{"line":28,"column":12},"end":{"line":28,"column":147}},"line":28}},"branchMap":{"0":{"loc":{"start":{"line":4,"column":32},"end":{"line":4,"column":41}},"type":"default-arg","locations":[{"start":{"line":4,"column":39},"end":{"line":4,"column":41}}],"line":4},"1":{"loc":{"start":{"line":4,"column":56},"end":{"line":4,"column":73}},"type":"default-arg","locations":[{"start":{"line":4,"column":64},"end":{"line":4,"column":73}}],"line":4},"2":{"loc":{"start":{"line":5,"column":2},"end":{"line":11,"column":3}},"type":"if","locations":[{"start":{"line":5,"column":2},"end":{"line":11,"column":3}},{"start":{},"end":{}}],"line":5},"3":{"loc":{"start":{"line":19,"column":7},"end":{"line":19,"column":42}},"type":"cond-expr","locations":[{"start":{"line":19,"column":15},"end":{"line":19,"column":35}},{"start":{"line":19,"column":38},"end":{"line":19,"column":42}}],"line":19},"4":{"loc":{"start":{"line":38,"column":17},"end":{"line":38,"column":89}},"type":"cond-expr","locations":[{"start":{"line":38,"column":29},"end":{"line":38,"column":43}},{"start":{"line":38,"column":46},"end":{"line":38,"column":89}}],"line":38},"5":{"loc":{"start":{"line":38,"column":46},"end":{"line":38,"column":89}},"type":"cond-expr","locations":[{"start":{"line":38,"column":58},"end":{"line":38,"column":72}},{"start":{"line":38,"column":75},"end":{"line":38,"column":89}}],"line":38},"6":{"loc":{"start":{"line":40,"column":9},"end":{"line":40,"column":61}},"type":"cond-expr","locations":[{"start":{"line":40,"column":19},"end":{"line":40,"column":54}},{"start":{"line":40,"column":57},"end":{"line":40,"column":61}}],"line":40},"7":{"loc":{"start":{"line":41,"column":9},"end":{"line":46,"column":16}},"type":"cond-expr","locations":[{"start":{"line":42,"column":10},"end":{"line":45,"column":17}},{"start":{"line":46,"column":12},"end":{"line":46,"column":16}}],"line":41},"8":{"loc":{"start":{"line":44,"column":13},"end":{"line":44,"column":129}},"type":"cond-expr","locations":[{"start":{"line":44,"column":23},"end":{"line":44,"column":122}},{"start":{"line":44,"column":125},"end":{"line":44,"column":129}}],"line":44},"9":{"loc":{"start":{"line":47,"column":9},"end":{"line":47,"column":130}},"type":"cond-expr","locations":[{"start":{"line":47,"column":21},"end":{"line":47,"column":123}},{"start":{"line":47,"column":126},"end":{"line":47,"column":130}}],"line":47}},"s":{"0":0,"1":0,"2":0,"3":0,"4":0,"5":0,"6":0,"7":0,"8":0,"9":0,"10":0},"f":{"0":0,"1":0,"2":0,"3":0},"b":{"0":[0],"1":[0],"2":[0,0],"3":[0,0],"4":[0,0],"5":[0,0],"6":[0,0],"7":[0,0],"8":[0,0],"9":[0,0]}}
,"/workspace/src/components/QuickActionsPanel.tsx": {"path":"/workspace/src/components/QuickActionsPanel.tsx","statementMap":{"0":{"start":{"line":7,"column":40},"end":{"line":7,"column":55}},"1":{"start":{"line":8,"column":40},"end":{"line":8,"column":55}},"2":{"start":{"line":9,"column":36},"end":{"line":9,"column":51}},"3":{"start":{"line":10,"column":32},"end":{"line":10,"column":47}},"4":{"start":{"line":12,"column":2},"end":{"line":106,"column":4}},"5":{"start":{"line":20,"column":10},"end":{"line":35,"column":11}},"6":{"start":{"line":21,"column":12},"end":{"line":21,"column":29}},"7":{"start":{"line":22,"column":25},"end":{"line":22,"column":59}},"8":{"start":{"line":23,"column":12},"end":{"line":28,"column":22}},"9":{"start":{"line":29,"column":12},"end":{"line":29,"column":33}},"10":{"start":{"line":31,"column":12},"end":{"line":31,"column":31}},"11":{"start":{"line":33,"column":12},"end":{"line":33,"column":30}},"12":{"start":{"line":34,"column":12},"end":{"line":34,"column":33}},"13":{"start":{"line":44,"column":10},"end":{"line":59,"column":11}},"14":{"start":{"line":45,"column":12},"end":{"line":45,"column":29}},"15":{"start":{"line":46,"column":25},"end":{"line":46,"column":59}},"16":{"start":{"line":47,"column":12},"end":{"line":52,"column":22}},"17":{"start":{"line":53,"column":12},"end":{"line":53,"column":33}},"18":{"start":{"line":55,"column":12},"end":{"line":55,"column":31}},"19":{"start":{"line":57,"column":12},"end":{"line":57,"column":30}},"20":{"start":{"line":58,"column":12},"end":{"line":58,"column":33}},"21":{"start":{"line":68,"column":10},"end":{"line":84,"column":11}},"22":{"start":{"line":69,"column":12},"end":{"line":69,"column":29}},"23":{"start":{"line":70,"column":25},"end":{"line":70,"column":59}},"24":{"start":{"line":71,"column":12},"end":{"line":77,"column":22}},"25":{"start":{"line":78,"column":12},"end":{"line":78,"column":33}},"26":{"start":{"line":80,"column":12},"end":{"line":80,"column":31}},"27":{"start":{"line":82,"column":12},"end":{"line":82,"column":30}},"28":{"start":{"line":83,"column":12},"end":{"line":83,"column":33}},"29":{"start":{"line":90,"column":67},"end":{"line":90,"column":134}},"30":{"start":{"line":97,"column":77},"end":{"line":97,"column":98}}},"fnMap":{"0":{"name":"QuickActionsPanel","decl":{"start":{"line":6,"column":16},"end":{"line":6,"column":33}},"loc":{"start":{"line":6,"column":77},"end":{"line":107,"column":1}},"line":6},"1":{"name":"(anonymous_1)","decl":{"start":{"line":19,"column":17},"end":{"line":19,"column":18}},"loc":{"start":{"line":19,"column":29},"end":{"line":36,"column":9}},"line":19},"2":{"name":"(anonymous_2)","decl":{"start":{"line":43,"column":17},"end":{"line":43,"column":18}},"loc":{"start":{"line":43,"column":29},"end":{"line":60,"column":9}},"line":43},"3":{"name":"(anonymous_3)","decl":{"start":{"line":67,"column":17},"end":{"line":67,"column":18}},"loc":{"start":{"line":67,"column":29},"end":{"line":85,"column":9}},"line":67},"4":{"name":"(anonymous_4)","decl":{"start":{"line":90,"column":61},"end":{"line":90,"column":62}},"loc":{"start":{"line":90,"column":67},"end":{"line":90,"column":134}},"line":90},"5":{"name":"(anonymous_5)","decl":{"start":{"line":97,"column":71},"end":{"line":97,"column":72}},"loc":{"start":{"line":97,"column":77},"end":{"line":97,"column":98}},"line":97}},"branchMap":{"0":{"loc":{"start":{"line":16,"column":7},"end":{"line":16,"column":52}},"type":"cond-expr","locations":[{"start":{"line":16,"column":20},"end":{"line":16,"column":45}},{"start":{"line":16,"column":48},"end":{"line":16,"column":52}}],"line":16},"1":{"loc":{"start":{"line":90,"column":67},"end":{"line":90,"column":134}},"type":"binary-expr","locations":[{"start":{"line":90,"column":67},"end":{"line":90,"column":77}},{"start":{"line":90,"column":81},"end":{"line":90,"column":100}},{"start":{"line":90,"column":104},"end":{"line":90,"column":134}}],"line":90},"2":{"loc":{"start":{"line":95,"column":7},"end":{"line":101,"column":14}},"type":"cond-expr","locations":[{"start":{"line":96,"column":8},"end":{"line":100,"column":15}},{"start":{"line":101,"column":10},"end":{"line":101,"column":14}}],"line":95},"3":{"loc":{"start":{"line":102,"column":7},"end":{"line":102,"column":59}},"type":"cond-expr","locations":[{"start":{"line":102,"column":17},"end":{"line":102,"column":52}},{"start":{"line":102,"column":55},"end":{"line":102,"column":59}}],"line":102},"4":{"loc":{"start":{"line":103,"column":7},"end":{"line":103,"column":61}},"type":"cond-expr","locations":[{"start":{"line":103,"column":21},"end":{"line":103,"column":54}},{"start":{"line":103,"column":57},"end":{"line":103,"column":61}}],"line":103},"5":{"loc":{"start":{"line":104,"column":7},"end":{"line":104,"column":57}},"type":"cond-expr","locations":[{"start":{"line":104,"column":19},"end":{"line":104,"column":50}},{"start":{"line":104,"column":53},"end":{"line":104,"column":57}}],"line":104}},"s":{"0":0,"1":0,"2":0,"3":0,"4":0,"5":0,"6":0,"7":0,"8":0,"9":0,"10":0,"11":0,"12":0,"13":0,"14":0,"15":0,"16":0,"17":0,"18":0,"19":0,"20":0,"21":0,"22":0,"23":0,"24":0,"25":0,"26":0,"27":0,"28":0,"29":0,"30":0},"f":{"0":0,"1":0,"2":0,"3":0,"4":0,"5":0},"b":{"0":[0,0],"1":[0,0,0],"2":[0,0],"3":[0,0],"4":[0,0],"5":[0,0]}}
,"/workspace/src/data/achievementsList.ts": {"path":"/workspace/src/data/achievementsList.ts","statementMap":{"0":{"start":{"line":18,"column":47},"end":{"line":253,"column":1}},"1":{"start":{"line":255,"column":41},"end":{"line":257,"column":1}},"2":{"start":{"line":256,"column":2},"end":{"line":256,"column":83}},"3":{"start":{"line":256,"column":48},"end":{"line":256,"column":81}},"4":{"start":{"line":259,"column":34},"end":{"line":261,"column":1}},"5":{"start":{"line":260,"column":2},"end":{"line":260,"column":69}},"6":{"start":{"line":260,"column":46},"end":{"line":260,"column":67}},"7":{"start":{"line":263,"column":30},"end":{"line":271,"column":1}},"8":{"start":{"line":264,"column":2},"end":{"line":270,"column":3}},"9":{"start":{"line":265,"column":19},"end":{"line":265,"column":36}},"10":{"start":{"line":266,"column":17},"end":{"line":266,"column":34}},"11":{"start":{"line":267,"column":17},"end":{"line":267,"column":34}},"12":{"start":{"line":268,"column":22},"end":{"line":268,"column":39}},"13":{"start":{"line":269,"column":13},"end":{"line":269,"column":30}},"14":{"start":{"line":273,"column":30},"end":{"line":281,"column":1}},"15":{"start":{"line":274,"column":2},"end":{"line":280,"column":3}},"16":{"start":{"line":275,"column":19},"end":{"line":275,"column":36}},"17":{"start":{"line":276,"column":17},"end":{"line":276,"column":33}},"18":{"start":{"line":277,"column":17},"end":{"line":277,"column":36}},"19":{"start":{"line":278,"column":22},"end":{"line":278,"column":43}},"20":{"start":{"line":279,"column":13},"end":{"line":279,"column":30}}},"fnMap":{"0":{"name":"(anonymous_0)","decl":{"start":{"line":255,"column":41},"end":{"line":255,"column":42}},"loc":{"start":{"line":255,"column":76},"end":{"line":257,"column":1}},"line":255},"1":{"name":"(anonymous_1)","decl":{"start":{"line":256,"column":33},"end":{"line":256,"column":34}},"loc":{"start":{"line":256,"column":48},"end":{"line":256,"column":81}},"line":256},"2":{"name":"(anonymous_2)","decl":{"start":{"line":259,"column":34},"end":{"line":259,"column":35}},"loc":{"start":{"line":259,"column":50},"end":{"line":261,"column":1}},"line":259},"3":{"name":"(anonymous_3)","decl":{"start":{"line":260,"column":31},"end":{"line":260,"column":32}},"loc":{"start":{"line":260,"column":46},"end":{"line":260,"column":67}},"line":260},"4":{"name":"(anonymous_4)","decl":{"start":{"line":263,"column":30},"end":{"line":263,"column":31}},"loc":{"start":{"line":263,"column":50},"end":{"line":271,"column":1}},"line":263},"5":{"name":"(anonymous_5)","decl":{"start":{"line":273,"column":30},"end":{"line":273,"column":31}},"loc":{"start":{"line":273,"column":50},"end":{"line":281,"column":1}},"line":273}},"branchMap":{"0":{"loc":{"start":{"line":264,"column":2},"end":{"line":270,"column":3}},"type":"switch","locations":[{"start":{"line":265,"column":4},"end":{"line":265,"column":36}},{"start":{"line":266,"column":4},"end":{"line":266,"column":34}},{"start":{"line":267,"column":4},"end":{"line":267,"column":34}},{"start":{"line":268,"column":4},"end":{"line":268,"column":39}},{"start":{"line":269,"column":4},"end":{"line":269,"column":30}}],"line":264},"1":{"loc":{"start":{"line":274,"column":2},"end":{"line":280,"column":3}},"type":"switch","locations":[{"start":{"line":275,"column":4},"end":{"line":275,"column":36}},{"start":{"line":276,"column":4},"end":{"line":276,"column":33}},{"start":{"line":277,"column":4},"end":{"line":277,"column":36}},{"start":{"line":278,"column":4},"end":{"line":278,"column":43}},{"start":{"line":279,"column":4},"end":{"line":279,"column":30}}],"line":274}},"s":{"0":0,"1":0,"2":0,"3":0,"4":0,"5":0,"6":0,"7":0,"8":0,"9":0,"10":0,"11":0,"12":0,"13":0,"14":0,"15":0,"16":0,"17":0,"18":0,"19":0,"20":0},"f":{"0":0,"1":0,"2":0,"3":0,"4":0,"5":0},"b":{"0":[0,0,0,0,0],"1":[0,0,0,0,0]}}
,"/workspace/src/navigation/AppNavigator.tsx": {"path":"/workspace/src/navigation/AppNavigator.tsx","statementMap":{"0":{"start":{"line":38,"column":14},"end":{"line":38,"column":62}},"1":{"start":{"line":44,"column":50},"end":{"line":105,"column":1}},"2":{"start":{"line":45,"column":48},"end":{"line":45,"column":63}},"3":{"start":{"line":46,"column":36},"end":{"line":46,"column":50}},"4":{"start":{"line":48,"column":2},"end":{"line":50,"column":9}},"5":{"start":{"line":49,"column":4},"end":{"line":49,"column":22}},"6":{"start":{"line":52,"column":26},"end":{"line":67,"column":3}},"7":{"start":{"line":53,"column":4},"end":{"line":66,"column":5}},"8":{"start":{"line":54,"column":28},"end":{"line":54,"column":57}},"9":{"start":{"line":55,"column":6},"end":{"line":55,"column":40}},"10":{"start":{"line":58,"column":6},"end":{"line":61,"column":9}},"11":{"start":{"line":63,"column":6},"end":{"line":63,"column":70}},"12":{"start":{"line":65,"column":6},"end":{"line":65,"column":26}},"13":{"start":{"line":69,"column":30},"end":{"line":74,"column":3}},"14":{"start":{"line":70,"column":4},"end":{"line":72,"column":5}},"15":{"start":{"line":71,"column":6},"end":{"line":71,"column":22}},"16":{"start":{"line":73,"column":4},"end":{"line":73,"column":45}},"17":{"start":{"line":76,"column":2},"end":{"line":78,"column":3}},"18":{"start":{"line":77,"column":4},"end":{"line":77,"column":16}},"19":{"start":{"line":80,"column":2},"end":{"line":104,"column":4}}},"fnMap":{"0":{"name":"(anonymous_0)","decl":{"start":{"line":44,"column":50},"end":{"line":44,"column":51}},"loc":{"start":{"line":44,"column":73},"end":{"line":105,"column":1}},"line":44},"1":{"name":"(anonymous_1)","decl":{"start":{"line":48,"column":12},"end":{"line":48,"column":13}},"loc":{"start":{"line":48,"column":18},"end":{"line":50,"column":3}},"line":48},"2":{"name":"(anonymous_2)","decl":{"start":{"line":52,"column":26},"end":{"line":52,"column":27}},"loc":{"start":{"line":52,"column":38},"end":{"line":67,"column":3}},"line":52},"3":{"name":"(anonymous_3)","decl":{"start":{"line":69,"column":30},"end":{"line":69,"column":31}},"loc":{"start":{"line":69,"column":36},"end":{"line":74,"column":3}},"line":69}},"branchMap":{"0":{"loc":{"start":{"line":70,"column":4},"end":{"line":72,"column":5}},"type":"if","locations":[{"start":{"line":70,"column":4},"end":{"line":72,"column":5}},{"start":{},"end":{}}],"line":70},"1":{"loc":{"start":{"line":73,"column":11},"end":{"line":73,"column":44}},"type":"cond-expr","locations":[{"start":{"line":73,"column":29},"end":{"line":73,"column":35}},{"start":{"line":73,"column":38},"end":{"line":73,"column":44}}],"line":73},"2":{"loc":{"start":{"line":76,"column":2},"end":{"line":78,"column":3}},"type":"if","locations":[{"start":{"line":76,"column":2},"end":{"line":78,"column":3}},{"start":{},"end":{}}],"line":76}},"s":{"0":0,"1":0,"2":0,"3":0,"4":0,"5":0,"6":0,"7":0,"8":0,"9":0,"10":0,"11":0,"12":0,"13":0,"14":0,"15":0,"16":0,"17":0,"18":0,"19":0},"f":{"0":0,"1":0,"2":0,"3":0},"b":{"0":[0,0],"1":[0,0],"2":[0,0]}}
,"/workspace/src/navigation/BottomTabsNavigator.tsx": {"path":"/workspace/src/navigation/BottomTabsNavigator.tsx","statementMap":{"0":{"start":{"line":14,"column":12},"end":{"line":14,"column":38}},"1":{"start":{"line":16,"column":28},"end":{"line":98,"column":1}},"2":{"start":{"line":17,"column":2},"end":{"line":97,"column":4}},"3":{"start":{"line":19,"column":37},"end":{"line":71,"column":7}},"4":{"start":{"line":30,"column":10},"end":{"line":48,"column":11}},"5":{"start":{"line":32,"column":14},"end":{"line":32,"column":32}},"6":{"start":{"line":33,"column":14},"end":{"line":33,"column":20}},"7":{"start":{"line":35,"column":14},"end":{"line":35,"column":35}},"8":{"start":{"line":36,"column":14},"end":{"line":36,"column":20}},"9":{"start":{"line":38,"column":14},"end":{"line":38,"column":32}},"10":{"start":{"line":39,"column":14},"end":{"line":39,"column":20}},"11":{"start":{"line":41,"column":14},"end":{"line":41,"column":31}},"12":{"start":{"line":42,"column":14},"end":{"line":42,"column":20}},"13":{"start":{"line":44,"column":14},"end":{"line":44,"column":32}},"14":{"start":{"line":45,"column":14},"end":{"line":45,"column":20}},"15":{"start":{"line":47,"column":14},"end":{"line":47,"column":34}},"16":{"start":{"line":49,"column":10},"end":{"line":69,"column":12}},"17":{"start":{"line":100,"column":15},"end":{"line":125,"column":2}}},"fnMap":{"0":{"name":"(anonymous_0)","decl":{"start":{"line":16,"column":28},"end":{"line":16,"column":29}},"loc":{"start":{"line":16,"column":34},"end":{"line":98,"column":1}},"line":16},"1":{"name":"(anonymous_1)","decl":{"start":{"line":19,"column":21},"end":{"line":19,"column":22}},"loc":{"start":{"line":19,"column":37},"end":{"line":71,"column":7}},"line":19},"2":{"name":"(anonymous_2)","decl":{"start":{"line":28,"column":20},"end":{"line":28,"column":21}},"loc":{"start":{"line":28,"column":50},"end":{"line":70,"column":9}},"line":28}},"branchMap":{"0":{"loc":{"start":{"line":30,"column":10},"end":{"line":48,"column":11}},"type":"switch","locations":[{"start":{"line":31,"column":12},"end":{"line":33,"column":20}},{"start":{"line":34,"column":12},"end":{"line":36,"column":20}},{"start":{"line":37,"column":12},"end":{"line":39,"column":20}},{"start":{"line":40,"column":12},"end":{"line":42,"column":20}},{"start":{"line":43,"column":12},"end":{"line":45,"column":20}},{"start":{"line":46,"column":12},"end":{"line":47,"column":34}}],"line":30},"1":{"loc":{"start":{"line":54,"column":23},"end":{"line":54,"column":60}},"type":"cond-expr","locations":[{"start":{"line":54,"column":33},"end":{"line":54,"column":46}},{"start":{"line":54,"column":49},"end":{"line":54,"column":60}}],"line":54},"2":{"loc":{"start":{"line":57,"column":15},"end":{"line":67,"column":15}},"type":"binary-expr","locations":[{"start":{"line":57,"column":15},"end":{"line":57,"column":22}},{"start":{"line":58,"column":16},"end":{"line":66,"column":18}}],"line":57}},"s":{"0":0,"1":0,"2":0,"3":0,"4":0,"5":0,"6":0,"7":0,"8":0,"9":0,"10":0,"11":0,"12":0,"13":0,"14":0,"15":0,"16":0,"17":0},"f":{"0":0,"1":0,"2":0},"b":{"0":[0,0,0,0,0,0],"1":[0,0],"2":[0,0]}}
,"/workspace/src/screens/AddEditCourseScreen.tsx": {"path":"/workspace/src/screens/AddEditCourseScreen.tsx","statementMap":{"0":{"start":{"line":14,"column":14},"end":{"line":21,"column":1}},"1":{"start":{"line":23,"column":21},"end":{"line":28,"column":1}},"2":{"start":{"line":30,"column":28},"end":{"line":36,"column":1}},"3":{"start":{"line":38,"column":18},"end":{"line":297,"column":1}},"4":{"start":{"line":299,"column":13},"end":{"line":307,"column":1}},"5":{"start":{"line":309,"column":24},"end":{"line":313,"column":1}},"6":{"start":{"line":315,"column":24},"end":{"line":323,"column":1}},"7":{"start":{"line":326,"column":24},"end":{"line":394,"column":1}},"8":{"start":{"line":327,"column":29},"end":{"line":365,"column":3}},"9":{"start":{"line":328,"column":4},"end":{"line":328,"column":31}},"10":{"start":{"line":328,"column":21},"end":{"line":328,"column":31}},"11":{"start":{"line":330,"column":28},"end":{"line":330,"column":30}},"12":{"start":{"line":332,"column":4},"end":{"line":362,"column":5}},"13":{"start":{"line":334,"column":8},"end":{"line":341,"column":9}},"14":{"start":{"line":335,"column":10},"end":{"line":340,"column":13}},"15":{"start":{"line":342,"column":8},"end":{"line":349,"column":9}},"16":{"start":{"line":343,"column":10},"end":{"line":348,"column":13}},"17":{"start":{"line":350,"column":8},"end":{"line":350,"column":14}},"18":{"start":{"line":353,"column":8},"end":{"line":360,"column":9}},"19":{"start":{"line":354,"column":10},"end":{"line":359,"column":13}},"20":{"start":{"line":361,"column":8},"end":{"line":361,"column":14}},"21":{"start":{"line":364,"column":4},"end":{"line":364,"column":27}},"22":{"start":{"line":367,"column":26},"end":{"line":367,"column":46}},"23":{"start":{"line":368,"column":2},"end":{"line":368,"column":48}},"24":{"start":{"line":368,"column":36},"end":{"line":368,"column":48}},"25":{"start":{"line":370,"column":2},"end":{"line":393,"column":4}},"26":{"start":{"line":374,"column":8},"end":{"line":390,"column":15}},"27":{"start":{"line":397,"column":23},"end":{"line":455,"column":1}},"28":{"start":{"line":408,"column":2},"end":{"line":454,"column":9}},"29":{"start":{"line":421,"column":25},"end":{"line":421,"column":43}},"30":{"start":{"line":431,"column":23},"end":{"line":431,"column":45}},"31":{"start":{"line":438,"column":8},"end":{"line":451,"column":27}},"32":{"start":{"line":441,"column":25},"end":{"line":441,"column":55}},"33":{"start":{"line":457,"column":28},"end":{"line":1312,"column":1}},"34":{"start":{"line":458,"column":16},"end":{"line":458,"column":26}},"35":{"start":{"line":459,"column":24},"end":{"line":459,"column":53}},"36":{"start":{"line":461,"column":26},"end":{"line":461,"column":37}},"37":{"start":{"line":462,"column":38},"end":{"line":462,"column":90}},"38":{"start":{"line":463,"column":52},"end":{"line":463,"column":128}},"39":{"start":{"line":463,"column":115},"end":{"line":463,"column":120}},"40":{"start":{"line":464,"column":50},"end":{"line":464,"column":79}},"41":{"start":{"line":465,"column":40},"end":{"line":465,"column":52}},"42":{"start":{"line":466,"column":38},"end":{"line":466,"column":79}},"43":{"start":{"line":467,"column":40},"end":{"line":467,"column":100}},"44":{"start":{"line":468,"column":34},"end":{"line":468,"column":144}},"45":{"start":{"line":469,"column":32},"end":{"line":469,"column":191}},"46":{"start":{"line":470,"column":38},"end":{"line":470,"column":53}},"47":{"start":{"line":471,"column":30},"end":{"line":471,"column":128}},"48":{"start":{"line":472,"column":40},"end":{"line":472,"column":78}},"49":{"start":{"line":473,"column":21},"end":{"line":473,"column":83}},"50":{"start":{"line":474,"column":30},"end":{"line":474,"column":45}},"51":{"start":{"line":475,"column":56},"end":{"line":475,"column":99}},"52":{"start":{"line":476,"column":32},"end":{"line":476,"column":47}},"53":{"start":{"line":477,"column":50},"end":{"line":477,"column":79}},"54":{"start":{"line":478,"column":38},"end":{"line":478,"column":63}},"55":{"start":{"line":479,"column":44},"end":{"line":479,"column":59}},"56":{"start":{"line":480,"column":20},"end":{"line":480,"column":35}},"57":{"start":{"line":481,"column":62},"end":{"line":481,"column":101}},"58":{"start":{"line":482,"column":56},"end":{"line":482,"column":95}},"59":{"start":{"line":485,"column":2},"end":{"line":487,"column":103}},"60":{"start":{"line":486,"column":4},"end":{"line":486,"column":35}},"61":{"start":{"line":486,"column":18},"end":{"line":486,"column":35}},"62":{"start":{"line":490,"column":2},"end":{"line":498,"column":39}},"63":{"start":{"line":491,"column":25},"end":{"line":495,"column":5}},"64":{"start":{"line":492,"column":6},"end":{"line":492,"column":41}},"65":{"start":{"line":492,"column":34},"end":{"line":492,"column":41}},"66":{"start":{"line":493,"column":6},"end":{"line":493,"column":25}},"67":{"start":{"line":494,"column":6},"end":{"line":494,"column":29}},"68":{"start":{"line":496,"column":4},"end":{"line":496,"column":57}},"69":{"start":{"line":497,"column":4},"end":{"line":497,"column":73}},"70":{"start":{"line":497,"column":17},"end":{"line":497,"column":72}},"71":{"start":{"line":500,"column":19},"end":{"line":500,"column":72}},"72":{"start":{"line":500,"column":25},"end":{"line":500,"column":72}},"73":{"start":{"line":500,"column":38},"end":{"line":500,"column":71}},"74":{"start":{"line":501,"column":19},"end":{"line":501,"column":57}},"75":{"start":{"line":501,"column":25},"end":{"line":501,"column":57}},"76":{"start":{"line":501,"column":38},"end":{"line":501,"column":56}},"77":{"start":{"line":503,"column":28},"end":{"line":507,"column":4}},"78":{"start":{"line":504,"column":28},"end":{"line":504,"column":83}},"79":{"start":{"line":505,"column":26},"end":{"line":505,"column":102}},"80":{"start":{"line":506,"column":4},"end":{"line":506,"column":44}},"81":{"start":{"line":509,"column":27},"end":{"line":516,"column":3}},"82":{"start":{"line":510,"column":4},"end":{"line":515,"column":5}},"83":{"start":{"line":511,"column":14},"end":{"line":511,"column":34}},"84":{"start":{"line":512,"column":14},"end":{"line":512,"column":35}},"85":{"start":{"line":513,"column":14},"end":{"line":513,"column":34}},"86":{"start":{"line":514,"column":15},"end":{"line":514,"column":34}},"87":{"start":{"line":518,"column":26},"end":{"line":525,"column":3}},"88":{"start":{"line":519,"column":4},"end":{"line":524,"column":5}},"89":{"start":{"line":520,"column":14},"end":{"line":520,"column":34}},"90":{"start":{"line":521,"column":14},"end":{"line":521,"column":33}},"91":{"start":{"line":522,"column":14},"end":{"line":522,"column":33}},"92":{"start":{"line":523,"column":15},"end":{"line":523,"column":35}},"93":{"start":{"line":528,"column":2},"end":{"line":542,"column":13}},"94":{"start":{"line":529,"column":4},"end":{"line":541,"column":5}},"95":{"start":{"line":530,"column":23},"end":{"line":533,"column":8}},"96":{"start":{"line":531,"column":18},"end":{"line":531,"column":52}},"97":{"start":{"line":531,"column":38},"end":{"line":531,"column":51}},"98":{"start":{"line":532,"column":8},"end":{"line":532,"column":31}},"99":{"start":{"line":534,"column":24},"end":{"line":537,"column":8}},"100":{"start":{"line":535,"column":18},"end":{"line":535,"column":52}},"101":{"start":{"line":535,"column":38},"end":{"line":535,"column":51}},"102":{"start":{"line":536,"column":8},"end":{"line":536,"column":48}},"103":{"start":{"line":538,"column":6},"end":{"line":540,"column":7}},"104":{"start":{"line":539,"column":8},"end":{"line":539,"column":107}},"105":{"start":{"line":539,"column":45},"end":{"line":539,"column":103}},"106":{"start":{"line":545,"column":31},"end":{"line":545,"column":33}},"107":{"start":{"line":546,"column":20},"end":{"line":549,"column":6}},"108":{"start":{"line":547,"column":16},"end":{"line":547,"column":50}},"109":{"start":{"line":547,"column":36},"end":{"line":547,"column":49}},"110":{"start":{"line":548,"column":6},"end":{"line":548,"column":44}},"111":{"start":{"line":550,"column":21},"end":{"line":553,"column":6}},"112":{"start":{"line":551,"column":16},"end":{"line":551,"column":50}},"113":{"start":{"line":551,"column":36},"end":{"line":551,"column":49}},"114":{"start":{"line":552,"column":6},"end":{"line":552,"column":29}},"115":{"start":{"line":554,"column":24},"end":{"line":557,"column":6}},"116":{"start":{"line":555,"column":16},"end":{"line":555,"column":50}},"117":{"start":{"line":555,"column":36},"end":{"line":555,"column":49}},"118":{"start":{"line":556,"column":6},"end":{"line":556,"column":119}},"119":{"start":{"line":558,"column":25},"end":{"line":561,"column":6}},"120":{"start":{"line":559,"column":16},"end":{"line":559,"column":50}},"121":{"start":{"line":559,"column":36},"end":{"line":559,"column":49}},"122":{"start":{"line":560,"column":6},"end":{"line":560,"column":67}},"123":{"start":{"line":562,"column":4},"end":{"line":562,"column":52}},"124":{"start":{"line":562,"column":29},"end":{"line":562,"column":52}},"125":{"start":{"line":563,"column":4},"end":{"line":563,"column":47}},"126":{"start":{"line":563,"column":21},"end":{"line":563,"column":47}},"127":{"start":{"line":564,"column":4},"end":{"line":564,"column":27}},"128":{"start":{"line":565,"column":4},"end":{"line":565,"column":25}},"129":{"start":{"line":566,"column":4},"end":{"line":566,"column":38}},"130":{"start":{"line":566,"column":18},"end":{"line":566,"column":38}},"131":{"start":{"line":567,"column":4},"end":{"line":567,"column":49}},"132":{"start":{"line":567,"column":22},"end":{"line":567,"column":49}},"133":{"start":{"line":568,"column":4},"end":{"line":568,"column":28}},"134":{"start":{"line":569,"column":4},"end":{"line":569,"column":65}},"135":{"start":{"line":569,"column":39},"end":{"line":569,"column":63}},"136":{"start":{"line":572,"column":27},"end":{"line":582,"column":3}},"137":{"start":{"line":572,"column":44},"end":{"line":582,"column":3}},"138":{"start":{"line":573,"column":4},"end":{"line":573,"column":30}},"139":{"start":{"line":574,"column":4},"end":{"line":581,"column":5}},"140":{"start":{"line":575,"column":20},"end":{"line":575,"column":63}},"141":{"start":{"line":576,"column":22},"end":{"line":576,"column":67}},"142":{"start":{"line":577,"column":6},"end":{"line":580,"column":10}},"143":{"start":{"line":577,"column":24},"end":{"line":580,"column":7}},"144":{"start":{"line":585,"column":4},"end":{"line":585,"column":78}},"145":{"start":{"line":585,"column":71},"end":{"line":585,"column":78}},"146":{"start":{"line":586,"column":4},"end":{"line":586,"column":20}},"147":{"start":{"line":587,"column":4},"end":{"line":637,"column":5}},"148":{"start":{"line":588,"column":23},"end":{"line":588,"column":38}},"149":{"start":{"line":589,"column":22},"end":{"line":589,"column":36}},"150":{"start":{"line":590,"column":6},"end":{"line":590,"column":72}},"151":{"start":{"line":590,"column":20},"end":{"line":590,"column":72}},"152":{"start":{"line":591,"column":24},"end":{"line":591,"column":34}},"153":{"start":{"line":592,"column":22},"end":{"line":592,"column":41}},"154":{"start":{"line":593,"column":6},"end":{"line":593,"column":69}},"155":{"start":{"line":594,"column":30},"end":{"line":603,"column":24}},"156":{"start":{"line":595,"column":21},"end":{"line":595,"column":55}},"157":{"start":{"line":595,"column":41},"end":{"line":595,"column":54}},"158":{"start":{"line":596,"column":8},"end":{"line":596,"column":31}},"159":{"start":{"line":596,"column":19},"end":{"line":596,"column":31}},"160":{"start":{"line":597,"column":28},"end":{"line":597,"column":58}},"161":{"start":{"line":598,"column":8},"end":{"line":602,"column":10}},"162":{"start":{"line":604,"column":21},"end":{"line":617,"column":7}},"163":{"start":{"line":606,"column":37},"end":{"line":606,"column":57}},"164":{"start":{"line":618,"column":24},"end":{"line":618,"column":47}},"165":{"start":{"line":619,"column":6},"end":{"line":619,"column":29}},"166":{"start":{"line":619,"column":17},"end":{"line":619,"column":29}},"167":{"start":{"line":621,"column":30},"end":{"line":621,"column":76}},"168":{"start":{"line":622,"column":6},"end":{"line":631,"column":7}},"169":{"start":{"line":623,"column":8},"end":{"line":630,"column":10}},"170":{"start":{"line":624,"column":10},"end":{"line":629,"column":12}},"171":{"start":{"line":632,"column":6},"end":{"line":632,"column":64}},"172":{"start":{"line":634,"column":6},"end":{"line":634,"column":64}},"173":{"start":{"line":636,"column":6},"end":{"line":636,"column":23}},"174":{"start":{"line":640,"column":2},"end":{"line":1311,"column":4}},"175":{"start":{"line":644,"column":41},"end":{"line":644,"column":68}},"176":{"start":{"line":662,"column":10},"end":{"line":676,"column":29}},"177":{"start":{"line":665,"column":27},"end":{"line":665,"column":39}},"178":{"start":{"line":687,"column":16},"end":{"line":704,"column":35}},"179":{"start":{"line":693,"column":33},"end":{"line":693,"column":56}},"180":{"start":{"line":712,"column":18},"end":{"line":726,"column":37}},"181":{"start":{"line":714,"column":35},"end":{"line":714,"column":60}},"182":{"start":{"line":748,"column":49},"end":{"line":748,"column":67}},"183":{"start":{"line":758,"column":31},"end":{"line":758,"column":56}},"184":{"start":{"line":765,"column":16},"end":{"line":785,"column":35}},"185":{"start":{"line":771,"column":33},"end":{"line":771,"column":99}},"186":{"start":{"line":796,"column":35},"end":{"line":796,"column":69}},"187":{"start":{"line":796,"column":55},"end":{"line":796,"column":68}},"188":{"start":{"line":797,"column":43},"end":{"line":797,"column":98}},"189":{"start":{"line":797,"column":73},"end":{"line":797,"column":97}},"190":{"start":{"line":798,"column":22},"end":{"line":808,"column":31}},"191":{"start":{"line":802,"column":43},"end":{"line":802,"column":105}},"192":{"start":{"line":802,"column":94},"end":{"line":802,"column":103}},"193":{"start":{"line":818,"column":35},"end":{"line":818,"column":71}},"194":{"start":{"line":819,"column":37},"end":{"line":819,"column":91}},"195":{"start":{"line":819,"column":67},"end":{"line":819,"column":90}},"196":{"start":{"line":821,"column":16},"end":{"line":873,"column":18}},"197":{"start":{"line":829,"column":22},"end":{"line":831,"column":60}},"198":{"start":{"line":830,"column":56},"end":{"line":830,"column":70}},"199":{"start":{"line":903,"column":29},"end":{"line":903,"column":63}},"200":{"start":{"line":903,"column":49},"end":{"line":903,"column":62}},"201":{"start":{"line":904,"column":16},"end":{"line":904,"column":39}},"202":{"start":{"line":904,"column":27},"end":{"line":904,"column":39}},"203":{"start":{"line":905,"column":31},"end":{"line":905,"column":53}},"204":{"start":{"line":906,"column":37},"end":{"line":906,"column":91}},"205":{"start":{"line":906,"column":67},"end":{"line":906,"column":90}},"206":{"start":{"line":907,"column":36},"end":{"line":907,"column":66}},"207":{"start":{"line":908,"column":33},"end":{"line":908,"column":61}},"208":{"start":{"line":910,"column":16},"end":{"line":984,"column":18}},"209":{"start":{"line":926,"column":45},"end":{"line":926,"column":91}},"210":{"start":{"line":956,"column":51},"end":{"line":956,"column":119}},"211":{"start":{"line":972,"column":51},"end":{"line":972,"column":113}},"212":{"start":{"line":994,"column":27},"end":{"line":994,"column":61}},"213":{"start":{"line":994,"column":47},"end":{"line":994,"column":60}},"214":{"start":{"line":995,"column":14},"end":{"line":995,"column":37}},"215":{"start":{"line":995,"column":25},"end":{"line":995,"column":37}},"216":{"start":{"line":996,"column":28},"end":{"line":996,"column":83}},"217":{"start":{"line":997,"column":27},"end":{"line":997,"column":70}},"218":{"start":{"line":998,"column":34},"end":{"line":998,"column":117}},"219":{"start":{"line":999,"column":31},"end":{"line":1006,"column":17}},"220":{"start":{"line":999,"column":61},"end":{"line":1006,"column":17}},"221":{"start":{"line":999,"column":79},"end":{"line":1006,"column":15}},"222":{"start":{"line":1007,"column":35},"end":{"line":1007,"column":89}},"223":{"start":{"line":1007,"column":65},"end":{"line":1007,"column":88}},"224":{"start":{"line":1008,"column":14},"end":{"line":1098,"column":16}},"225":{"start":{"line":1017,"column":22},"end":{"line":1037,"column":41}},"226":{"start":{"line":1024,"column":26},"end":{"line":1028,"column":29}},"227":{"start":{"line":1026,"column":49},"end":{"line":1026,"column":62}},"228":{"start":{"line":1046,"column":26},"end":{"line":1046,"column":60}},"229":{"start":{"line":1046,"column":53},"end":{"line":1046,"column":60}},"230":{"start":{"line":1047,"column":26},"end":{"line":1047,"column":63}},"231":{"start":{"line":1048,"column":26},"end":{"line":1048,"column":51}},"232":{"start":{"line":1059,"column":47},"end":{"line":1059,"column":68}},"233":{"start":{"line":1071,"column":45},"end":{"line":1071,"column":72}},"234":{"start":{"line":1072,"column":42},"end":{"line":1072,"column":67}},"235":{"start":{"line":1082,"column":41},"end":{"line":1082,"column":104}},"236":{"start":{"line":1089,"column":41},"end":{"line":1089,"column":104}},"237":{"start":{"line":1108,"column":14},"end":{"line":1143,"column":21}},"238":{"start":{"line":1111,"column":51},"end":{"line":1111,"column":98}},"239":{"start":{"line":1111,"column":87},"end":{"line":1111,"column":96}},"240":{"start":{"line":1124,"column":43},"end":{"line":1124,"column":113}},"241":{"start":{"line":1124,"column":76},"end":{"line":1124,"column":111}},"242":{"start":{"line":1137,"column":43},"end":{"line":1137,"column":117}},"243":{"start":{"line":1137,"column":76},"end":{"line":1137,"column":115}},"244":{"start":{"line":1153,"column":39},"end":{"line":1153,"column":75}},"245":{"start":{"line":1164,"column":43},"end":{"line":1164,"column":78}},"246":{"start":{"line":1177,"column":43},"end":{"line":1177,"column":82}},"247":{"start":{"line":1184,"column":51},"end":{"line":1184,"column":71}},"248":{"start":{"line":1189,"column":22},"end":{"line":1201,"column":23}},"249":{"start":{"line":1190,"column":24},"end":{"line":1198,"column":28}},"250":{"start":{"line":1199,"column":24},"end":{"line":1199,"column":73}},"251":{"start":{"line":1200,"column":24},"end":{"line":1200,"column":45}},"252":{"start":{"line":1210,"column":72},"end":{"line":1210,"column":91}},"253":{"start":{"line":1225,"column":16},"end":{"line":1228,"column":23}},"254":{"start":{"line":1232,"column":79},"end":{"line":1232,"column":107}},"255":{"start":{"line":1259,"column":12},"end":{"line":1267,"column":13}},"256":{"start":{"line":1260,"column":14},"end":{"line":1264,"column":15}},"257":{"start":{"line":1261,"column":16},"end":{"line":1261,"column":39}},"258":{"start":{"line":1263,"column":16},"end":{"line":1263,"column":44}},"259":{"start":{"line":1266,"column":14},"end":{"line":1266,"column":25}},"260":{"start":{"line":1290,"column":30},"end":{"line":1290,"column":53}},"261":{"start":{"line":1297,"column":47},"end":{"line":1297,"column":70}},"262":{"start":{"line":1301,"column":16},"end":{"line":1301,"column":40}},"263":{"start":{"line":1302,"column":16},"end":{"line":1302,"column":74}},"264":{"start":{"line":1314,"column":15},"end":{"line":2104,"column":2}}},"fnMap":{"0":{"name":"(anonymous_0)","decl":{"start":{"line":326,"column":24},"end":{"line":326,"column":25}},"loc":{"start":{"line":326,"column":123},"end":{"line":394,"column":1}},"line":326},"1":{"name":"(anonymous_1)","decl":{"start":{"line":327,"column":29},"end":{"line":327,"column":30}},"loc":{"start":{"line":327,"column":35},"end":{"line":365,"column":3}},"line":327},"2":{"name":"(anonymous_2)","decl":{"start":{"line":373,"column":27},"end":{"line":373,"column":28}},"loc":{"start":{"line":374,"column":8},"end":{"line":390,"column":15}},"line":374},"3":{"name":"(anonymous_3)","decl":{"start":{"line":397,"column":23},"end":{"line":397,"column":24}},"loc":{"start":{"line":408,"column":2},"end":{"line":454,"column":9}},"line":408},"4":{"name":"(anonymous_4)","decl":{"start":{"line":421,"column":19},"end":{"line":421,"column":20}},"loc":{"start":{"line":421,"column":25},"end":{"line":421,"column":43}},"line":421},"5":{"name":"(anonymous_5)","decl":{"start":{"line":431,"column":17},"end":{"line":431,"column":18}},"loc":{"start":{"line":431,"column":23},"end":{"line":431,"column":45}},"line":431},"6":{"name":"(anonymous_6)","decl":{"start":{"line":437,"column":31},"end":{"line":437,"column":32}},"loc":{"start":{"line":438,"column":8},"end":{"line":451,"column":27}},"line":438},"7":{"name":"(anonymous_7)","decl":{"start":{"line":441,"column":19},"end":{"line":441,"column":20}},"loc":{"start":{"line":441,"column":25},"end":{"line":441,"column":55}},"line":441},"8":{"name":"(anonymous_8)","decl":{"start":{"line":457,"column":28},"end":{"line":457,"column":29}},"loc":{"start":{"line":457,"column":34},"end":{"line":1312,"column":1}},"line":457},"9":{"name":"(anonymous_9)","decl":{"start":{"line":463,"column":103},"end":{"line":463,"column":104}},"loc":{"start":{"line":463,"column":115},"end":{"line":463,"column":120}},"line":463},"10":{"name":"(anonymous_10)","decl":{"start":{"line":485,"column":18},"end":{"line":485,"column":19}},"loc":{"start":{"line":485,"column":24},"end":{"line":487,"column":3}},"line":485},"11":{"name":"(anonymous_11)","decl":{"start":{"line":490,"column":18},"end":{"line":490,"column":19}},"loc":{"start":{"line":490,"column":24},"end":{"line":498,"column":3}},"line":490},"12":{"name":"(anonymous_12)","decl":{"start":{"line":491,"column":25},"end":{"line":491,"column":26}},"loc":{"start":{"line":491,"column":37},"end":{"line":495,"column":5}},"line":491},"13":{"name":"(anonymous_13)","decl":{"start":{"line":497,"column":11},"end":{"line":497,"column":12}},"loc":{"start":{"line":497,"column":17},"end":{"line":497,"column":72}},"line":497},"14":{"name":"(anonymous_14)","decl":{"start":{"line":500,"column":19},"end":{"line":500,"column":20}},"loc":{"start":{"line":500,"column":25},"end":{"line":500,"column":72}},"line":500},"15":{"name":"(anonymous_15)","decl":{"start":{"line":500,"column":33},"end":{"line":500,"column":34}},"loc":{"start":{"line":500,"column":38},"end":{"line":500,"column":71}},"line":500},"16":{"name":"(anonymous_16)","decl":{"start":{"line":501,"column":19},"end":{"line":501,"column":20}},"loc":{"start":{"line":501,"column":25},"end":{"line":501,"column":57}},"line":501},"17":{"name":"(anonymous_17)","decl":{"start":{"line":501,"column":33},"end":{"line":501,"column":34}},"loc":{"start":{"line":501,"column":38},"end":{"line":501,"column":56}},"line":501},"18":{"name":"(anonymous_18)","decl":{"start":{"line":503,"column":45},"end":{"line":503,"column":46}},"loc":{"start":{"line":503,"column":53},"end":{"line":507,"column":3}},"line":503},"19":{"name":"(anonymous_19)","decl":{"start":{"line":509,"column":27},"end":{"line":509,"column":28}},"loc":{"start":{"line":509,"column":44},"end":{"line":516,"column":3}},"line":509},"20":{"name":"(anonymous_20)","decl":{"start":{"line":518,"column":26},"end":{"line":518,"column":27}},"loc":{"start":{"line":518,"column":43},"end":{"line":525,"column":3}},"line":518},"21":{"name":"(anonymous_21)","decl":{"start":{"line":528,"column":12},"end":{"line":528,"column":13}},"loc":{"start":{"line":528,"column":18},"end":{"line":542,"column":3}},"line":528},"22":{"name":"(anonymous_22)","decl":{"start":{"line":530,"column":46},"end":{"line":530,"column":47}},"loc":{"start":{"line":530,"column":53},"end":{"line":533,"column":7}},"line":530},"23":{"name":"(anonymous_23)","decl":{"start":{"line":531,"column":33},"end":{"line":531,"column":34}},"loc":{"start":{"line":531,"column":38},"end":{"line":531,"column":51}},"line":531},"24":{"name":"(anonymous_24)","decl":{"start":{"line":534,"column":47},"end":{"line":534,"column":48}},"loc":{"start":{"line":534,"column":54},"end":{"line":537,"column":7}},"line":534},"25":{"name":"(anonymous_25)","decl":{"start":{"line":535,"column":33},"end":{"line":535,"column":34}},"loc":{"start":{"line":535,"column":38},"end":{"line":535,"column":51}},"line":535},"26":{"name":"(anonymous_26)","decl":{"start":{"line":539,"column":39},"end":{"line":539,"column":40}},"loc":{"start":{"line":539,"column":45},"end":{"line":539,"column":103}},"line":539},"27":{"name":"getWarningsForCourse","decl":{"start":{"line":544,"column":11},"end":{"line":544,"column":31}},"loc":{"start":{"line":544,"column":34},"end":{"line":570,"column":3}},"line":544},"28":{"name":"(anonymous_28)","decl":{"start":{"line":546,"column":43},"end":{"line":546,"column":44}},"loc":{"start":{"line":546,"column":50},"end":{"line":549,"column":5}},"line":546},"29":{"name":"(anonymous_29)","decl":{"start":{"line":547,"column":31},"end":{"line":547,"column":32}},"loc":{"start":{"line":547,"column":36},"end":{"line":547,"column":49}},"line":547},"30":{"name":"(anonymous_30)","decl":{"start":{"line":550,"column":44},"end":{"line":550,"column":45}},"loc":{"start":{"line":550,"column":51},"end":{"line":553,"column":5}},"line":550},"31":{"name":"(anonymous_31)","decl":{"start":{"line":551,"column":31},"end":{"line":551,"column":32}},"loc":{"start":{"line":551,"column":36},"end":{"line":551,"column":49}},"line":551},"32":{"name":"(anonymous_32)","decl":{"start":{"line":554,"column":47},"end":{"line":554,"column":48}},"loc":{"start":{"line":554,"column":54},"end":{"line":557,"column":5}},"line":554},"33":{"name":"(anonymous_33)","decl":{"start":{"line":555,"column":31},"end":{"line":555,"column":32}},"loc":{"start":{"line":555,"column":36},"end":{"line":555,"column":49}},"line":555},"34":{"name":"(anonymous_34)","decl":{"start":{"line":558,"column":48},"end":{"line":558,"column":49}},"loc":{"start":{"line":558,"column":55},"end":{"line":561,"column":5}},"line":558},"35":{"name":"(anonymous_35)","decl":{"start":{"line":559,"column":31},"end":{"line":559,"column":32}},"loc":{"start":{"line":559,"column":36},"end":{"line":559,"column":49}},"line":559},"36":{"name":"(anonymous_36)","decl":{"start":{"line":569,"column":34},"end":{"line":569,"column":35}},"loc":{"start":{"line":569,"column":39},"end":{"line":569,"column":63}},"line":569},"37":{"name":"(anonymous_37)","decl":{"start":{"line":572,"column":27},"end":{"line":572,"column":28}},"loc":{"start":{"line":572,"column":44},"end":{"line":582,"column":3}},"line":572},"38":{"name":"(anonymous_38)","decl":{"start":{"line":572,"column":44},"end":{"line":572,"column":45}},"loc":{"start":{"line":572,"column":60},"end":{"line":582,"column":3}},"line":572},"39":{"name":"(anonymous_39)","decl":{"start":{"line":577,"column":18},"end":{"line":577,"column":19}},"loc":{"start":{"line":577,"column":24},"end":{"line":580,"column":7}},"line":577},"40":{"name":"handleSaveCourse","decl":{"start":{"line":584,"column":17},"end":{"line":584,"column":33}},"loc":{"start":{"line":584,"column":36},"end":{"line":638,"column":3}},"line":584},"41":{"name":"(anonymous_41)","decl":{"start":{"line":594,"column":52},"end":{"line":594,"column":53}},"loc":{"start":{"line":594,"column":59},"end":{"line":603,"column":7}},"line":594},"42":{"name":"(anonymous_42)","decl":{"start":{"line":595,"column":36},"end":{"line":595,"column":37}},"loc":{"start":{"line":595,"column":41},"end":{"line":595,"column":54}},"line":595},"43":{"name":"(anonymous_43)","decl":{"start":{"line":606,"column":32},"end":{"line":606,"column":33}},"loc":{"start":{"line":606,"column":37},"end":{"line":606,"column":57}},"line":606},"44":{"name":"(anonymous_44)","decl":{"start":{"line":623,"column":32},"end":{"line":623,"column":33}},"loc":{"start":{"line":624,"column":10},"end":{"line":629,"column":12}},"line":624},"45":{"name":"(anonymous_45)","decl":{"start":{"line":644,"column":35},"end":{"line":644,"column":36}},"loc":{"start":{"line":644,"column":41},"end":{"line":644,"column":68}},"line":644},"46":{"name":"(anonymous_46)","decl":{"start":{"line":661,"column":19},"end":{"line":661,"column":20}},"loc":{"start":{"line":662,"column":10},"end":{"line":676,"column":29}},"line":662},"47":{"name":"(anonymous_47)","decl":{"start":{"line":665,"column":21},"end":{"line":665,"column":22}},"loc":{"start":{"line":665,"column":27},"end":{"line":665,"column":39}},"line":665},"48":{"name":"(anonymous_48)","decl":{"start":{"line":686,"column":32},"end":{"line":686,"column":33}},"loc":{"start":{"line":687,"column":16},"end":{"line":704,"column":35}},"line":687},"49":{"name":"(anonymous_49)","decl":{"start":{"line":693,"column":27},"end":{"line":693,"column":28}},"loc":{"start":{"line":693,"column":33},"end":{"line":693,"column":56}},"line":693},"50":{"name":"(anonymous_50)","decl":{"start":{"line":711,"column":35},"end":{"line":711,"column":36}},"loc":{"start":{"line":712,"column":18},"end":{"line":726,"column":37}},"line":712},"51":{"name":"(anonymous_51)","decl":{"start":{"line":714,"column":29},"end":{"line":714,"column":30}},"loc":{"start":{"line":714,"column":35},"end":{"line":714,"column":60}},"line":714},"52":{"name":"(anonymous_52)","decl":{"start":{"line":748,"column":43},"end":{"line":748,"column":44}},"loc":{"start":{"line":748,"column":49},"end":{"line":748,"column":67}},"line":748},"53":{"name":"(anonymous_53)","decl":{"start":{"line":758,"column":25},"end":{"line":758,"column":26}},"loc":{"start":{"line":758,"column":31},"end":{"line":758,"column":56}},"line":758},"54":{"name":"(anonymous_54)","decl":{"start":{"line":764,"column":39},"end":{"line":764,"column":40}},"loc":{"start":{"line":765,"column":16},"end":{"line":785,"column":35}},"line":765},"55":{"name":"(anonymous_55)","decl":{"start":{"line":771,"column":27},"end":{"line":771,"column":28}},"loc":{"start":{"line":771,"column":33},"end":{"line":771,"column":99}},"line":771},"56":{"name":"(anonymous_56)","decl":{"start":{"line":795,"column":43},"end":{"line":795,"column":44}},"loc":{"start":{"line":795,"column":50},"end":{"line":809,"column":21}},"line":795},"57":{"name":"(anonymous_57)","decl":{"start":{"line":796,"column":50},"end":{"line":796,"column":51}},"loc":{"start":{"line":796,"column":55},"end":{"line":796,"column":68}},"line":796},"58":{"name":"(anonymous_58)","decl":{"start":{"line":797,"column":68},"end":{"line":797,"column":69}},"loc":{"start":{"line":797,"column":73},"end":{"line":797,"column":97}},"line":797},"59":{"name":"(anonymous_59)","decl":{"start":{"line":802,"column":37},"end":{"line":802,"column":38}},"loc":{"start":{"line":802,"column":43},"end":{"line":802,"column":105}},"line":802},"60":{"name":"(anonymous_60)","decl":{"start":{"line":802,"column":89},"end":{"line":802,"column":90}},"loc":{"start":{"line":802,"column":94},"end":{"line":802,"column":103}},"line":802},"61":{"name":"(anonymous_61)","decl":{"start":{"line":817,"column":37},"end":{"line":817,"column":38}},"loc":{"start":{"line":817,"column":45},"end":{"line":874,"column":15}},"line":817},"62":{"name":"(anonymous_62)","decl":{"start":{"line":819,"column":62},"end":{"line":819,"column":63}},"loc":{"start":{"line":819,"column":67},"end":{"line":819,"column":90}},"line":819},"63":{"name":"(anonymous_63)","decl":{"start":{"line":828,"column":29},"end":{"line":828,"column":30}},"loc":{"start":{"line":828,"column":35},"end":{"line":832,"column":21}},"line":828},"64":{"name":"(anonymous_64)","decl":{"start":{"line":830,"column":51},"end":{"line":830,"column":52}},"loc":{"start":{"line":830,"column":56},"end":{"line":830,"column":70}},"line":830},"65":{"name":"(anonymous_65)","decl":{"start":{"line":902,"column":37},"end":{"line":902,"column":38}},"loc":{"start":{"line":902,"column":44},"end":{"line":985,"column":15}},"line":902},"66":{"name":"(anonymous_66)","decl":{"start":{"line":903,"column":44},"end":{"line":903,"column":45}},"loc":{"start":{"line":903,"column":49},"end":{"line":903,"column":62}},"line":903},"67":{"name":"(anonymous_67)","decl":{"start":{"line":906,"column":62},"end":{"line":906,"column":63}},"loc":{"start":{"line":906,"column":67},"end":{"line":906,"column":90}},"line":906},"68":{"name":"(anonymous_68)","decl":{"start":{"line":926,"column":38},"end":{"line":926,"column":39}},"loc":{"start":{"line":926,"column":45},"end":{"line":926,"column":91}},"line":926},"69":{"name":"(anonymous_69)","decl":{"start":{"line":956,"column":44},"end":{"line":956,"column":45}},"loc":{"start":{"line":956,"column":51},"end":{"line":956,"column":119}},"line":956},"70":{"name":"(anonymous_70)","decl":{"start":{"line":972,"column":44},"end":{"line":972,"column":45}},"loc":{"start":{"line":972,"column":51},"end":{"line":972,"column":113}},"line":972},"71":{"name":"(anonymous_71)","decl":{"start":{"line":993,"column":35},"end":{"line":993,"column":36}},"loc":{"start":{"line":993,"column":42},"end":{"line":1099,"column":13}},"line":993},"72":{"name":"(anonymous_72)","decl":{"start":{"line":994,"column":42},"end":{"line":994,"column":43}},"loc":{"start":{"line":994,"column":47},"end":{"line":994,"column":60}},"line":994},"73":{"name":"(anonymous_73)","decl":{"start":{"line":999,"column":31},"end":{"line":999,"column":32}},"loc":{"start":{"line":999,"column":61},"end":{"line":1006,"column":17}},"line":999},"74":{"name":"(anonymous_74)","decl":{"start":{"line":999,"column":73},"end":{"line":999,"column":74}},"loc":{"start":{"line":999,"column":79},"end":{"line":1006,"column":15}},"line":999},"75":{"name":"(anonymous_75)","decl":{"start":{"line":1007,"column":60},"end":{"line":1007,"column":61}},"loc":{"start":{"line":1007,"column":65},"end":{"line":1007,"column":88}},"line":1007},"76":{"name":"(anonymous_76)","decl":{"start":{"line":1016,"column":30},"end":{"line":1016,"column":31}},"loc":{"start":{"line":1017,"column":22},"end":{"line":1037,"column":41}},"line":1017},"77":{"name":"(anonymous_77)","decl":{"start":{"line":1023,"column":33},"end":{"line":1023,"column":34}},"loc":{"start":{"line":1023,"column":39},"end":{"line":1029,"column":25}},"line":1023},"78":{"name":"(anonymous_78)","decl":{"start":{"line":1026,"column":44},"end":{"line":1026,"column":45}},"loc":{"start":{"line":1026,"column":49},"end":{"line":1026,"column":62}},"line":1026},"79":{"name":"(anonymous_79)","decl":{"start":{"line":1045,"column":33},"end":{"line":1045,"column":34}},"loc":{"start":{"line":1045,"column":39},"end":{"line":1049,"column":25}},"line":1045},"80":{"name":"(anonymous_80)","decl":{"start":{"line":1059,"column":42},"end":{"line":1059,"column":43}},"loc":{"start":{"line":1059,"column":47},"end":{"line":1059,"column":68}},"line":1059},"81":{"name":"(anonymous_81)","decl":{"start":{"line":1071,"column":37},"end":{"line":1071,"column":38}},"loc":{"start":{"line":1071,"column":45},"end":{"line":1071,"column":72}},"line":1071},"82":{"name":"(anonymous_82)","decl":{"start":{"line":1072,"column":36},"end":{"line":1072,"column":37}},"loc":{"start":{"line":1072,"column":42},"end":{"line":1072,"column":67}},"line":1072},"83":{"name":"(anonymous_83)","decl":{"start":{"line":1082,"column":35},"end":{"line":1082,"column":36}},"loc":{"start":{"line":1082,"column":41},"end":{"line":1082,"column":104}},"line":1082},"84":{"name":"(anonymous_84)","decl":{"start":{"line":1089,"column":35},"end":{"line":1089,"column":36}},"loc":{"start":{"line":1089,"column":41},"end":{"line":1089,"column":104}},"line":1089},"85":{"name":"(anonymous_85)","decl":{"start":{"line":1107,"column":25},"end":{"line":1107,"column":26}},"loc":{"start":{"line":1108,"column":14},"end":{"line":1143,"column":21}},"line":1108},"86":{"name":"(anonymous_86)","decl":{"start":{"line":1111,"column":45},"end":{"line":1111,"column":46}},"loc":{"start":{"line":1111,"column":51},"end":{"line":1111,"column":98}},"line":1111},"87":{"name":"(anonymous_87)","decl":{"start":{"line":1111,"column":77},"end":{"line":1111,"column":78}},"loc":{"start":{"line":1111,"column":87},"end":{"line":1111,"column":96}},"line":1111},"88":{"name":"(anonymous_88)","decl":{"start":{"line":1124,"column":36},"end":{"line":1124,"column":37}},"loc":{"start":{"line":1124,"column":43},"end":{"line":1124,"column":113}},"line":1124},"89":{"name":"(anonymous_89)","decl":{"start":{"line":1124,"column":66},"end":{"line":1124,"column":67}},"loc":{"start":{"line":1124,"column":76},"end":{"line":1124,"column":111}},"line":1124},"90":{"name":"(anonymous_90)","decl":{"start":{"line":1137,"column":36},"end":{"line":1137,"column":37}},"loc":{"start":{"line":1137,"column":43},"end":{"line":1137,"column":117}},"line":1137},"91":{"name":"(anonymous_91)","decl":{"start":{"line":1137,"column":66},"end":{"line":1137,"column":67}},"loc":{"start":{"line":1137,"column":76},"end":{"line":1137,"column":115}},"line":1137},"92":{"name":"(anonymous_92)","decl":{"start":{"line":1153,"column":32},"end":{"line":1153,"column":33}},"loc":{"start":{"line":1153,"column":39},"end":{"line":1153,"column":75}},"line":1153},"93":{"name":"(anonymous_93)","decl":{"start":{"line":1164,"column":36},"end":{"line":1164,"column":37}},"loc":{"start":{"line":1164,"column":43},"end":{"line":1164,"column":78}},"line":1164},"94":{"name":"(anonymous_94)","decl":{"start":{"line":1177,"column":36},"end":{"line":1177,"column":37}},"loc":{"start":{"line":1177,"column":43},"end":{"line":1177,"column":82}},"line":1177},"95":{"name":"(anonymous_95)","decl":{"start":{"line":1184,"column":45},"end":{"line":1184,"column":46}},"loc":{"start":{"line":1184,"column":51},"end":{"line":1184,"column":71}},"line":1184},"96":{"name":"(anonymous_96)","decl":{"start":{"line":1188,"column":29},"end":{"line":1188,"column":30}},"loc":{"start":{"line":1188,"column":35},"end":{"line":1202,"column":21}},"line":1188},"97":{"name":"(anonymous_97)","decl":{"start":{"line":1210,"column":66},"end":{"line":1210,"column":67}},"loc":{"start":{"line":1210,"column":72},"end":{"line":1210,"column":91}},"line":1210},"98":{"name":"(anonymous_98)","decl":{"start":{"line":1224,"column":42},"end":{"line":1224,"column":43}},"loc":{"start":{"line":1225,"column":16},"end":{"line":1228,"column":23}},"line":1225},"99":{"name":"(anonymous_99)","decl":{"start":{"line":1232,"column":73},"end":{"line":1232,"column":74}},"loc":{"start":{"line":1232,"column":79},"end":{"line":1232,"column":107}},"line":1232},"100":{"name":"(anonymous_100)","decl":{"start":{"line":1258,"column":19},"end":{"line":1258,"column":20}},"loc":{"start":{"line":1258,"column":25},"end":{"line":1268,"column":11}},"line":1258},"101":{"name":"(anonymous_101)","decl":{"start":{"line":1290,"column":24},"end":{"line":1290,"column":25}},"loc":{"start":{"line":1290,"column":30},"end":{"line":1290,"column":53}},"line":1290},"102":{"name":"(anonymous_102)","decl":{"start":{"line":1297,"column":41},"end":{"line":1297,"column":42}},"loc":{"start":{"line":1297,"column":47},"end":{"line":1297,"column":70}},"line":1297},"103":{"name":"(anonymous_103)","decl":{"start":{"line":1300,"column":41},"end":{"line":1300,"column":42}},"loc":{"start":{"line":1300,"column":47},"end":{"line":1303,"column":15}},"line":1300}},"branchMap":{"0":{"loc":{"start":{"line":328,"column":4},"end":{"line":328,"column":31}},"type":"if","locations":[{"start":{"line":328,"column":4},"end":{"line":328,"column":31}},{"start":{},"end":{}}],"line":328},"1":{"loc":{"start":{"line":332,"column":4},"end":{"line":362,"column":5}},"type":"switch","locations":[{"start":{"line":333,"column":6},"end":{"line":350,"column":14}},{"start":{"line":352,"column":6},"end":{"line":361,"column":14}}],"line":332},"2":{"loc":{"start":{"line":334,"column":8},"end":{"line":341,"column":9}},"type":"if","locations":[{"start":{"line":334,"column":8},"end":{"line":341,"column":9}},{"start":{},"end":{}}],"line":334},"3":{"loc":{"start":{"line":334,"column":12},"end":{"line":334,"column":90}},"type":"binary-expr","locations":[{"start":{"line":334,"column":12},"end":{"line":334,"column":49}},{"start":{"line":334,"column":53},"end":{"line":334,"column":90}}],"line":334},"4":{"loc":{"start":{"line":342,"column":8},"end":{"line":349,"column":9}},"type":"if","locations":[{"start":{"line":342,"column":8},"end":{"line":349,"column":9}},{"start":{},"end":{}}],"line":342},"5":{"loc":{"start":{"line":342,"column":12},"end":{"line":342,"column":94}},"type":"binary-expr","locations":[{"start":{"line":342,"column":12},"end":{"line":342,"column":48}},{"start":{"line":342,"column":52},"end":{"line":342,"column":94}}],"line":342},"6":{"loc":{"start":{"line":353,"column":8},"end":{"line":360,"column":9}},"type":"if","locations":[{"start":{"line":353,"column":8},"end":{"line":360,"column":9}},{"start":{},"end":{}}],"line":353},"7":{"loc":{"start":{"line":353,"column":12},"end":{"line":353,"column":88}},"type":"binary-expr","locations":[{"start":{"line":353,"column":12},"end":{"line":353,"column":48}},{"start":{"line":353,"column":52},"end":{"line":353,"column":88}}],"line":353},"8":{"loc":{"start":{"line":368,"column":2},"end":{"line":368,"column":48}},"type":"if","locations":[{"start":{"line":368,"column":2},"end":{"line":368,"column":48}},{"start":{},"end":{}}],"line":368},"9":{"loc":{"start":{"line":375,"column":27},"end":{"line":375,"column":93}},"type":"cond-expr","locations":[{"start":{"line":375,"column":50},"end":{"line":375,"column":69}},{"start":{"line":375,"column":72},"end":{"line":375,"column":93}}],"line":375},"10":{"loc":{"start":{"line":380,"column":19},"end":{"line":380,"column":71}},"type":"cond-expr","locations":[{"start":{"line":380,"column":42},"end":{"line":380,"column":54}},{"start":{"line":380,"column":57},"end":{"line":380,"column":71}}],"line":380},"11":{"loc":{"start":{"line":384,"column":21},"end":{"line":384,"column":73}},"type":"cond-expr","locations":[{"start":{"line":384,"column":44},"end":{"line":384,"column":56}},{"start":{"line":384,"column":59},"end":{"line":384,"column":73}}],"line":384},"12":{"loc":{"start":{"line":418,"column":7},"end":{"line":425,"column":7}},"type":"binary-expr","locations":[{"start":{"line":418,"column":7},"end":{"line":418,"column":29}},{"start":{"line":419,"column":8},"end":{"line":424,"column":27}}],"line":418},"13":{"loc":{"start":{"line":430,"column":37},"end":{"line":430,"column":83}},"type":"binary-expr","locations":[{"start":{"line":430,"column":37},"end":{"line":430,"column":54}},{"start":{"line":430,"column":58},"end":{"line":430,"column":83}}],"line":430},"14":{"loc":{"start":{"line":433,"column":47},"end":{"line":433,"column":97}},"type":"binary-expr","locations":[{"start":{"line":433,"column":47},"end":{"line":433,"column":64}},{"start":{"line":433,"column":68},"end":{"line":433,"column":97}}],"line":433},"15":{"loc":{"start":{"line":440,"column":39},"end":{"line":440,"column":101}},"type":"binary-expr","locations":[{"start":{"line":440,"column":39},"end":{"line":440,"column":72}},{"start":{"line":440,"column":76},"end":{"line":440,"column":101}}],"line":440},"16":{"loc":{"start":{"line":446,"column":19},"end":{"line":446,"column":82}},"type":"cond-expr","locations":[{"start":{"line":446,"column":55},"end":{"line":446,"column":68}},{"start":{"line":446,"column":71},"end":{"line":446,"column":82}}],"line":446},"17":{"loc":{"start":{"line":448,"column":49},"end":{"line":448,"column":115}},"type":"binary-expr","locations":[{"start":{"line":448,"column":49},"end":{"line":448,"column":82}},{"start":{"line":448,"column":86},"end":{"line":448,"column":115}}],"line":448},"18":{"loc":{"start":{"line":462,"column":62},"end":{"line":462,"column":89}},"type":"binary-expr","locations":[{"start":{"line":462,"column":62},"end":{"line":462,"column":81}},{"start":{"line":462,"column":85},"end":{"line":462,"column":89}}],"line":462},"19":{"loc":{"start":{"line":463,"column":71},"end":{"line":463,"column":127}},"type":"binary-expr","locations":[{"start":{"line":463,"column":71},"end":{"line":463,"column":121}},{"start":{"line":463,"column":125},"end":{"line":463,"column":127}}],"line":463},"20":{"loc":{"start":{"line":466,"column":47},"end":{"line":466,"column":78}},"type":"binary-expr","locations":[{"start":{"line":466,"column":47},"end":{"line":466,"column":72}},{"start":{"line":466,"column":76},"end":{"line":466,"column":78}}],"line":466},"21":{"loc":{"start":{"line":467,"column":73},"end":{"line":467,"column":99}},"type":"binary-expr","locations":[{"start":{"line":467,"column":73},"end":{"line":467,"column":93}},{"start":{"line":467,"column":97},"end":{"line":467,"column":99}}],"line":467},"22":{"loc":{"start":{"line":468,"column":114},"end":{"line":468,"column":143}},"type":"binary-expr","locations":[{"start":{"line":468,"column":114},"end":{"line":468,"column":137}},{"start":{"line":468,"column":141},"end":{"line":468,"column":143}}],"line":468},"23":{"loc":{"start":{"line":469,"column":166},"end":{"line":469,"column":190}},"type":"binary-expr","locations":[{"start":{"line":469,"column":166},"end":{"line":469,"column":184}},{"start":{"line":469,"column":188},"end":{"line":469,"column":190}}],"line":469},"24":{"loc":{"start":{"line":472,"column":49},"end":{"line":472,"column":77}},"type":"cond-expr","locations":[{"start":{"line":472,"column":65},"end":{"line":472,"column":69}},{"start":{"line":472,"column":72},"end":{"line":472,"column":77}}],"line":472},"25":{"loc":{"start":{"line":475,"column":65},"end":{"line":475,"column":98}},"type":"binary-expr","locations":[{"start":{"line":475,"column":65},"end":{"line":475,"column":93}},{"start":{"line":475,"column":97},"end":{"line":475,"column":98}}],"line":475},"26":{"loc":{"start":{"line":486,"column":4},"end":{"line":486,"column":35}},"type":"if","locations":[{"start":{"line":486,"column":4},"end":{"line":486,"column":35}},{"start":{},"end":{}}],"line":486},"27":{"loc":{"start":{"line":492,"column":6},"end":{"line":492,"column":41}},"type":"if","locations":[{"start":{"line":492,"column":6},"end":{"line":492,"column":41}},{"start":{},"end":{}}],"line":492},"28":{"loc":{"start":{"line":492,"column":10},"end":{"line":492,"column":32}},"type":"binary-expr","locations":[{"start":{"line":492,"column":10},"end":{"line":492,"column":20}},{"start":{"line":492,"column":24},"end":{"line":492,"column":32}}],"line":492},"29":{"loc":{"start":{"line":504,"column":28},"end":{"line":504,"column":83}},"type":"binary-expr","locations":[{"start":{"line":504,"column":28},"end":{"line":504,"column":45}},{"start":{"line":504,"column":49},"end":{"line":504,"column":83}}],"line":504},"30":{"loc":{"start":{"line":505,"column":26},"end":{"line":505,"column":102}},"type":"binary-expr","locations":[{"start":{"line":505,"column":26},"end":{"line":505,"column":38}},{"start":{"line":505,"column":42},"end":{"line":505,"column":102}}],"line":505},"31":{"loc":{"start":{"line":506,"column":11},"end":{"line":506,"column":43}},"type":"binary-expr","locations":[{"start":{"line":506,"column":11},"end":{"line":506,"column":26}},{"start":{"line":506,"column":30},"end":{"line":506,"column":43}}],"line":506},"32":{"loc":{"start":{"line":510,"column":4},"end":{"line":515,"column":5}},"type":"switch","locations":[{"start":{"line":511,"column":6},"end":{"line":511,"column":34}},{"start":{"line":512,"column":6},"end":{"line":512,"column":35}},{"start":{"line":513,"column":6},"end":{"line":513,"column":34}},{"start":{"line":514,"column":6},"end":{"line":514,"column":34}}],"line":510},"33":{"loc":{"start":{"line":519,"column":4},"end":{"line":524,"column":5}},"type":"switch","locations":[{"start":{"line":520,"column":6},"end":{"line":520,"column":34}},{"start":{"line":521,"column":6},"end":{"line":521,"column":33}},{"start":{"line":522,"column":6},"end":{"line":522,"column":33}},{"start":{"line":523,"column":6},"end":{"line":523,"column":35}}],"line":519},"34":{"loc":{"start":{"line":529,"column":4},"end":{"line":541,"column":5}},"type":"if","locations":[{"start":{"line":529,"column":4},"end":{"line":541,"column":5}},{"start":{},"end":{}}],"line":529},"35":{"loc":{"start":{"line":529,"column":8},"end":{"line":529,"column":42}},"type":"binary-expr","locations":[{"start":{"line":529,"column":8},"end":{"line":529,"column":18}},{"start":{"line":529,"column":22},"end":{"line":529,"column":42}}],"line":529},"36":{"loc":{"start":{"line":532,"column":15},"end":{"line":532,"column":30}},"type":"binary-expr","locations":[{"start":{"line":532,"column":15},"end":{"line":532,"column":16}},{"start":{"line":532,"column":20},"end":{"line":532,"column":30}}],"line":532},"37":{"loc":{"start":{"line":536,"column":15},"end":{"line":536,"column":47}},"type":"binary-expr","locations":[{"start":{"line":536,"column":15},"end":{"line":536,"column":16}},{"start":{"line":536,"column":20},"end":{"line":536,"column":47}}],"line":536},"38":{"loc":{"start":{"line":538,"column":6},"end":{"line":540,"column":7}},"type":"if","locations":[{"start":{"line":538,"column":6},"end":{"line":540,"column":7}},{"start":{},"end":{}}],"line":538},"39":{"loc":{"start":{"line":538,"column":10},"end":{"line":538,"column":31}},"type":"binary-expr","locations":[{"start":{"line":538,"column":10},"end":{"line":538,"column":18}},{"start":{"line":538,"column":22},"end":{"line":538,"column":31}}],"line":538},"40":{"loc":{"start":{"line":548,"column":13},"end":{"line":548,"column":43}},"type":"binary-expr","locations":[{"start":{"line":548,"column":13},"end":{"line":548,"column":14}},{"start":{"line":548,"column":18},"end":{"line":548,"column":43}}],"line":548},"41":{"loc":{"start":{"line":552,"column":13},"end":{"line":552,"column":28}},"type":"binary-expr","locations":[{"start":{"line":552,"column":13},"end":{"line":552,"column":14}},{"start":{"line":552,"column":18},"end":{"line":552,"column":28}}],"line":552},"42":{"loc":{"start":{"line":556,"column":13},"end":{"line":556,"column":118}},"type":"binary-expr","locations":[{"start":{"line":556,"column":13},"end":{"line":556,"column":14}},{"start":{"line":556,"column":19},"end":{"line":556,"column":64}},{"start":{"line":556,"column":68},"end":{"line":556,"column":117}}],"line":556},"43":{"loc":{"start":{"line":560,"column":13},"end":{"line":560,"column":66}},"type":"binary-expr","locations":[{"start":{"line":560,"column":13},"end":{"line":560,"column":14}},{"start":{"line":560,"column":19},"end":{"line":560,"column":65}}],"line":560},"44":{"loc":{"start":{"line":562,"column":4},"end":{"line":562,"column":52}},"type":"if","locations":[{"start":{"line":562,"column":4},"end":{"line":562,"column":52}},{"start":{},"end":{}}],"line":562},"45":{"loc":{"start":{"line":562,"column":8},"end":{"line":562,"column":27}},"type":"binary-expr","locations":[{"start":{"line":562,"column":8},"end":{"line":562,"column":15}},{"start":{"line":562,"column":19},"end":{"line":562,"column":27}}],"line":562},"46":{"loc":{"start":{"line":563,"column":4},"end":{"line":563,"column":47}},"type":"if","locations":[{"start":{"line":563,"column":4},"end":{"line":563,"column":47}},{"start":{},"end":{}}],"line":563},"47":{"loc":{"start":{"line":566,"column":4},"end":{"line":566,"column":38}},"type":"if","locations":[{"start":{"line":566,"column":4},"end":{"line":566,"column":38}},{"start":{},"end":{}}],"line":566},"48":{"loc":{"start":{"line":567,"column":4},"end":{"line":567,"column":49}},"type":"if","locations":[{"start":{"line":567,"column":4},"end":{"line":567,"column":49}},{"start":{},"end":{}}],"line":567},"49":{"loc":{"start":{"line":574,"column":4},"end":{"line":581,"column":5}},"type":"if","locations":[{"start":{"line":574,"column":4},"end":{"line":581,"column":5}},{"start":{},"end":{}}],"line":574},"50":{"loc":{"start":{"line":585,"column":4},"end":{"line":585,"column":78}},"type":"if","locations":[{"start":{"line":585,"column":4},"end":{"line":585,"column":78}},{"start":{},"end":{}}],"line":585},"51":{"loc":{"start":{"line":585,"column":8},"end":{"line":585,"column":69}},"type":"binary-expr","locations":[{"start":{"line":585,"column":8},"end":{"line":585,"column":19}},{"start":{"line":585,"column":23},"end":{"line":585,"column":53}},{"start":{"line":585,"column":57},"end":{"line":585,"column":69}}],"line":585},"52":{"loc":{"start":{"line":590,"column":6},"end":{"line":590,"column":72}},"type":"if","locations":[{"start":{"line":590,"column":6},"end":{"line":590,"column":72}},{"start":{},"end":{}}],"line":590},"53":{"loc":{"start":{"line":596,"column":8},"end":{"line":596,"column":31}},"type":"if","locations":[{"start":{"line":596,"column":8},"end":{"line":596,"column":31}},{"start":{},"end":{}}],"line":596},"54":{"loc":{"start":{"line":600,"column":16},"end":{"line":600,"column":38}},"type":"binary-expr","locations":[{"start":{"line":600,"column":16},"end":{"line":600,"column":32}},{"start":{"line":600,"column":36},"end":{"line":600,"column":38}}],"line":600},"55":{"loc":{"start":{"line":601,"column":14},"end":{"line":601,"column":129}},"type":"cond-expr","locations":[{"start":{"line":601,"column":28},"end":{"line":601,"column":124}},{"start":{"line":601,"column":127},"end":{"line":601,"column":129}}],"line":601},"56":{"loc":{"start":{"line":601,"column":45},"end":{"line":601,"column":78}},"type":"binary-expr","locations":[{"start":{"line":601,"column":45},"end":{"line":601,"column":72}},{"start":{"line":601,"column":76},"end":{"line":601,"column":78}}],"line":601},"57":{"loc":{"start":{"line":601,"column":92},"end":{"line":601,"column":122}},"type":"binary-expr","locations":[{"start":{"line":601,"column":92},"end":{"line":601,"column":116}},{"start":{"line":601,"column":120},"end":{"line":601,"column":122}}],"line":601},"58":{"loc":{"start":{"line":619,"column":6},"end":{"line":619,"column":29}},"type":"if","locations":[{"start":{"line":619,"column":6},"end":{"line":619,"column":29}},{"start":{},"end":{}}],"line":619},"59":{"loc":{"start":{"line":622,"column":6},"end":{"line":631,"column":7}},"type":"if","locations":[{"start":{"line":622,"column":6},"end":{"line":631,"column":7}},{"start":{},"end":{}}],"line":622},"60":{"loc":{"start":{"line":622,"column":10},"end":{"line":622,"column":55}},"type":"binary-expr","locations":[{"start":{"line":622,"column":10},"end":{"line":622,"column":25}},{"start":{"line":622,"column":29},"end":{"line":622,"column":55}}],"line":622},"61":{"loc":{"start":{"line":634,"column":47},"end":{"line":634,"column":61}},"type":"binary-expr","locations":[{"start":{"line":634,"column":47},"end":{"line":634,"column":56}},{"start":{"line":634,"column":60},"end":{"line":634,"column":61}}],"line":634},"62":{"loc":{"start":{"line":664,"column":37},"end":{"line":664,"column":74}},"type":"binary-expr","locations":[{"start":{"line":664,"column":37},"end":{"line":664,"column":49}},{"start":{"line":664,"column":53},"end":{"line":664,"column":74}}],"line":664},"63":{"loc":{"start":{"line":670,"column":21},"end":{"line":670,"column":63}},"type":"cond-expr","locations":[{"start":{"line":670,"column":36},"end":{"line":670,"column":49}},{"start":{"line":670,"column":52},"end":{"line":670,"column":63}}],"line":670},"64":{"loc":{"start":{"line":673,"column":47},"end":{"line":673,"column":88}},"type":"binary-expr","locations":[{"start":{"line":673,"column":47},"end":{"line":673,"column":59}},{"start":{"line":673,"column":63},"end":{"line":673,"column":88}}],"line":673},"65":{"loc":{"start":{"line":682,"column":9},"end":{"line":731,"column":9}},"type":"binary-expr","locations":[{"start":{"line":682,"column":9},"end":{"line":682,"column":19}},{"start":{"line":683,"column":10},"end":{"line":730,"column":17}}],"line":682},"66":{"loc":{"start":{"line":691,"column":20},"end":{"line":691,"column":99}},"type":"binary-expr","locations":[{"start":{"line":691,"column":20},"end":{"line":691,"column":43}},{"start":{"line":691,"column":47},"end":{"line":691,"column":99}}],"line":691},"67":{"loc":{"start":{"line":717,"column":22},"end":{"line":717,"column":75}},"type":"binary-expr","locations":[{"start":{"line":717,"column":22},"end":{"line":717,"column":47}},{"start":{"line":717,"column":51},"end":{"line":717,"column":75}}],"line":717},"68":{"loc":{"start":{"line":722,"column":22},"end":{"line":722,"column":79}},"type":"binary-expr","locations":[{"start":{"line":722,"column":22},"end":{"line":722,"column":47}},{"start":{"line":722,"column":51},"end":{"line":722,"column":79}}],"line":722},"69":{"loc":{"start":{"line":733,"column":9},"end":{"line":877,"column":9}},"type":"binary-expr","locations":[{"start":{"line":733,"column":9},"end":{"line":733,"column":19}},{"start":{"line":734,"column":10},"end":{"line":876,"column":17}}],"line":733},"70":{"loc":{"start":{"line":747,"column":15},"end":{"line":751,"column":15}},"type":"binary-expr","locations":[{"start":{"line":747,"column":15},"end":{"line":747,"column":37}},{"start":{"line":748,"column":16},"end":{"line":750,"column":35}}],"line":747},"71":{"loc":{"start":{"line":757,"column":44},"end":{"line":757,"column":89}},"type":"binary-expr","locations":[{"start":{"line":757,"column":44},"end":{"line":757,"column":61}},{"start":{"line":757,"column":65},"end":{"line":757,"column":89}}],"line":757},"72":{"loc":{"start":{"line":760,"column":54},"end":{"line":760,"column":103}},"type":"binary-expr","locations":[{"start":{"line":760,"column":54},"end":{"line":760,"column":71}},{"start":{"line":760,"column":75},"end":{"line":760,"column":103}}],"line":760},"73":{"loc":{"start":{"line":769,"column":20},"end":{"line":769,"column":141}},"type":"binary-expr","locations":[{"start":{"line":769,"column":20},"end":{"line":769,"column":48}},{"start":{"line":769,"column":52},"end":{"line":769,"column":141}}],"line":769},"74":{"loc":{"start":{"line":771,"column":53},"end":{"line":771,"column":98}},"type":"cond-expr","locations":[{"start":{"line":771,"column":84},"end":{"line":771,"column":88}},{"start":{"line":771,"column":91},"end":{"line":771,"column":98}}],"line":771},"75":{"loc":{"start":{"line":776,"column":27},"end":{"line":776,"column":81}},"type":
[...]
end":{"line":152,"column":3}},"line":139},"13":{"name":"(anonymous_13)","decl":{"start":{"line":142,"column":38},"end":{"line":142,"column":39}},"loc":{"start":{"line":142,"column":43},"end":{"line":142,"column":60}},"line":142},"14":{"name":"(anonymous_14)","decl":{"start":{"line":154,"column":2},"end":{"line":154,"column":3}},"loc":{"start":{"line":154,"column":64},"end":{"line":163,"column":3}},"line":154},"15":{"name":"(anonymous_15)","decl":{"start":{"line":157,"column":45},"end":{"line":157,"column":46}},"loc":{"start":{"line":157,"column":50},"end":{"line":157,"column":67}},"line":157},"16":{"name":"(anonymous_16)","decl":{"start":{"line":166,"column":2},"end":{"line":166,"column":3}},"loc":{"start":{"line":166,"column":41},"end":{"line":174,"column":3}},"line":166},"17":{"name":"(anonymous_17)","decl":{"start":{"line":176,"column":2},"end":{"line":176,"column":3}},"loc":{"start":{"line":176,"column":55},"end":{"line":184,"column":3}},"line":176},"18":{"name":"(anonymous_18)","decl":{"start":{"line":186,"column":2},"end":{"line":186,"column":3}},"loc":{"start":{"line":186,"column":50},"end":{"line":195,"column":3}},"line":186},"19":{"name":"(anonymous_19)","decl":{"start":{"line":198,"column":2},"end":{"line":198,"column":3}},"loc":{"start":{"line":198,"column":47},"end":{"line":206,"column":3}},"line":198},"20":{"name":"(anonymous_20)","decl":{"start":{"line":208,"column":2},"end":{"line":208,"column":3}},"loc":{"start":{"line":208,"column":64},"end":{"line":216,"column":3}},"line":208},"21":{"name":"(anonymous_21)","decl":{"start":{"line":218,"column":2},"end":{"line":218,"column":3}},"loc":{"start":{"line":218,"column":59},"end":{"line":227,"column":3}},"line":218},"22":{"name":"(anonymous_22)","decl":{"start":{"line":230,"column":2},"end":{"line":230,"column":3}},"loc":{"start":{"line":230,"column":51},"end":{"line":238,"column":3}},"line":230},"23":{"name":"(anonymous_23)","decl":{"start":{"line":240,"column":2},"end":{"line":240,"column":3}},"loc":{"start":{"line":240,"column":70},"end":{"line":248,"column":3}},"line":240},"24":{"name":"(anonymous_24)","decl":{"start":{"line":251,"column":2},"end":{"line":251,"column":3}},"loc":{"start":{"line":251,"column":65},"end":{"line":259,"column":3}},"line":251},"25":{"name":"(anonymous_25)","decl":{"start":{"line":261,"column":2},"end":{"line":261,"column":3}},"loc":{"start":{"line":261,"column":87},"end":{"line":269,"column":3}},"line":261},"26":{"name":"(anonymous_26)","decl":{"start":{"line":271,"column":2},"end":{"line":271,"column":3}},"loc":{"start":{"line":271,"column":82},"end":{"line":280,"column":3}},"line":271},"27":{"name":"(anonymous_27)","decl":{"start":{"line":283,"column":2},"end":{"line":283,"column":3}},"loc":{"start":{"line":283,"column":43},"end":{"line":291,"column":3}},"line":283},"28":{"name":"(anonymous_28)","decl":{"start":{"line":293,"column":2},"end":{"line":293,"column":3}},"loc":{"start":{"line":293,"column":61},"end":{"line":301,"column":3}},"line":293},"29":{"name":"(anonymous_29)","decl":{"start":{"line":304,"column":2},"end":{"line":304,"column":3}},"loc":{"start":{"line":304,"column":45},"end":{"line":312,"column":3}},"line":304},"30":{"name":"(anonymous_30)","decl":{"start":{"line":314,"column":2},"end":{"line":314,"column":3}},"loc":{"start":{"line":314,"column":60},"end":{"line":322,"column":3}},"line":314},"31":{"name":"(anonymous_31)","decl":{"start":{"line":325,"column":2},"end":{"line":325,"column":3}},"loc":{"start":{"line":325,"column":45},"end":{"line":356,"column":3}},"line":325},"32":{"name":"(anonymous_32)","decl":{"start":{"line":359,"column":2},"end":{"line":359,"column":3}},"loc":{"start":{"line":359,"column":55},"end":{"line":381,"column":3}},"line":359},"33":{"name":"(anonymous_33)","decl":{"start":{"line":384,"column":2},"end":{"line":384,"column":3}},"loc":{"start":{"line":384,"column":48},"end":{"line":393,"column":3}},"line":384},"34":{"name":"(anonymous_34)","decl":{"start":{"line":396,"column":2},"end":{"line":396,"column":3}},"loc":{"start":{"line":396,"column":49},"end":{"line":405,"column":3}},"line":396},"35":{"name":"(anonymous_35)","decl":{"start":{"line":400,"column":25},"end":{"line":400,"column":26}},"loc":{"start":{"line":400,"column":49},"end":{"line":400,"column":76}},"line":400},"36":{"name":"(anonymous_36)","decl":{"start":{"line":408,"column":2},"end":{"line":408,"column":3}},"loc":{"start":{"line":408,"column":49},"end":{"line":417,"column":3}},"line":408},"37":{"name":"(anonymous_37)","decl":{"start":{"line":420,"column":2},"end":{"line":420,"column":3}},"loc":{"start":{"line":420,"column":56},"end":{"line":426,"column":3}},"line":420}},"branchMap":{"0":{"loc":{"start":{"line":32,"column":6},"end":{"line":32,"column":35}},"type":"if","locations":[{"start":{"line":32,"column":6},"end":{"line":32,"column":35}},{"start":{},"end":{}}],"line":32},"1":{"loc":{"start":{"line":51,"column":6},"end":{"line":59,"column":7}},"type":"if","locations":[{"start":{"line":51,"column":6},"end":{"line":59,"column":7}},{"start":{"line":56,"column":13},"end":{"line":59,"column":7}}],"line":51},"2":{"loc":{"start":{"line":56,"column":13},"end":{"line":59,"column":7}},"type":"if","locations":[{"start":{"line":56,"column":13},"end":{"line":59,"column":7}},{"start":{},"end":{}}],"line":56},"3":{"loc":{"start":{"line":90,"column":13},"end":{"line":90,"column":49}},"type":"cond-expr","locations":[{"start":{"line":90,"column":23},"end":{"line":90,"column":42}},{"start":{"line":90,"column":45},"end":{"line":90,"column":49}}],"line":90},"4":{"loc":{"start":{"line":111,"column":13},"end":{"line":111,"column":47}},"type":"cond-expr","locations":[{"start":{"line":111,"column":23},"end":{"line":111,"column":42}},{"start":{"line":111,"column":45},"end":{"line":111,"column":47}}],"line":111},"5":{"loc":{"start":{"line":143,"column":6},"end":{"line":146,"column":7}},"type":"if","locations":[{"start":{"line":143,"column":6},"end":{"line":146,"column":7}},{"start":{},"end":{}}],"line":143},"6":{"loc":{"start":{"line":169,"column":13},"end":{"line":169,"column":41}},"type":"cond-expr","locations":[{"start":{"line":169,"column":20},"end":{"line":169,"column":36}},{"start":{"line":169,"column":39},"end":{"line":169,"column":41}}],"line":169},"7":{"loc":{"start":{"line":201,"column":13},"end":{"line":201,"column":47}},"type":"cond-expr","locations":[{"start":{"line":201,"column":23},"end":{"line":201,"column":42}},{"start":{"line":201,"column":45},"end":{"line":201,"column":47}}],"line":201},"8":{"loc":{"start":{"line":233,"column":13},"end":{"line":233,"column":51}},"type":"cond-expr","locations":[{"start":{"line":233,"column":25},"end":{"line":233,"column":46}},{"start":{"line":233,"column":49},"end":{"line":233,"column":51}}],"line":233},"9":{"loc":{"start":{"line":254,"column":13},"end":{"line":254,"column":57}},"type":"cond-expr","locations":[{"start":{"line":254,"column":28},"end":{"line":254,"column":52}},{"start":{"line":254,"column":55},"end":{"line":254,"column":57}}],"line":254},"10":{"loc":{"start":{"line":286,"column":13},"end":{"line":286,"column":49}},"type":"cond-expr","locations":[{"start":{"line":286,"column":24},"end":{"line":286,"column":44}},{"start":{"line":286,"column":47},"end":{"line":286,"column":49}}],"line":286},"11":{"loc":{"start":{"line":307,"column":13},"end":{"line":307,"column":43}},"type":"cond-expr","locations":[{"start":{"line":307,"column":21},"end":{"line":307,"column":38}},{"start":{"line":307,"column":41},"end":{"line":307,"column":43}}],"line":307},"12":{"loc":{"start":{"line":361,"column":6},"end":{"line":361,"column":44}},"type":"if","locations":[{"start":{"line":361,"column":6},"end":{"line":361,"column":44}},{"start":{},"end":{}}],"line":361},"13":{"loc":{"start":{"line":361,"column":10},"end":{"line":361,"column":29}},"type":"binary-expr","locations":[{"start":{"line":361,"column":10},"end":{"line":361,"column":15}},{"start":{"line":361,"column":19},"end":{"line":361,"column":29}}],"line":361},"14":{"loc":{"start":{"line":366,"column":8},"end":{"line":366,"column":44}},"type":"binary-expr","locations":[{"start":{"line":366,"column":8},"end":{"line":366,"column":15}},{"start":{"line":366,"column":19},"end":{"line":366,"column":44}}],"line":366},"15":{"loc":{"start":{"line":367,"column":8},"end":{"line":367,"column":44}},"type":"binary-expr","locations":[{"start":{"line":367,"column":8},"end":{"line":367,"column":15}},{"start":{"line":367,"column":19},"end":{"line":367,"column":44}}],"line":367},"16":{"loc":{"start":{"line":368,"column":8},"end":{"line":368,"column":35}},"type":"binary-expr","locations":[{"start":{"line":368,"column":8},"end":{"line":368,"column":12}},{"start":{"line":368,"column":16},"end":{"line":368,"column":35}}],"line":368},"17":{"loc":{"start":{"line":369,"column":8},"end":{"line":369,"column":44}},"type":"binary-expr","locations":[{"start":{"line":369,"column":8},"end":{"line":369,"column":15}},{"start":{"line":369,"column":19},"end":{"line":369,"column":44}}],"line":369},"18":{"loc":{"start":{"line":370,"column":8},"end":{"line":370,"column":50}},"type":"binary-expr","locations":[{"start":{"line":370,"column":8},"end":{"line":370,"column":17}},{"start":{"line":370,"column":21},"end":{"line":370,"column":50}}],"line":370},"19":{"loc":{"start":{"line":371,"column":8},"end":{"line":371,"column":63}},"type":"binary-expr","locations":[{"start":{"line":371,"column":8},"end":{"line":371,"column":20}},{"start":{"line":371,"column":24},"end":{"line":371,"column":63}}],"line":371},"20":{"loc":{"start":{"line":372,"column":8},"end":{"line":372,"column":47}},"type":"binary-expr","locations":[{"start":{"line":372,"column":8},"end":{"line":372,"column":16}},{"start":{"line":372,"column":20},"end":{"line":372,"column":47}}],"line":372},"21":{"loc":{"start":{"line":373,"column":8},"end":{"line":373,"column":53}},"type":"binary-expr","locations":[{"start":{"line":373,"column":8},"end":{"line":373,"column":18}},{"start":{"line":373,"column":22},"end":{"line":373,"column":53}}],"line":373},"22":{"loc":{"start":{"line":400,"column":57},"end":{"line":400,"column":75}},"type":"binary-expr","locations":[{"start":{"line":400,"column":57},"end":{"line":400,"column":70}},{"start":{"line":400,"column":74},"end":{"line":400,"column":75}}],"line":400},"23":{"loc":{"start":{"line":411,"column":6},"end":{"line":411,"column":47}},"type":"if","locations":[{"start":{"line":411,"column":6},"end":{"line":411,"column":47}},{"start":{},"end":{}}],"line":411}},"s":{"0":0,"1":0,"2":0,"3":0,"4":0,"5":0,"6":0,"7":0,"8":0,"9":0,"10":0,"11":0,"12":0,"13":0,"14":0,"15":0,"16":0,"17":0,"18":0,"19":0,"20":0,"21":0,"22":0,"23":0,"24":0,"25":0,"26":0,"27":0,"28":0,"29":0,"30":0,"31":0,"32":0,"33":0,"34":0,"35":0,"36":0,"37":0,"38":0,"39":0,"40":0,"41":0,"42":0,"43":0,"44":0,"45":0,"46":0,"47":0,"48":0,"49":0,"50":0,"51":0,"52":0,"53":0,"54":0,"55":0,"56":0,"57":0,"58":0,"59":0,"60":0,"61":0,"62":0,"63":0,"64":0,"65":0,"66":0,"67":0,"68":0,"69":0,"70":0,"71":0,"72":0,"73":0,"74":0,"75":0,"76":0,"77":0,"78":0,"79":0,"80":0,"81":0,"82":0,"83":0,"84":0,"85":0,"86":0,"87":0,"88":0,"89":0,"90":0,"91":0,"92":0,"93":0,"94":0,"95":0,"96":0,"97":0,"98":0,"99":0,"100":0,"101":0,"102":0,"103":0,"104":0,"105":0,"106":0,"107":0,"108":0,"109":0,"110":0,"111":0,"112":0,"113":0,"114":0,"115":0,"116":0,"117":0,"118":0,"119":0,"120":0,"121":0,"122":0,"123":0,"124":0,"125":0,"126":0,"127":0,"128":0,"129":0,"130":0,"131":0,"132":0,"133":0,"134":0,"135":0,"136":0,"137":0,"138":0,"139":0,"140":0,"141":0,"142":0,"143":0,"144":0,"145":0,"146":0,"147":0,"148":0,"149":0,"150":0,"151":0,"152":0,"153":0,"154":0,"155":0,"156":0,"157":0,"158":0,"159":0,"160":0,"161":0,"162":0,"163":0,"164":0,"165":0,"166":0,"167":0,"168":0,"169":0,"170":0,"171":0,"172":0,"173":0,"174":0,"175":0,"176":0,"177":0,"178":0,"179":0,"180":0,"181":0,"182":0,"183":0},"f":{"0":0,"1":0,"2":0,"3":0,"4":0,"5":0,"6":0,"7":0,"8":0,"9":0,"10":0,"11":0,"12":0,"13":0,"14":0,"15":0,"16":0,"17":0,"18":0,"19":0,"20":0,"21":0,"22":0,"23":0,"24":0,"25":0,"26":0,"27":0,"28":0,"29":0,"30":0,"31":0,"32":0,"33":0,"34":0,"35":0,"36":0,"37":0},"b":{"0":[0,0],"1":[0,0],"2":[0,0],"3":[0,0],"4":[0,0],"5":[0,0],"6":[0,0],"7":[0,0],"8":[0,0],"9":[0,0],"10":[0,0],"11":[0,0],"12":[0,0],"13":[0,0],"14":[0,0],"15":[0,0],"16":[0,0],"17":[0,0],"18":[0,0],"19":[0,0],"20":[0,0],"21":[0,0],"22":[0,0],"23":[0,0]}}
,"/workspace/src/services/notifications.ts": {"path":"/workspace/src/services/notifications.ts","statementMap":{"0":{"start":{"line":13,"column":23},"end":{"line":13,"column":64}},"1":{"start":{"line":14,"column":4},"end":{"line":17,"column":5}},"2":{"start":{"line":15,"column":18},"end":{"line":15,"column":63}},"3":{"start":{"line":16,"column":6},"end":{"line":16,"column":38}},"4":{"start":{"line":18,"column":4},"end":{"line":18,"column":16}},"5":{"start":{"line":22,"column":20},"end":{"line":22,"column":51}},"6":{"start":{"line":23,"column":4},"end":{"line":23,"column":30}},"7":{"start":{"line":23,"column":18},"end":{"line":23,"column":30}},"8":{"start":{"line":24,"column":23},"end":{"line":32,"column":6}},"9":{"start":{"line":33,"column":4},"end":{"line":33,"column":22}},"10":{"start":{"line":37,"column":4},"end":{"line":37,"column":69}},"11":{"start":{"line":41,"column":4},"end":{"line":41,"column":63}},"12":{"start":{"line":45,"column":4},"end":{"line":45,"column":67}}},"fnMap":{"0":{"name":"(anonymous_0)","decl":{"start":{"line":12,"column":2},"end":{"line":12,"column":3}},"loc":{"start":{"line":12,"column":54},"end":{"line":19,"column":3}},"line":12},"1":{"name":"(anonymous_1)","decl":{"start":{"line":21,"column":2},"end":{"line":21,"column":3}},"loc":{"start":{"line":21,"column":73},"end":{"line":34,"column":3}},"line":21},"2":{"name":"(anonymous_2)","decl":{"start":{"line":36,"column":2},"end":{"line":36,"column":3}},"loc":{"start":{"line":36,"column":57},"end":{"line":38,"column":3}},"line":36},"3":{"name":"(anonymous_3)","decl":{"start":{"line":40,"column":2},"end":{"line":40,"column":3}},"loc":{"start":{"line":40,"column":42},"end":{"line":42,"column":3}},"line":40},"4":{"name":"(anonymous_4)","decl":{"start":{"line":44,"column":2},"end":{"line":44,"column":3}},"loc":{"start":{"line":44,"column":79},"end":{"line":46,"column":3}},"line":44}},"branchMap":{"0":{"loc":{"start":{"line":14,"column":4},"end":{"line":17,"column":5}},"type":"if","locations":[{"start":{"line":14,"column":4},"end":{"line":17,"column":5}},{"start":{},"end":{}}],"line":14},"1":{"loc":{"start":{"line":23,"column":4},"end":{"line":23,"column":30}},"type":"if","locations":[{"start":{"line":23,"column":4},"end":{"line":23,"column":30}},{"start":{},"end":{}}],"line":23},"2":{"loc":{"start":{"line":27,"column":14},"end":{"line":27,"column":33}},"type":"binary-expr","locations":[{"start":{"line":27,"column":14},"end":{"line":27,"column":27}},{"start":{"line":27,"column":31},"end":{"line":27,"column":33}}],"line":27},"3":{"loc":{"start":{"line":28,"column":14},"end":{"line":28,"column":33}},"type":"binary-expr","locations":[{"start":{"line":28,"column":14},"end":{"line":28,"column":27}},{"start":{"line":28,"column":31},"end":{"line":28,"column":33}}],"line":28}},"s":{"0":0,"1":0,"2":0,"3":0,"4":0,"5":0,"6":0,"7":0,"8":0,"9":0,"10":0,"11":0,"12":0},"f":{"0":0,"1":0,"2":0,"3":0,"4":0},"b":{"0":[0,0],"1":[0,0],"2":[0,0],"3":[0,0]}}
,"/workspace/src/services/reminders.ts": {"path":"/workspace/src/services/reminders.ts","statementMap":{"0":{"start":{"line":13,"column":20},"end":{"line":13,"column":31}},"1":{"start":{"line":18,"column":22},"end":{"line":18,"column":62}},"2":{"start":{"line":19,"column":4},"end":{"line":19,"column":28}},"3":{"start":{"line":23,"column":31},"end":{"line":30,"column":5}},"4":{"start":{"line":33,"column":20},"end":{"line":38,"column":6}},"5":{"start":{"line":39,"column":4},"end":{"line":39,"column":39}},"6":{"start":{"line":41,"column":17},"end":{"line":41,"column":42}},"7":{"start":{"line":42,"column":4},"end":{"line":42,"column":24}},"8":{"start":{"line":43,"column":4},"end":{"line":43,"column":57}},"9":{"start":{"line":44,"column":4},"end":{"line":44,"column":20}},"10":{"start":{"line":48,"column":17},"end":{"line":48,"column":42}},"11":{"start":{"line":49,"column":16},"end":{"line":49,"column":48}},"12":{"start":{"line":49,"column":36},"end":{"line":49,"column":47}},"13":{"start":{"line":50,"column":4},"end":{"line":50,"column":32}},"14":{"start":{"line":50,"column":20},"end":{"line":50,"column":32}},"15":{"start":{"line":51,"column":20},"end":{"line":51,"column":29}},"16":{"start":{"line":52,"column":17},"end":{"line":52,"column":55}},"17":{"start":{"line":53,"column":4},"end":{"line":53,"column":21}},"18":{"start":{"line":54,"column":4},"end":{"line":54,"column":57}},"19":{"start":{"line":55,"column":4},"end":{"line":55,"column":16}},"20":{"start":{"line":59,"column":17},"end":{"line":59,"column":42}},"21":{"start":{"line":60,"column":18},"end":{"line":60,"column":45}},"22":{"start":{"line":60,"column":33},"end":{"line":60,"column":44}},"23":{"start":{"line":61,"column":4},"end":{"line":63,"column":5}},"24":{"start":{"line":62,"column":6},"end":{"line":62,"column":63}},"25":{"start":{"line":64,"column":21},"end":{"line":64,"column":50}},"26":{"start":{"line":64,"column":38},"end":{"line":64,"column":49}},"27":{"start":{"line":65,"column":15},"end":{"line":65,"column":71}},"28":{"start":{"line":66,"column":4},"end":{"line":66,"column":14}}},"fnMap":{"0":{"name":"(anonymous_0)","decl":{"start":{"line":16,"column":2},"end":{"line":16,"column":3}},"loc":{"start":{"line":16,"column":51},"end":{"line":20,"column":3}},"line":16},"1":{"name":"(anonymous_1)","decl":{"start":{"line":22,"column":2},"end":{"line":22,"column":3}},"loc":{"start":{"line":22,"column":78},"end":{"line":45,"column":3}},"line":22},"2":{"name":"(anonymous_2)","decl":{"start":{"line":47,"column":2},"end":{"line":47,"column":3}},"loc":{"start":{"line":47,"column":96},"end":{"line":56,"column":3}},"line":47},"3":{"name":"(anonymous_3)","decl":{"start":{"line":49,"column":31},"end":{"line":49,"column":32}},"loc":{"start":{"line":49,"column":36},"end":{"line":49,"column":47}},"line":49},"4":{"name":"(anonymous_4)","decl":{"start":{"line":58,"column":2},"end":{"line":58,"column":3}},"loc":{"start":{"line":58,"column":60},"end":{"line":67,"column":3}},"line":58},"5":{"name":"(anonymous_5)","decl":{"start":{"line":60,"column":28},"end":{"line":60,"column":29}},"loc":{"start":{"line":60,"column":33},"end":{"line":60,"column":44}},"line":60},"6":{"name":"(anonymous_6)","decl":{"start":{"line":64,"column":33},"end":{"line":64,"column":34}},"loc":{"start":{"line":64,"column":38},"end":{"line":64,"column":49}},"line":64}},"branchMap":{"0":{"loc":{"start":{"line":50,"column":4},"end":{"line":50,"column":32}},"type":"if","locations":[{"start":{"line":50,"column":4},"end":{"line":50,"column":32}},{"start":{},"end":{}}],"line":50},"1":{"loc":{"start":{"line":61,"column":4},"end":{"line":63,"column":5}},"type":"if","locations":[{"start":{"line":61,"column":4},"end":{"line":63,"column":5}},{"start":{},"end":{}}],"line":61}},"s":{"0":0,"1":0,"2":0,"3":0,"4":0,"5":0,"6":0,"7":0,"8":0,"9":0,"10":0,"11":0,"12":0,"13":0,"14":0,"15":0,"16":0,"17":0,"18":0,"19":0,"20":0,"21":0,"22":0,"23":0,"24":0,"25":0,"26":0,"27":0,"28":0},"f":{"0":0,"1":0,"2":0,"3":0,"4":0,"5":0,"6":0},"b":{"0":[0,0],"1":[0,0]}}
,"/workspace/src/services/sqlite-test.ts": {"path":"/workspace/src/services/sqlite-test.ts","statementMap":{"0":{"start":{"line":2,"column":0},"end":{"line":2,"column":31}},"1":{"start":{"line":3,"column":0},"end":{"line":3,"column":57}}},"fnMap":{},"branchMap":{},"s":{"0":0,"1":0},"f":{},"b":{}}
,"/workspace/src/services/types.ts": {"path":"/workspace/src/services/types.ts","statementMap":{},"fnMap":{},"branchMap":{},"s":{},"f":{},"b":{}}
,"/workspace/src/theme/colors.ts": {"path":"/workspace/src/theme/colors.ts","statementMap":{"0":{"start":{"line":1,"column":22},"end":{"line":26,"column":1}}},"fnMap":{},"branchMap":{},"s":{"0":0},"f":{},"b":{}}
}
