TN:
SF:src/App.tsx
FNF:0
FNH:0
LF:0
LH:0
BRF:0
BRH:0
end_of_record
TN:
SF:src/components/AchievementCard.tsx
FN:4,AchievementCard
FN:9,(anonymous_1)
FNF:2
FNH:0
FNDA:0,AchievementCard
FNDA:0,(anonymous_1)
DA:5,0
DA:6,0
DA:7,0
DA:8,0
DA:9,0
LF:5
LH:0
BRDA:7,0,0,0
BRDA:7,0,1,0
BRDA:9,1,0,0
BRDA:9,1,1,0
BRDA:9,2,0,0
BRDA:9,2,1,0
BRDA:16,3,0,0
BRDA:16,3,1,0
BRDA:16,4,0,0
BRDA:16,4,1,0
BRDA:17,5,0,0
BRDA:17,5,1,0
BRDA:19,6,0,0
BRDA:19,6,1,0
BRDA:25,7,0,0
BRDA:25,7,1,0
BRDA:26,8,0,0
BRDA:26,8,1,0
BRF:18
BRH:0
end_of_record
TN:
SF:src/components/ProgressChart.tsx
FN:4,ProgressChart
FN:12,(anonymous_1)
FN:15,(anonymous_2)
FN:27,(anonymous_3)
FNF:4
FNH:0
FNDA:0,ProgressChart
FNDA:0,(anonymous_1)
FNDA:0,(anonymous_2)
FNDA:0,(anonymous_3)
DA:5,0
DA:6,0
DA:12,0
DA:13,0
DA:14,0
DA:15,0
DA:16,0
DA:17,0
DA:28,0
LF:9
LH:0
BRDA:4,0,0,0
BRDA:4,1,0,0
BRDA:5,2,0,0
BRDA:5,2,1,0
BRDA:19,3,0,0
BRDA:19,3,1,0
BRDA:38,4,0,0
BRDA:38,4,1,0
BRDA:38,5,0,0
BRDA:38,5,1,0
BRDA:40,6,0,0
BRDA:40,6,1,0
BRDA:41,7,0,0
BRDA:41,7,1,0
BRDA:44,8,0,0
BRDA:44,8,1,0
BRDA:47,9,0,0
BRDA:47,9,1,0
BRF:18
BRH:0
end_of_record
TN:
SF:src/components/QuickActionsPanel.tsx
FN:6,QuickActionsPanel
FN:19,(anonymous_1)
FN:43,(anonymous_2)
FN:67,(anonymous_3)
FN:90,(anonymous_4)
FN:97,(anonymous_5)
FNF:6
FNH:0
FNDA:0,QuickActionsPanel
FNDA:0,(anonymous_1)
FNDA:0,(anonymous_2)
FNDA:0,(anonymous_3)
FNDA:0,(anonymous_4)
FNDA:0,(anonymous_5)
DA:7,0
DA:8,0
DA:9,0
DA:10,0
DA:12,0
DA:20,0
DA:21,0
DA:22,0
DA:23,0
DA:29,0
DA:31,0
DA:33,0
DA:34,0
DA:44,0
DA:45,0
DA:46,0
DA:47,0
DA:53,0
DA:55,0
DA:57,0
DA:58,0
DA:68,0
DA:69,0
DA:70,0
DA:71,0
DA:78,0
DA:80,0
DA:82,0
DA:83,0
DA:90,0
DA:97,0
LF:31
LH:0
BRDA:16,0,0,0
BRDA:16,0,1,0
BRDA:90,1,0,0
BRDA:90,1,1,0
BRDA:90,1,2,0
BRDA:95,2,0,0
BRDA:95,2,1,0
BRDA:102,3,0,0
BRDA:102,3,1,0
BRDA:103,4,0,0
BRDA:103,4,1,0
BRDA:104,5,0,0
BRDA:104,5,1,0
BRF:13
BRH:0
end_of_record
TN:
SF:src/data/achievementsList.ts
FN:255,(anonymous_0)
FN:256,(anonymous_1)
FN:259,(anonymous_2)
FN:260,(anonymous_3)
FN:263,(anonymous_4)
FN:273,(anonymous_5)
FNF:6
FNH:0
FNDA:0,(anonymous_0)
FNDA:0,(anonymous_1)
FNDA:0,(anonymous_2)
FNDA:0,(anonymous_3)
FNDA:0,(anonymous_4)
FNDA:0,(anonymous_5)
DA:18,0
DA:255,0
DA:256,0
DA:259,0
DA:260,0
DA:263,0
DA:264,0
DA:265,0
DA:266,0
DA:267,0
DA:268,0
DA:269,0
DA:273,0
DA:274,0
DA:275,0
DA:276,0
DA:277,0
DA:278,0
DA:279,0
LF:19
LH:0
BRDA:264,0,0,0
BRDA:264,0,1,0
BRDA:264,0,2,0
BRDA:264,0,3,0
BRDA:264,0,4,0
BRDA:274,1,0,0
BRDA:274,1,1,0
BRDA:274,1,2,0
BRDA:274,1,3,0
BRDA:274,1,4,0
BRF:10
BRH:0
end_of_record
TN:
SF:src/navigation/AppNavigator.tsx
FN:44,(anonymous_0)
FN:48,(anonymous_1)
FN:52,(anonymous_2)
FN:69,(anonymous_3)
FNF:4
FNH:0
FNDA:0,(anonymous_0)
FNDA:0,(anonymous_1)
FNDA:0,(anonymous_2)
FNDA:0,(anonymous_3)
DA:38,0
DA:44,0
DA:45,0
DA:46,0
DA:48,0
DA:49,0
DA:52,0
DA:53,0
DA:54,0
DA:55,0
DA:58,0
DA:63,0
DA:65,0
DA:69,0
DA:70,0
DA:71,0
DA:73,0
DA:76,0
DA:77,0
DA:80,0
LF:20
LH:0
BRDA:70,0,0,0
BRDA:70,0,1,0
BRDA:73,1,0,0
BRDA:73,1,1,0
BRDA:76,2,0,0
BRDA:76,2,1,0
BRF:6
BRH:0
end_of_record
TN:
SF:src/navigation/BottomTabsNavigator.tsx
FN:16,(anonymous_0)
FN:19,(anonymous_1)
FN:28,(anonymous_2)
FNF:3
FNH:0
FNDA:0,(anonymous_0)
FNDA:0,(anonymous_1)
FNDA:0,(anonymous_2)
DA:14,0
DA:16,0
DA:17,0
DA:19,0
DA:30,0
DA:32,0
DA:33,0
DA:35,0
DA:36,0
DA:38,0
DA:39,0
DA:41,0
DA:42,0
DA:44,0
DA:45,0
DA:47,0
DA:49,0
DA:100,0
LF:18
LH:0
BRDA:30,0,0,0
BRDA:30,0,1,0
BRDA:30,0,2,0
BRDA:30,0,3,0
BRDA:30,0,4,0
BRDA:30,0,5,0
BRDA:54,1,0,0
BRDA:54,1,1,0
BRDA:57,2,0,0
BRDA:57,2,1,0
BRF:10
BRH:0
end_of_record
TN:
SF:src/screens/AddEditCourseScreen.tsx
FN:326,(anonymous_0)
FN:327,(anonymous_1)
FN:373,(anonymous_2)
FN:397,(anonymous_3)
FN:421,(anonymous_4)
FN:431,(anonymous_5)
FN:437,(anonymous_6)
FN:441,(anonymous_7)
FN:457,(anonymous_8)
FN:463,(anonymous_9)
FN:485,(anonymous_10)
FN:490,(anonymous_11)
FN:491,(anonymous_12)
FN:497,(anonymous_13)
FN:500,(anonymous_14)
FN:500,(anonymous_15)
FN:501,(anonymous_16)
FN:501,(anonymous_17)
FN:503,(anonymous_18)
FN:509,(anonymous_19)
FN:518,(anonymous_20)
FN:528,(anonymous_21)
FN:530,(anonymous_22)
FN:531,(anonymous_23)
FN:534,(anonymous_24)
FN:535,(anonymous_25)
FN:539,(anonymous_26)
FN:544,getWarningsForCourse
FN:546,(anonymous_28)
FN:547,(anonymous_29)
FN:550,(anonymous_30)
FN:551,(anonymous_31)
FN:554,(anonymous_32)
FN:555,(anonymous_33)
FN:558,(anonymous_34)
FN:559,(anonymous_35)
FN:569,(anonymous_36)
FN:572,(anonymous_37)
FN:572,(anonymous_38)
FN:577,(anonymous_39)
FN:584,handleSaveCourse
FN:594,(anonymous_41)
FN:595,(anonymous_42)
FN:606,(anonymous_43)
FN:623,(anonymous_44)
FN:644,(anonymous_45)
FN:661,(anonymous_46)
FN:665,(anonymous_47)
FN:686,(anonymous_48)
FN:693,(anonymous_49)
FN:711,(anonymous_50)
FN:714,(anonymous_51)
FN:748,(anonymous_52)
FN:758,(anonymous_53)
FN:764,(anonymous_54)
FN:771,(anonymous_55)
FN:795,(anonymous_56)
FN:796,(anonymous_57)
FN:797,(anonymous_58)
FN:802,(anonymous_59)
FN:802,(anonymous_60)
FN:817,(anonymous_61)
FN:819,(anonymous_62)
FN:828,(anonymous_63)
FN:830,(anonymous_64)
FN:902,(anonymous_65)
FN:903,(anonymous_66)
FN:906,(anonymous_67)
FN:926,(anonymous_68)
FN:956,(anonymous_69)
FN:972,(anonymous_70)
FN:993,(anonymous_71)
FN:994,(anonymous_72)
FN:999,(anonymous_73)
FN:999,(anonymous_74)
FN:1007,(anonymous_75)
FN:1016,(anonymous_76)
FN:1023,(anonymous_77)
FN:1026,(anonymous_78)
FN:1045,(anonymous_79)
FN:1059,(anonymous_80)
FN:1071,(anonymous_81)
FN:1072,(anonymous_82)
FN:1082,(anonymous_83)
FN:1089,(anonymous_84)
FN:1107,(anonymous_85)
FN:1111,(anonymous_86)
FN:1111,(anonymous_87)
FN:1124,(anonymous_88)
FN:1124,(anonymous_89)
FN:1137,(anonymous_90)
FN:1137,(anonymous_91)
FN:1153,(anonymous_92)
FN:1164,(anonymous_93)
FN:1177,(anonymous_94)
FN:1184,(anonymous_95)
FN:1188,(anonymous_96)
FN:1210,(anonymous_97)
FN:1224,(anonymous_98)
FN:1232,(anonymous_99)
FN:1258,(anonymous_100)
FN:1290,(anonymous_101)
FN:1297,(anonymous_102)
FN:1300,(anonymous_103)
FNF:104
FNH:0
FNDA:0,(anonymous_0)
FNDA:0,(anonymous_1)
FNDA:0,(anonymous_2)
FNDA:0,(anonymous_3)
FNDA:0,(anonymous_4)
FNDA:0,(anonymous_5)
FNDA:0,(anonymous_6)
FNDA:0,(anonymous_7)
FNDA:0,(anonymous_8)
FNDA:0,(anonymous_9)
FNDA:0,(anonymous_10)
FNDA:0,(anonymous_11)
FNDA:0,(anonymous_12)
FNDA:0,(anonymous_13)
FNDA:0,(anonymous_14)
FNDA:0,(anonymous_15)
FNDA:0,(anonymous_16)
FNDA:0,(anonymous_17)
FNDA:0,(anonymous_18)
FNDA:0,(anonymous_19)
FNDA:0,(anonymous_20)
FNDA:0,(anonymous_21)
FNDA:0,(anonymous_22)
FNDA:0,(anonymous_23)
FNDA:0,(anonymous_24)
FNDA:0,(anonymous_25)
FNDA:0,(anonymous_26)
FNDA:0,getWarningsForCourse
FNDA:0,(anonymous_28)
FNDA:0,(anonymous_29)
FNDA:0,(anonymous_30)
FNDA:0,(anonymous_31)
FNDA:0,(anonymous_32)
FNDA:0,(anonymous_33)
FNDA:0,(anonymous_34)
FNDA:0,(anonymous_35)
FNDA:0,(anonymous_36)
FNDA:0,(anonymous_37)
FNDA:0,(anonymous_38)
FNDA:0,(anonymous_39)
FNDA:0,handleSaveCourse
FNDA:0,(anonymous_41)
FNDA:0,(anonymous_42)
FNDA:0,(anonymous_43)
FNDA:0,(anonymous_44)
FNDA:0,(anonymous_45)
FNDA:0,(anonymous_46)
FNDA:0,(anonymous_47)
FNDA:0,(anonymous_48)
FNDA:0,(anonymous_49)
FNDA:0,(anonymous_50)
FNDA:0,(anonymous_51)
FNDA:0,(anonymous_52)
FNDA:0,(anonymous_53)
FNDA:0,(anonymous_54)
FNDA:0,(anonymous_55)
FNDA:0,(anonymous_56)
FNDA:0,(anonymous_57)
FNDA:0,(anonymous_58)
FNDA:0,(anonymous_59)
FNDA:0,(anonymous_60)
FNDA:0,(anonymous_61)
FNDA:0,(anonymous_62)
FNDA:0,(anonymous_63)
FNDA:0,(anonymous_64)
FNDA:0,(anonymous_65)
FNDA:0,(anonymous_66)
FNDA:0,(anonymous_67)
FNDA:0,(anonymous_68)
FNDA:0,(anonymous_69)
FNDA:0,(anonymous_70)
FNDA:0,(anonymous_71)
FNDA:0,(anonymous_72)
FNDA:0,(anonymous_73)
FNDA:0,(anonymous_74)
FNDA:0,(anonymous_75)
FNDA:0,(anonymous_76)
FNDA:0,(anonymous_77)
FNDA:0,(anonymous_78)
FNDA:0,(anonymous_79)
FNDA:0,(anonymous_80)
FNDA:0,(anonymous_81)
FNDA:0,(anonymous_82)
FNDA:0,(anonymous_83)
FNDA:0,(anonymous_84)
FNDA:0,(anonymous_85)
FNDA:0,(anonymous_86)
FNDA:0,(anonymous_87)
FNDA:0,(anonymous_88)
FNDA:0,(anonymous_89)
FNDA:0,(anonymous_90)
FNDA:0,(anonymous_91)
FNDA:0,(anonymous_92)
FNDA:0,(anonymous_93)
FNDA:0,(anonymous_94)
FNDA:0,(anonymous_95)
FNDA:0,(anonymous_96)
FNDA:0,(anonymous_97)
FNDA:0,(anonymous_98)
FNDA:0,(anonymous_99)
FNDA:0,(anonymous_100)
FNDA:0,(anonymous_101)
FNDA:0,(anonymous_102)
FNDA:0,(anonymous_103)
DA:14,0
DA:23,0
DA:30,0
DA:38,0
DA:299,0
DA:309,0
DA:315,0
DA:326,0
DA:327,0
DA:328,0
DA:330,0
DA:332,0
DA:334,0
DA:335,0
DA:342,0
DA:343,0
DA:350,0
DA:353,0
DA:354,0
DA:361,0
DA:364,0
DA:367,0
DA:368,0
DA:370,0
DA:374,0
DA:397,0
DA:408,0
DA:421,0
DA:431,0
DA:438,0
DA:441,0
DA:457,0
DA:458,0
DA:459,0
DA:461,0
DA:462,0
DA:463,0
DA:464,0
DA:465,0
DA:466,0
DA:467,0
DA:468,0
DA:469,0
DA:470,0
DA:471,0
DA:472,0
DA:473,0
DA:474,0
DA:475,0
DA:476,0
DA:477,0
DA:478,0
DA:479,0
DA:480,0
DA:481,0
DA:482,0
DA:485,0
DA:486,0
DA:490,0
DA:491,0
DA:492,0
DA:493,0
DA:494,0
DA:496,0
DA:497,0
DA:500,0
DA:501,0
DA:503,0
DA:504,0
DA:505,0
DA:506,0
DA:509,0
DA:510,0
DA:511,0
DA:512,0
DA:513,0
DA:514,0
DA:518,0
DA:519,0
DA:520,0
DA:521,0
DA:522,0
DA:523,0
DA:528,0
DA:529,0
DA:530,0
DA:531,0
DA:532,0
DA:534,0
DA:535,0
DA:536,0
DA:538,0
DA:539,0
DA:545,0
DA:546,0
DA:547,0
DA:548,0
DA:550,0
DA:551,0
DA:552,0
DA:554,0
DA:555,0
DA:556,0
DA:558,0
DA:559,0
DA:560,0
DA:562,0
DA:563,0
DA:564,0
DA:565,0
DA:566,0
DA:567,0
DA:568,0
DA:569,0
DA:572,0
DA:573,0
DA:574,0
DA:575,0
DA:576,0
DA:577,0
DA:585,0
DA:586,0
DA:587,0
DA:588,0
DA:589,0
DA:590,0
DA:591,0
DA:592,0
DA:593,0
DA:594,0
DA:595,0
DA:596,0
DA:597,0
DA:598,0
DA:604,0
DA:606,0
DA:618,0
DA:619,0
DA:621,0
DA:622,0
DA:623,0
DA:624,0
DA:632,0
DA:634,0
DA:636,0
DA:640,0
DA:644,0
DA:662,0
DA:665,0
DA:687,0
DA:693,0
DA:712,0
DA:714,0
DA:748,0
DA:758,0
DA:765,0
DA:771,0
DA:796,0
DA:797,0
DA:798,0
DA:802,0
DA:818,0
DA:819,0
DA:821,0
DA:829,0
DA:830,0
DA:903,0
DA:904,0
DA:905,0
DA:906,0
DA:907,0
DA:908,0
DA:910,0
DA:926,0
DA:956,0
DA:972,0
DA:994,0
DA:995,0
DA:996,0
DA:997,0
DA:998,0
DA:999,0
DA:1007,0
DA:1008,0
DA:1017,0
DA:1024,0
DA:1026,0
DA:1046,0
DA:1047,0
DA:1048,0
DA:1059,0
DA:1071,0
DA:1072,0
DA:1082,0
DA:1089,0
DA:1108,0
DA:1111,0
DA:1124,0
DA:1137,0
DA:1153,0
DA:1164,0
DA:1177,0
DA:1184,0
DA:1189,0
DA:1190,0
DA:1199,0
DA:1200,0
DA:1210,0
DA:1225,0
DA:1232,0
DA:1259,0
DA:1260,0
DA:1261,0
DA:1263,0
DA:1266,0
DA:1290,0
DA:1297,0
DA:1301,0
DA:1302,0
DA:1314,0
LF:220
LH:0
BRDA:328,0,0,0
BRDA:328,0,1,0
BRDA:332,1,0,0
BRDA:332,1,1,0
BRDA:334,2,0,0
BRDA:334,2,1,0
BRDA:334,3,0,0
BRDA:334,3,1,0
BRDA:342,4,0,0
BRDA:342,4,1,0
BRDA:342,5,0,0
BRDA:342,5,1,0
BRDA:353,6,0,0
BRDA:353,6,1,0
BRDA:353,7,0,0
BRDA:353,7,1,0
BRDA:368,8,0,0
BRDA:368,8,1,0
BRDA:375,9,0,0
BRDA:375,9,1,0
BRDA:380,10,0,0
BRDA:380,10,1,0
BRDA:384,11,0,0
BRDA:384,11,1,0
BRDA:418,12,0,0
BRDA:418,12,1,0
BRDA:430,13,0,0
BRDA:430,13,1,0
BRDA:433,14,0,0
BRDA:433,14,1,0
BRDA:440,15,0,0
BRDA:440,15,1,0
BRDA:446,16,0,0
BRDA:446,16,1,0
BRDA:448,17,0,0
BRDA:448,17,1,0
BRDA:462,18,0,0
BRDA:462,18,1,0
BRDA:463,19,0,0
BRDA:463,19,1,0
BRDA:466,20,0,0
BRDA:466,20,1,0
BRDA:467,21,0,0
BRDA:467,21,1,0
BRDA:468,22,0,0
BRDA:468,22,1,0
BRDA:469,23,0,0
BRDA:469,23,1,0
BRDA:472,24,0,0
BRDA:472,24,1,0
BRDA:475,25,0,0
BRDA:475,25,1,0
BRDA:486,26,0,0
BRDA:486,26,1,0
BRDA:492,27,0,0
BRDA:492,27,1,0
BRDA:492,28,0,0
BRDA:492,28,1,0
BRDA:504,29,0,0
BRDA:504,29,1,0
BRDA:505,30,0,0
BRDA:505,30,1,0
BRDA:506,31,0,0
BRDA:506,31,1,0
BRDA:510,32,0,0
BRDA:510,32,1,0
BRDA:510,32,2,0
BRDA:510,32,3,0
BRDA:519,33,0,0
BRDA:519,33,1,0
BRDA:519,33,2,0
BRDA:519,33,3,0
BRDA:529,34,0,0
BRDA:529,34,1,0
BRDA:529,35,0,0
BRDA:529,35,1,0
BRDA:532,36,0,0
BRDA:532,36,1,0
BRDA:536,37,0,0
BRDA:536,37,1,0
BRDA:538,38,0,0
BRDA:538,38,1,0
BRDA:538,39,0,0
BRDA:538,39,1,0
BRDA:548,40,0,0
BRDA:548,40,1,0
BRDA:552,41,0,0
BRDA:552,41,1,0
BRDA:556,42,0,0
BRDA:556,42,1,0
BRDA:556,42,2,0
BRDA:560,43,0,0
BRDA:560,43,1,0
BRDA:562,44,0,0
BRDA:562,44,1,0
BRDA:562,45,0,0
BRDA:562,45,1,0
BRDA:563,46,0,0
BRDA:563,46,1,0
BRDA:566,47,0,0
BRDA:566,47,1,0
BRDA:567,48,0,0
BRDA:567,48,1,0
BRDA:574,49,0,0
BRDA:574,49,1,0
BRDA:585,50,0,0
BRDA:585,50,1,0
BRDA:585,51,0,0
BRDA:585,51,1,0
BRDA:585,51,2,0
BRDA:590,52,0,0
BRDA:590,52,1,0
BRDA:596,53,0,0
BRDA:596,53,1,0
BRDA:600,54,0,0
BRDA:600,54,1,0
BRDA:601,55,0,0
BRDA:601,55,1,0
BRDA:601,56,0,0
BRDA:601,56,1,0
BRDA:601,57,0,0
BRDA:601,57,1,0
BRDA:619,58,0,0
BRDA:619,58,1,0
BRDA:622,59,0,0
BRDA:622,59,1,0
BRDA:622,60,0,0
BRDA:622,60,1,0
BRDA:634,61,0,0
BRDA:634,61,1,0
BRDA:664,62,0,0
BRDA:664,62,1,0
BRDA:670,63,0,0
BRDA:670,63,1,0
BRDA:673,64,0,0
BRDA:673,64,1,0
BRDA:682,65,0,0
BRDA:682,65,1,0
BRDA:691,66,0,0
BRDA:691,66,1,0
BRDA:717,67,0,0
BRDA:717,67,1,0
BRDA:722,68,0,0
BRDA:722,68,1,0
BRDA:733,69,0,0
BRDA:733,69,1,0
BRDA:747,70,0,0
BRDA:747,70,1,0
BRDA:757,71,0,0
BRDA:757,71,1,0
BRDA:760,72,0,0
BRDA:760,72,1,0
BRDA:769,73,0,0
BRDA:769,73,1,0
BRDA:771,74,0,0
BRDA:771,74,1,0
BRDA:776,75,0,0
BRDA:776,75,1,0
BRDA:781,76,0,0
BRDA:781,76,1,0
BRDA:790,77,0,0
BRDA:790,77,1,0
BRDA:798,78,0,0
BRDA:798,78,1,0
BRDA:799,79,0,0
BRDA:799,79,1,0
BRDA:826,80,0,0
BRDA:826,80,1,0
BRDA:826,81,0,0
BRDA:826,81,1,0
BRDA:829,82,0,0
BRDA:829,82,1,0
BRDA:836,83,0,0
BRDA:836,83,1,0
BRDA:837,84,0,0
BRDA:837,84,1,0
BRDA:840,85,0,0
BRDA:840,85,1,0
BRDA:841,86,0,0
BRDA:841,86,1,0
BRDA:848,87,0,0
BRDA:848,87,1,0
BRDA:879,88,0,0
BRDA:879,88,1,0
BRDA:880,89,0,0
BRDA:880,89,1,0
BRDA:904,90,0,0
BRDA:904,90,1,0
BRDA:905,91,0,0
BRDA:905,91,1,0
BRDA:913,92,0,0
BRDA:913,92,1,0
BRDA:922,93,0,0
BRDA:922,93,1,0
BRDA:930,94,0,0
BRDA:930,94,1,0
BRDA:935,95,0,0
BRDA:935,95,1,0
BRDA:940,96,0,0
BRDA:940,96,1,0
BRDA:947,97,0,0
BRDA:947,97,1,0
BRDA:955,98,0,0
BRDA:955,98,1,0
BRDA:971,99,0,0
BRDA:971,99,1,0
BRDA:990,100,0,0
BRDA:990,100,1,0
BRDA:995,101,0,0
BRDA:995,101,1,0
BRDA:996,102,0,0
BRDA:996,102,1,0
BRDA:997,103,0,0
BRDA:997,103,1,0
BRDA:998,104,0,0
BRDA:998,104,1,0
BRDA:998,105,0,0
BRDA:998,105,1,0
BRDA:1004,106,0,0
BRDA:1004,106,1,0
BRDA:1004,106,2,0
BRDA:1011,107,0,0
BRDA:1011,107,1,0
BRDA:1021,108,0,0
BRDA:1021,108,1,0
BRDA:1025,109,0,0
BRDA:1025,109,1,0
BRDA:1033,110,0,0
BRDA:1033,110,1,0
BRDA:1046,111,0,0
BRDA:1046,111,1,0
BRDA:1047,112,0,0
BRDA:1047,112,1,0
BRDA:1062,113,0,0
BRDA:1062,113,1,0
BRDA:1066,114,0,0
BRDA:1066,114,1,0
BRDA:1070,115,0,0
BRDA:1070,115,1,0
BRDA:1070,116,0,0
BRDA:1070,116,1,0
BRDA:1070,117,0,0
BRDA:1070,117,1,0
BRDA:1103,118,0,0
BRDA:1103,118,1,0
BRDA:1124,119,0,0
BRDA:1124,119,1,0
BRDA:1137,120,0,0
BRDA:1137,120,1,0
BRDA:1146,121,0,0
BRDA:1146,121,1,0
BRDA:1189,122,0,0
BRDA:1189,122,1,0
BRDA:1189,123,0,0
BRDA:1189,123,1,0
BRDA:1189,123,2,0
BRDA:1218,124,0,0
BRDA:1218,124,1,0
BRDA:1233,125,0,0
BRDA:1233,125,1,0
BRDA:1234,126,0,0
BRDA:1234,126,1,0
BRDA:1242,127,0,0
BRDA:1242,127,1,0
BRDA:1242,127,2,0
BRDA:1243,128,0,0
BRDA:1243,128,1,0
BRDA:1247,129,0,0
BRDA:1247,129,1,0
BRDA:1257,130,0,0
BRDA:1257,130,1,0
BRDA:1259,131,0,0
BRDA:1259,131,1,0
BRDA:1260,132,0,0
BRDA:1260,132,1,0
BRDA:1260,133,0,0
BRDA:1260,133,1,0
BRDA:1275,134,0,0
BRDA:1275,134,1,0
BRDA:1280,135,0,0
BRDA:1280,135,1,0
BRF:281
BRH:0
end_of_record
TN:
SF:src/screens/AllAchievementsScreen.tsx
FN:32,(anonymous_0)
FN:39,(anonymous_1)
FN:47,(anonymous_2)
FN:48,(anonymous_3)
FN:56,(anonymous_4)
FN:65,(anonymous_5)
FN:67,(anonymous_6)
FN:74,(anonymous_7)
FN:75,(anonymous_8)
FN:77,(anonymous_9)
FN:86,(anonymous_10)
FN:108,(anonymous_11)
FN:115,(anonymous_12)
FN:119,(anonymous_13)
FN:151,(anonymous_14)
FN:169,(anonymous_15)
FN:172,(anonymous_16)
FN:192,(anonymous_17)
FN:195,(anonymous_18)
FN:209,(anonymous_19)
FNF:20
FNH:0
FNDA:0,(anonymous_0)
FNDA:0,(anonymous_1)
FNDA:0,(anonymous_2)
FNDA:0,(anonymous_3)
FNDA:0,(anonymous_4)
FNDA:0,(anonymous_5)
FNDA:0,(anonymous_6)
FNDA:0,(anonymous_7)
FNDA:0,(anonymous_8)
FNDA:0,(anonymous_9)
FNDA:0,(anonymous_10)
FNDA:0,(anonymous_11)
FNDA:0,(anonymous_12)
FNDA:0,(anonymous_13)
FNDA:0,(anonymous_14)
FNDA:0,(anonymous_15)
FNDA:0,(anonymous_16)
FNDA:0,(anonymous_17)
FNDA:0,(anonymous_18)
FNDA:0,(anonymous_19)
DA:12,0
DA:22,0
DA:32,0
DA:33,0
DA:34,0
DA:35,0
DA:36,0
DA:37,0
DA:39,0
DA:40,0
DA:41,0
DA:42,0
DA:43,0
DA:44,0
DA:47,0
DA:48,0
DA:49,0
DA:50,0
DA:51,0
DA:53,0
DA:56,0
DA:57,0
DA:58,0
DA:59,0
DA:63,0
DA:65,0
DA:67,0
DA:68,0
DA:69,0
DA:70,0
DA:73,0
DA:74,0
DA:75,0
DA:77,0
DA:78,0
DA:80,0
DA:86,0
DA:108,0
DA:116,0
DA:119,0
DA:152,0
DA:153,0
DA:155,0
DA:169,0
DA:173,0
DA:192,0
DA:196,0
DA:209,0
DA:210,0
DA:211,0
DA:212,0
DA:214,0
DA:226,0
DA:283,0
LF:54
LH:0
BRDA:42,0,0,0
BRDA:42,0,1,0
BRDA:63,1,0,0
BRDA:63,1,1,0
BRDA:68,2,0,0
BRDA:68,2,1,0
BRDA:107,3,0,0
BRDA:107,3,1,0
BRDA:110,4,0,0
BRDA:110,4,1,0
BRDA:111,5,0,0
BRDA:111,5,1,0
BRDA:118,6,0,0
BRDA:118,6,1,0
BRDA:124,7,0,0
BRDA:124,7,1,0
BRDA:126,8,0,0
BRDA:126,8,1,0
BRDA:145,9,0,0
BRDA:145,9,1,0
BRDA:150,10,0,0
BRDA:150,10,1,0
BRDA:152,11,0,0
BRDA:152,11,1,0
BRDA:153,12,0,0
BRDA:153,12,1,0
BRDA:211,13,0,0
BRDA:211,13,1,0
BRDA:214,14,0,0
BRDA:214,14,1,0
BRDA:218,15,0,0
BRDA:218,15,1,0
BRDA:231,16,0,0
BRDA:231,16,1,0
BRDA:232,17,0,0
BRDA:232,17,1,0
BRDA:240,18,0,0
BRDA:240,18,1,0
BRDA:240,19,0,0
BRDA:240,19,1,0
BRDA:242,20,0,0
BRDA:242,20,1,0
BRDA:251,21,0,0
BRDA:251,21,1,0
BRDA:252,22,0,0
BRDA:252,22,1,0
BRDA:267,23,0,0
BRDA:267,23,1,0
BRDA:268,24,0,0
BRDA:268,24,1,0
BRDA:274,25,0,0
BRDA:274,25,1,0
BRF:52
BRH:0
end_of_record
TN:
SF:src/screens/AuthScreen.tsx
FN:42,(anonymous_0)
FN:47,(anonymous_1)
FN:56,(anonymous_2)
FN:74,(anonymous_3)
FN:80,(anonymous_4)
FN:88,(anonymous_5)
FN:100,(anonymous_6)
FN:103,(anonymous_7)
FN:111,(anonymous_8)
FN:125,(anonymous_9)
FN:176,(anonymous_10)
FN:183,(anonymous_11)
FN:205,(anonymous_12)
FN:219,(anonymous_13)
FN:221,(anonymous_14)
FN:231,(anonymous_15)
FN:241,(anonymous_16)
FN:258,(anonymous_17)
FN:275,(anonymous_18)
FN:279,(anonymous_19)
FN:286,(anonymous_20)
FN:365,(anonymous_21)
FN:429,(anonymous_22)
FNF:23
FNH:0
FNDA:0,(anonymous_0)
FNDA:0,(anonymous_1)
FNDA:0,(anonymous_2)
FNDA:0,(anonymous_3)
FNDA:0,(anonymous_4)
FNDA:0,(anonymous_5)
FNDA:0,(anonymous_6)
FNDA:0,(anonymous_7)
FNDA:0,(anonymous_8)
FNDA:0,(anonymous_9)
FNDA:0,(anonymous_10)
FNDA:0,(anonymous_11)
FNDA:0,(anonymous_12)
FNDA:0,(anonymous_13)
FNDA:0,(anonymous_14)
FNDA:0,(anonymous_15)
FNDA:0,(anonymous_16)
FNDA:0,(anonymous_17)
FNDA:0,(anonymous_18)
FNDA:0,(anonymous_19)
FNDA:0,(anonymous_20)
FNDA:0,(anonymous_21)
FNDA:0,(anonymous_22)
DA:39,0
DA:42,0
DA:43,0
DA:44,0
DA:45,0
DA:47,0
DA:48,0
DA:52,0
DA:53,0
DA:56,0
DA:64,0
DA:74,0
DA:75,0
DA:76,0
DA:80,0
DA:81,0
DA:82,0
DA:84,0
DA:88,0
DA:89,0
DA:91,0
DA:100,0
DA:101,0
DA:103,0
DA:104,0
DA:105,0
DA:107,0
DA:111,0
DA:115,0
DA:117,0
DA:125,0
DA:142,0
DA:151,0
DA:158,0
DA:176,0
DA:177,0
DA:183,0
DA:184,0
DA:185,0
DA:205,0
DA:206,0
DA:207,0
DA:208,0
DA:209,0
DA:210,0
DA:211,0
DA:212,0
DA:215,0
DA:216,0
DA:217,0
DA:219,0
DA:221,0
DA:222,0
DA:223,0
DA:224,0
DA:225,0
DA:226,0
DA:231,0
DA:232,0
DA:233,0
DA:235,0
DA:236,0
DA:238,0
DA:241,0
DA:242,0
DA:243,0
DA:244,0
DA:247,0
DA:248,0
DA:249,0
DA:251,0
DA:252,0
DA:254,0
DA:258,0
DA:259,0
DA:260,0
DA:261,0
DA:262,0
DA:264,0
DA:268,0
DA:269,0
DA:271,0
DA:275,0
DA:276,0
DA:279,0
DA:280,0
DA:283,0
DA:286,0
DA:365,0
DA:429,0
DA:445,0
LF:91
LH:0
BRDA:81,0,0,0
BRDA:81,0,1,0
BRDA:89,1,0,0
BRDA:89,1,1,0
BRDA:104,2,0,0
BRDA:104,2,1,0
BRDA:115,3,0,0
BRDA:115,3,1,0
BRDA:128,4,0,0
BRDA:130,5,0,0
BRDA:131,6,0,0
BRDA:144,7,0,0
BRDA:144,7,1,0
BRDA:145,8,0,0
BRDA:145,8,1,0
BRDA:146,9,0,0
BRDA:146,9,1,0
BRDA:147,10,0,0
BRDA:147,10,1,0
BRDA:153,11,0,0
BRDA:153,11,1,0
BRDA:154,12,0,0
BRDA:154,12,1,0
BRDA:155,13,0,0
BRDA:155,13,1,0
BRDA:162,14,0,0
BRDA:162,14,1,0
BRDA:166,15,0,0
BRDA:166,15,1,0
BRDA:166,16,0,0
BRDA:166,16,1,0
BRDA:168,17,0,0
BRDA:168,17,1,0
BRDA:184,18,0,0
BRDA:184,18,1,0
BRDA:226,19,0,0
BRDA:226,19,1,0
BRDA:226,19,2,0
BRDA:226,19,3,0
BRDA:235,20,0,0
BRDA:235,20,1,0
BRDA:235,21,0,0
BRDA:235,21,1,0
BRDA:236,22,0,0
BRDA:236,22,1,0
BRDA:236,23,0,0
BRDA:236,23,1,0
BRDA:238,24,0,0
BRDA:238,24,1,0
BRDA:238,24,2,0
BRDA:238,24,3,0
BRDA:242,25,0,0
BRDA:242,25,1,0
BRDA:251,26,0,0
BRDA:251,26,1,0
BRDA:252,27,0,0
BRDA:252,27,1,0
BRDA:260,28,0,0
BRDA:260,28,1,0
BRDA:268,29,0,0
BRDA:268,29,1,0
BRDA:289,30,0,0
BRDA:289,30,1,0
BRDA:319,31,0,0
BRDA:319,31,1,0
BRDA:326,32,0,0
BRDA:326,32,1,0
BRDA:327,33,0,0
BRDA:327,33,1,0
BRDA:333,34,0,0
BRDA:333,34,1,0
BRDA:346,35,0,0
BRDA:346,35,1,0
BRDA:352,36,0,0
BRDA:352,36,1,0
BRDA:353,37,0,0
BRDA:353,37,1,0
BRDA:359,38,0,0
BRDA:359,38,1,0
BRDA:364,39,0,0
BRDA:364,39,1,0
BRDA:385,40,0,0
BRDA:385,40,1,0
BRDA:386,41,0,0
BRDA:386,41,1,0
BRDA:387,42,0,0
BRDA:387,42,1,0
BRDA:389,43,0,0
BRDA:389,43,1,0
BRF:89
BRH:0
end_of_record
TN:
SF:src/screens/CourseDetailScreen.tsx
FN:52,(anonymous_0)
FN:69,(anonymous_1)
FN:77,(anonymous_2)
FN:96,(anonymous_3)
FN:109,(anonymous_4)
FN:129,(anonymous_5)
FN:142,(anonymous_6)
FN:171,(anonymous_7)
FN:198,(anonymous_8)
FN:217,(anonymous_9)
FN:226,(anonymous_10)
FN:265,(anonymous_11)
FN:299,(anonymous_12)
FN:305,(anonymous_13)
FN:308,(anonymous_14)
FN:309,(anonymous_15)
FN:320,(anonymous_16)
FN:330,(anonymous_17)
FN:337,(anonymous_18)
FN:345,(anonymous_19)
FN:353,(anonymous_20)
FN:381,(anonymous_21)
FN:386,(anonymous_22)
FN:396,(anonymous_23)
FN:401,(anonymous_24)
FN:402,(anonymous_25)
FN:403,(anonymous_26)
FN:404,(anonymous_27)
FN:420,(anonymous_28)
FN:428,(anonymous_29)
FN:452,(anonymous_30)
FN:476,(anonymous_31)
FN:481,(anonymous_32)
FN:491,(anonymous_33)
FN:500,(anonymous_34)
FN:501,(anonymous_35)
FN:525,(anonymous_36)
FN:556,(anonymous_37)
FN:557,(anonymous_38)
FN:565,(anonymous_39)
FN:599,(anonymous_40)
FN:618,(anonymous_41)
FN:637,getCourseProgress
FN:647,getCurrentWeek
FN:655,getCourseProgressDays
FN:666,getNextEvent
FN:671,(anonymous_46)
FN:672,(anonymous_47)
FN:676,(anonymous_48)
FN:701,(anonymous_49)
FN:1249,(anonymous_50)
FN:1268,(anonymous_51)
FN:1281,(anonymous_52)
FN:1303,(anonymous_53)
FN:1311,(anonymous_54)
FN:1312,(anonymous_55)
FN:1327,(anonymous_56)
FN:1330,(anonymous_57)
FN:1331,(anonymous_58)
FN:1336,(anonymous_59)
FN:1343,(anonymous_60)
FN:1347,(anonymous_61)
FN:1348,(anonymous_62)
FN:1359,(anonymous_63)
FN:1360,(anonymous_64)
FN:1371,(anonymous_65)
FN:1376,(anonymous_66)
FN:1389,(anonymous_67)
FN:1402,(anonymous_68)
FN:1416,(anonymous_69)
FN:1451,(anonymous_70)
FN:1455,(anonymous_71)
FN:1465,(anonymous_72)
FN:1511,(anonymous_73)
FN:1520,(anonymous_74)
FN:1529,(anonymous_75)
FN:1538,(anonymous_76)
FN:1552,(anonymous_77)
FN:1570,(anonymous_78)
FN:1594,(anonymous_79)
FN:1619,(anonymous_80)
FN:1725,(anonymous_81)
FN:1732,(anonymous_82)
FN:1779,(anonymous_83)
FN:1796,(anonymous_84)
FN:1798,(anonymous_85)
FN:1806,(anonymous_86)
FN:1813,(anonymous_87)
FN:1820,(anonymous_88)
FN:1827,(anonymous_89)
FN:1848,(anonymous_90)
FN:1901,(anonymous_91)
FN:1906,(anonymous_92)
FN:1935,(anonymous_93)
FN:1947,(anonymous_94)
FN:1951,(anonymous_95)
FNF:96
FNH:0
FNDA:0,(anonymous_0)
FNDA:0,(anonymous_1)
FNDA:0,(anonymous_2)
FNDA:0,(anonymous_3)
FNDA:0,(anonymous_4)
FNDA:0,(anonymous_5)
FNDA:0,(anonymous_6)
FNDA:0,(anonymous_7)
FNDA:0,(anonymous_8)
FNDA:0,(anonymous_9)
FNDA:0,(anonymous_10)
FNDA:0,(anonymous_11)
FNDA:0,(anonymous_12)
FNDA:0,(anonymous_13)
FNDA:0,(anonymous_14)
FNDA:0,(anonymous_15)
FNDA:0,(anonymous_16)
FNDA:0,(anonymous_17)
FNDA:0,(anonymous_18)
FNDA:0,(anonymous_19)
FNDA:0,(anonymous_20)
FNDA:0,(anonymous_21)
FNDA:0,(anonymous_22)
FNDA:0,(anonymous_23)
FNDA:0,(anonymous_24)
FNDA:0,(anonymous_25)
FNDA:0,(anonymous_26)
FNDA:0,(anonymous_27)
FNDA:0,(anonymous_28)
FNDA:0,(anonymous_29)
FNDA:0,(anonymous_30)
FNDA:0,(anonymous_31)
FNDA:0,(anonymous_32)
FNDA:0,(anonymous_33)
FNDA:0,(anonymous_34)
FNDA:0,(anonymous_35)
FNDA:0,(anonymous_36)
FNDA:0,(anonymous_37)
FNDA:0,(anonymous_38)
FNDA:0,(anonymous_39)
FNDA:0,(anonymous_40)
FNDA:0,(anonymous_41)
FNDA:0,getCourseProgress
FNDA:0,getCurrentWeek
FNDA:0,getCourseProgressDays
FNDA:0,getNextEvent
FNDA:0,(anonymous_46)
FNDA:0,(anonymous_47)
FNDA:0,(anonymous_48)
FNDA:0,(anonymous_49)
FNDA:0,(anonymous_50)
FNDA:0,(anonymous_51)
FNDA:0,(anonymous_52)
FNDA:0,(anonymous_53)
FNDA:0,(anonymous_54)
FNDA:0,(anonymous_55)
FNDA:0,(anonymous_56)
FNDA:0,(anonymous_57)
FNDA:0,(anonymous_58)
FNDA:0,(anonymous_59)
FNDA:0,(anonymous_60)
FNDA:0,(anonymous_61)
FNDA:0,(anonymous_62)
FNDA:0,(anonymous_63)
FNDA:0,(anonymous_64)
FNDA:0,(anonymous_65)
FNDA:0,(anonymous_66)
FNDA:0,(anonymous_67)
FNDA:0,(anonymous_68)
FNDA:0,(anonymous_69)
FNDA:0,(anonymous_70)
FNDA:0,(anonymous_71)
FNDA:0,(anonymous_72)
FNDA:0,(anonymous_73)
FNDA:0,(anonymous_74)
FNDA:0,(anonymous_75)
FNDA:0,(anonymous_76)
FNDA:0,(anonymous_77)
FNDA:0,(anonymous_78)
FNDA:0,(anonymous_79)
FNDA:0,(anonymous_80)
FNDA:0,(anonymous_81)
FNDA:0,(anonymous_82)
FNDA:0,(anonymous_83)
FNDA:0,(anonymous_84)
FNDA:0,(anonymous_85)
FNDA:0,(anonymous_86)
FNDA:0,(anonymous_87)
FNDA:0,(anonymous_88)
FNDA:0,(anonymous_89)
FNDA:0,(anonymous_90)
FNDA:0,(anonymous_91)
FNDA:0,(anonymous_92)
FNDA:0,(anonymous_93)
FNDA:0,(anonymous_94)
FNDA:0,(anonymous_95)
DA:42,0
DA:44,0
DA:52,0
DA:67,0
DA:69,0
DA:70,0
DA:71,0
DA:73,0
DA:77,0
DA:81,0
DA:96,0
DA:107,0
DA:109,0
DA:111,0
DA:129,0
DA:142,0
DA:143,0
DA:145,0
DA:151,0
DA:157,0
DA:163,0
DA:171,0
DA:172,0
DA:174,0
DA:176,0
DA:178,0
DA:182,0
DA:183,0
DA:185,0
DA:198,0
DA:217,0
DA:218,0
DA:219,0
DA:220,0
DA:221,0
DA:222,0
DA:226,0
DA:227,0
DA:228,0
DA:229,0
DA:230,0
DA:231,0
DA:235,0
DA:237,0
DA:265,0
DA:278,0
DA:299,0
DA:300,0
DA:302,0
DA:303,0
DA:305,0
DA:306,0
DA:308,0
DA:309,0
DA:310,0
DA:312,0
DA:320,0
DA:323,0
DA:330,0
DA:337,0
DA:346,0
DA:347,0
DA:349,0
DA:354,0
DA:381,0
DA:386,0
DA:387,0
DA:388,0
DA:390,0
DA:391,0
DA:392,0
DA:393,0
DA:394,0
DA:396,0
DA:397,0
DA:398,0
DA:401,0
DA:402,0
DA:403,0
DA:404,0
DA:406,0
DA:416,0
DA:419,0
DA:420,0
DA:422,0
DA:429,0
DA:452,0
DA:476,0
DA:481,0
DA:482,0
DA:483,0
DA:485,0
DA:486,0
DA:487,0
DA:488,0
DA:489,0
DA:491,0
DA:492,0
DA:493,0
DA:497,0
DA:498,0
DA:500,0
DA:501,0
DA:503,0
DA:504,0
DA:505,0
DA:507,0
DA:515,0
DA:518,0
DA:520,0
DA:525,0
DA:556,0
DA:557,0
DA:558,0
DA:565,0
DA:566,0
DA:567,0
DA:569,0
DA:571,0
DA:572,0
DA:574,0
DA:575,0
DA:577,0
DA:578,0
DA:581,0
DA:582,0
DA:586,0
DA:589,0
DA:591,0
DA:599,0
DA:618,0
DA:638,0
DA:639,0
DA:640,0
DA:641,0
DA:642,0
DA:643,0
DA:644,0
DA:648,0
DA:649,0
DA:650,0
DA:651,0
DA:652,0
DA:656,0
DA:657,0
DA:658,0
DA:659,0
DA:660,0
DA:661,0
DA:662,0
DA:663,0
DA:667,0
DA:668,0
DA:669,0
DA:670,0
DA:671,0
DA:672,0
DA:673,0
DA:674,0
DA:675,0
DA:676,0
DA:677,0
DA:678,0
DA:679,0
DA:680,0
DA:681,0
DA:682,0
DA:683,0
DA:684,0
DA:685,0
DA:686,0
DA:687,0
DA:691,0
DA:692,0
DA:693,0
DA:694,0
DA:695,0
DA:696,0
DA:697,0
DA:701,0
DA:710,0
DA:726,0
DA:1249,0
DA:1250,0
DA:1251,0
DA:1252,0
DA:1253,0
DA:1254,0
DA:1255,0
DA:1256,0
DA:1257,0
DA:1258,0
DA:1259,0
DA:1260,0
DA:1261,0
DA:1262,0
DA:1265,0
DA:1266,0
DA:1268,0
DA:1269,0
DA:1278,0
DA:1281,0
DA:1282,0
DA:1283,0
DA:1284,0
DA:1285,0
DA:1286,0
DA:1287,0
DA:1288,0
DA:1296,0
DA:1298,0
DA:1299,0
DA:1303,0
DA:1304,0
DA:1305,0
DA:1306,0
DA:1307,0
DA:1310,0
DA:1311,0
DA:1313,0
DA:1314,0
DA:1315,0
DA:1316,0
DA:1318,0
DA:1321,0
DA:1326,0
DA:1327,0
DA:1330,0
DA:1331,0
DA:1332,0
DA:1336,0
DA:1337,0
DA:1338,0
DA:1339,0
DA:1343,0
DA:1344,0
DA:1347,0
DA:1348,0
DA:1349,0
DA:1350,0
DA:1351,0
DA:1352,0
DA:1353,0
DA:1358,0
DA:1360,0
DA:1361,0
DA:1362,0
DA:1363,0
DA:1364,0
DA:1365,0
DA:1371,0
DA:1372,0
DA:1373,0
DA:1376,0
DA:1377,0
DA:1379,0
DA:1381,0
DA:1383,0
DA:1385,0
DA:1389,0
DA:1390,0
DA:1392,0
DA:1394,0
DA:1396,0
DA:1398,0
DA:1402,0
DA:1403,0
DA:1405,0
DA:1407,0
DA:1409,0
DA:1411,0
DA:1416,0
DA:1417,0
DA:1448,0
DA:1451,0
DA:1455,0
DA:1456,0
DA:1457,0
DA:1458,0
DA:1459,0
DA:1461,0
DA:1465,0
DA:1466,0
DA:1468,0
DA:1511,0
DA:1520,0
DA:1529,0
DA:1538,0
DA:1554,0
DA:1556,0
DA:1557,0
DA:1558,0
DA:1559,0
DA:1560,0
DA:1561,0
DA:1562,0
DA:1563,0
DA:1564,0
DA:1565,0
DA:1566,0
DA:1569,0
DA:1570,0
DA:1574,0
DA:1576,0
DA:1595,0
DA:1596,0
DA:1597,0
DA:1598,0
DA:1599,0
DA:1600,0
DA:1602,0
DA:1620,0
DA:1643,0
DA:1656,0
DA:1665,0
DA:1720,0
DA:1725,0
DA:1732,0
DA:1733,0
DA:1734,0
DA:1735,0
DA:1737,0
DA:1741,0
DA:1742,0
DA:1752,0
DA:1753,0
DA:1766,0
DA:1767,0
DA:1768,0
DA:1770,0
DA:1779,0
DA:1796,0
DA:1798,0
DA:1806,0
DA:1813,0
DA:1820,0
DA:1827,0
DA:1848,0
DA:1902,0
DA:1906,0
DA:1935,0
DA:1947,0
DA:1952,0
DA:1953,0
LF:344
LH:0
BRDA:54,0,0,0
BRDA:55,1,0,0
BRDA:56,2,0,0
BRDA:57,3,0,0
BRDA:58,4,0,0
BRDA:70,5,0,0
BRDA:70,5,1,0
BRDA:86,6,0,0
BRDA:86,6,1,0
BRDA:98,7,0,0
BRDA:99,8,0,0
BRDA:100,9,0,0
BRDA:107,10,0,0
BRDA:107,10,1,0
BRDA:131,11,0,0
BRDA:132,12,0,0
BRDA:134,13,0,0
BRDA:143,14,0,0
BRDA:143,14,1,0
BRDA:143,14,2,0
BRDA:143,14,3,0
BRDA:172,15,0,0
BRDA:172,15,1,0
BRDA:172,15,2,0
BRDA:187,16,0,0
BRDA:187,16,1,0
BRDA:202,17,0,0
BRDA:218,18,0,0
BRDA:218,18,1,0
BRDA:218,18,2,0
BRDA:218,18,3,0
BRDA:227,19,0,0
BRDA:227,19,1,0
BRDA:227,19,2,0
BRDA:227,19,3,0
BRDA:235,20,0,0
BRDA:235,20,1,0
BRDA:243,21,0,0
BRDA:243,21,1,0
BRDA:249,22,0,0
BRDA:249,22,1,0
BRDA:251,23,0,0
BRDA:251,23,1,0
BRDA:255,24,0,0
BRDA:255,24,1,0
BRDA:255,25,0,0
BRDA:255,25,1,0
BRDA:269,26,0,0
BRDA:270,27,0,0
BRDA:278,28,0,0
BRDA:278,28,1,0
BRDA:279,29,0,0
BRDA:279,29,1,0
BRDA:283,30,0,0
BRDA:283,30,1,0
BRDA:287,31,0,0
BRDA:287,31,1,0
BRDA:291,32,0,0
BRDA:291,32,1,0
BRDA:291,32,2,0
BRDA:310,33,0,0
BRDA:310,33,1,0
BRDA:310,34,0,0
BRDA:310,34,1,0
BRDA:310,34,2,0
BRDA:313,35,0,0
BRDA:313,35,1,0
BRDA:314,36,0,0
BRDA:314,36,1,0
BRDA:316,37,0,0
BRDA:316,37,1,0
BRDA:366,38,0,0
BRDA:366,38,1,0
BRDA:398,39,0,0
BRDA:398,39,1,0
BRDA:420,40,0,0
BRDA:420,40,1,0
BRDA:493,41,0,0
BRDA:493,41,1,0
BRDA:569,42,0,0
BRDA:569,42,1,0
BRDA:569,42,2,0
BRDA:569,42,3,0
BRDA:569,42,4,0
BRDA:595,43,0,0
BRDA:595,43,1,0
BRDA:614,44,0,0
BRDA:614,44,1,0
BRDA:638,45,0,0
BRDA:638,45,1,0
BRDA:638,46,0,0
BRDA:638,46,1,0
BRDA:648,47,0,0
BRDA:648,47,1,0
BRDA:652,48,0,0
BRDA:652,48,1,0
BRDA:656,49,0,0
BRDA:656,49,1,0
BRDA:656,50,0,0
BRDA:656,50,1,0
BRDA:667,51,0,0
BRDA:667,51,1,0
BRDA:667,52,0,0
BRDA:667,52,1,0
BRDA:673,53,0,0
BRDA:673,53,1,0
BRDA:673,54,0,0
BRDA:673,54,1,0
BRDA:675,55,0,0
BRDA:675,55,1,0
BRDA:675,56,0,0
BRDA:675,56,1,0
BRDA:678,57,0,0
BRDA:678,57,1,0
BRDA:680,58,0,0
BRDA:680,58,1,0
BRDA:680,59,0,0
BRDA:680,59,1,0
BRDA:682,60,0,0
BRDA:682,60,1,0
BRDA:682,61,0,0
BRDA:682,61,1,0
BRDA:685,62,0,0
BRDA:685,62,1,0
BRDA:691,63,0,0
BRDA:691,63,1,0
BRDA:695,64,0,0
BRDA:695,64,1,0
BRDA:711,65,0,0
BRDA:711,65,1,0
BRDA:718,66,0,0
BRDA:718,66,1,0
BRDA:720,67,0,0
BRDA:720,67,1,0
BRDA:1252,68,0,0
BRDA:1252,68,1,0
BRDA:1286,69,0,0
BRDA:1286,69,1,0
BRDA:1287,70,0,0
BRDA:1287,70,1,0
BRDA:1290,71,0,0
BRDA:1290,71,1,0
BRDA:1291,72,0,0
BRDA:1291,72,1,0
BRDA:1292,73,0,0
BRDA:1292,73,1,0
BRDA:1293,74,0,0
BRDA:1293,74,1,0
BRDA:1296,75,0,0
BRDA:1296,75,1,0
BRDA:1306,76,0,0
BRDA:1306,76,1,0
BRDA:1307,77,0,0
BRDA:1307,77,1,0
BRDA:1310,78,0,0
BRDA:1310,78,1,0
BRDA:1315,79,0,0
BRDA:1315,79,1,0
BRDA:1326,80,0,0
BRDA:1326,80,1,0
BRDA:1330,81,0,0
BRDA:1330,81,1,0
BRDA:1331,82,0,0
BRDA:1331,82,1,0
BRDA:1339,83,0,0
BRDA:1339,83,1,0
BRDA:1351,84,0,0
BRDA:1351,84,1,0
BRDA:1363,85,0,0
BRDA:1363,85,1,0
BRDA:1377,86,0,0
BRDA:1377,86,1,0
BRDA:1377,86,2,0
BRDA:1377,86,3,0
BRDA:1390,87,0,0
BRDA:1390,87,1,0
BRDA:1390,87,2,0
BRDA:1390,87,3,0
BRDA:1403,88,0,0
BRDA:1403,88,1,0
BRDA:1403,88,2,0
BRDA:1403,88,3,0
BRDA:1461,89,0,0
BRDA:1461,89,1,0
BRDA:1466,90,0,0
BRDA:1466,90,1,0
BRDA:1466,90,2,0
BRDA:1466,90,3,0
BRDA:1466,90,4,0
BRDA:1477,91,0,0
BRDA:1477,91,1,0
BRDA:1554,92,0,0
BRDA:1554,92,1,0
BRDA:1554,92,2,0
BRDA:1554,92,3,0
BRDA:1556,93,0,0
BRDA:1556,93,1,0
BRDA:1558,94,0,0
BRDA:1558,94,1,0
BRDA:1559,95,0,0
BRDA:1559,95,1,0
BRDA:1560,96,0,0
BRDA:1560,96,1,0
BRDA:1561,97,0,0
BRDA:1561,97,1,0
BRDA:1563,98,0,0
BRDA:1563,98,1,0
BRDA:1565,99,0,0
BRDA:1565,99,1,0
BRDA:1566,100,0,0
BRDA:1566,100,1,0
BRDA:1569,101,0,0
BRDA:1569,101,1,0
BRDA:1570,102,0,0
BRDA:1570,102,1,0
BRDA:1574,103,0,0
BRDA:1574,103,1,0
BRDA:1574,104,0,0
BRDA:1574,104,1,0
BRDA:1574,105,0,0
BRDA:1574,105,1,0
BRDA:1580,106,0,0
BRDA:1580,106,1,0
BRDA:1583,107,0,0
BRDA:1583,107,1,0
BRDA:1585,108,0,0
BRDA:1585,108,1,0
BRDA:1589,109,0,0
BRDA:1589,109,1,0
BRDA:1591,110,0,0
BRDA:1591,110,1,0
BRDA:1593,111,0,0
BRDA:1593,111,1,0
BRDA:1596,112,0,0
BRDA:1596,112,1,0
BRDA:1597,113,0,0
BRDA:1597,113,1,0
BRDA:1597,114,0,0
BRDA:1597,114,1,0
BRDA:1599,115,0,0
BRDA:1599,115,1,0
BRDA:1608,116,0,0
BRDA:1608,116,1,0
BRDA:1615,117,0,0
BRDA:1615,117,1,0
BRDA:1615,117,2,0
BRDA:1615,117,3,0
BRDA:1628,118,0,0
BRDA:1628,118,1,0
BRDA:1630,119,0,0
BRDA:1630,119,1,0
BRDA:1631,120,0,0
BRDA:1631,120,1,0
BRDA:1737,121,0,0
BRDA:1737,121,1,0
BRDA:1741,122,0,0
BRDA:1741,122,1,0
BRDA:1752,123,0,0
BRDA:1752,123,1,0
BRDA:1752,124,0,0
BRDA:1752,124,1,0
BRDA:1757,125,0,0
BRDA:1757,125,1,0
BRDA:1789,126,0,0
BRDA:1789,126,1,0
BRDA:1804,127,0,0
BRDA:1804,127,1,0
BRDA:1811,128,0,0
BRDA:1811,128,1,0
BRDA:1811,128,2,0
BRDA:1818,129,0,0
BRDA:1818,129,1,0
BRDA:1874,130,0,0
BRDA:1874,130,1,0
BRDA:1874,130,2,0
BRDA:1877,131,0,0
BRDA:1877,131,1,0
BRDA:1885,132,0,0
BRDA:1885,132,1,0
BRF:279
BRH:0
end_of_record
TN:
SF:src/screens/CoursesScreen.tsx
FN:78,(anonymous_0)
FN:95,(anonymous_1)
FN:103,(anonymous_2)
FN:122,(anonymous_3)
FN:135,(anonymous_4)
FN:164,(anonymous_5)
FN:191,(anonymous_6)
FN:216,(anonymous_7)
FN:237,(anonymous_8)
FN:256,(anonymous_9)
FN:264,(anonymous_10)
FN:283,(anonymous_11)
FN:287,(anonymous_12)
FN:295,(anonymous_13)
FN:298,(anonymous_14)
FN:313,getCourseProgress
FN:323,getCurrentWeek
FN:331,getCourseProgressDays
FN:342,getNextEvent
FN:347,(anonymous_19)
FN:348,(anonymous_20)
FN:352,(anonymous_21)
FN:377,(anonymous_22)
FN:804,CoursesScreen
FN:819,(anonymous_24)
FN:830,(anonymous_25)
FN:854,(anonymous_26)
FN:858,(anonymous_27)
FN:863,(anonymous_28)
FN:876,(anonymous_29)
FN:889,(anonymous_30)
FN:903,(anonymous_31)
FN:904,(anonymous_32)
FN:923,(anonymous_33)
FN:932,(anonymous_34)
FN:936,(anonymous_35)
FN:946,(anonymous_36)
FN:970,(anonymous_37)
FN:996,(anonymous_38)
FN:1027,(anonymous_39)
FN:1032,(anonymous_40)
FN:1037,(anonymous_41)
FN:1042,(anonymous_42)
FN:1051,(anonymous_43)
FN:1075,(anonymous_44)
FN:1081,(anonymous_45)
FN:1089,(anonymous_46)
FN:1109,(anonymous_47)
FN:1113,(anonymous_48)
FN:1122,(anonymous_49)
FN:1129,(anonymous_50)
FN:1136,(anonymous_51)
FN:1163,(anonymous_52)
FN:1231,(anonymous_53)
FN:1242,(anonymous_54)
FNF:55
FNH:0
FNDA:0,(anonymous_0)
FNDA:0,(anonymous_1)
FNDA:0,(anonymous_2)
FNDA:0,(anonymous_3)
FNDA:0,(anonymous_4)
FNDA:0,(anonymous_5)
FNDA:0,(anonymous_6)
FNDA:0,(anonymous_7)
FNDA:0,(anonymous_8)
FNDA:0,(anonymous_9)
FNDA:0,(anonymous_10)
FNDA:0,(anonymous_11)
FNDA:0,(anonymous_12)
FNDA:0,(anonymous_13)
FNDA:0,(anonymous_14)
FNDA:0,getCourseProgress
FNDA:0,getCurrentWeek
FNDA:0,getCourseProgressDays
FNDA:0,getNextEvent
FNDA:0,(anonymous_19)
FNDA:0,(anonymous_20)
FNDA:0,(anonymous_21)
FNDA:0,(anonymous_22)
FNDA:0,CoursesScreen
FNDA:0,(anonymous_24)
FNDA:0,(anonymous_25)
FNDA:0,(anonymous_26)
FNDA:0,(anonymous_27)
FNDA:0,(anonymous_28)
FNDA:0,(anonymous_29)
FNDA:0,(anonymous_30)
FNDA:0,(anonymous_31)
FNDA:0,(anonymous_32)
FNDA:0,(anonymous_33)
FNDA:0,(anonymous_34)
FNDA:0,(anonymous_35)
FNDA:0,(anonymous_36)
FNDA:0,(anonymous_37)
FNDA:0,(anonymous_38)
FNDA:0,(anonymous_39)
FNDA:0,(anonymous_40)
FNDA:0,(anonymous_41)
FNDA:0,(anonymous_42)
FNDA:0,(anonymous_43)
FNDA:0,(anonymous_44)
FNDA:0,(anonymous_45)
FNDA:0,(anonymous_46)
FNDA:0,(anonymous_47)
FNDA:0,(anonymous_48)
FNDA:0,(anonymous_49)
FNDA:0,(anonymous_50)
FNDA:0,(anonymous_51)
FNDA:0,(anonymous_52)
FNDA:0,(anonymous_53)
FNDA:0,(anonymous_54)
DA:36,0
DA:39,0
DA:78,0
DA:93,0
DA:95,0
DA:96,0
DA:97,0
DA:99,0
DA:103,0
DA:107,0
DA:122,0
DA:135,0
DA:136,0
DA:138,0
DA:144,0
DA:150,0
DA:156,0
DA:164,0
DA:165,0
DA:167,0
DA:169,0
DA:171,0
DA:175,0
DA:176,0
DA:178,0
DA:191,0
DA:192,0
DA:193,0
DA:195,0
DA:216,0
DA:217,0
DA:237,0
DA:246,0
DA:256,0
DA:264,0
DA:271,0
DA:273,0
DA:280,0
DA:283,0
DA:287,0
DA:296,0
DA:299,0
DA:300,0
DA:314,0
DA:315,0
DA:316,0
DA:317,0
DA:318,0
DA:319,0
DA:320,0
DA:324,0
DA:325,0
DA:326,0
DA:327,0
DA:328,0
DA:332,0
DA:333,0
DA:334,0
DA:335,0
DA:336,0
DA:337,0
DA:338,0
DA:339,0
DA:343,0
DA:344,0
DA:345,0
DA:346,0
DA:347,0
DA:348,0
DA:349,0
DA:350,0
DA:351,0
DA:352,0
DA:353,0
DA:354,0
DA:355,0
DA:356,0
DA:357,0
DA:358,0
DA:359,0
DA:360,0
DA:361,0
DA:362,0
DA:363,0
DA:367,0
DA:368,0
DA:369,0
DA:370,0
DA:371,0
DA:372,0
DA:373,0
DA:377,0
DA:381,0
DA:397,0
DA:805,0
DA:806,0
DA:807,0
DA:808,0
DA:809,0
DA:810,0
DA:811,0
DA:812,0
DA:813,0
DA:814,0
DA:817,0
DA:819,0
DA:820,0
DA:830,0
DA:831,0
DA:832,0
DA:834,0
DA:835,0
DA:836,0
DA:838,0
DA:839,0
DA:840,0
DA:843,0
DA:844,0
DA:845,0
DA:847,0
DA:849,0
DA:850,0
DA:854,0
DA:855,0
DA:858,0
DA:859,0
DA:860,0
DA:863,0
DA:864,0
DA:866,0
DA:868,0
DA:870,0
DA:872,0
DA:876,0
DA:877,0
DA:879,0
DA:881,0
DA:883,0
DA:885,0
DA:889,0
DA:890,0
DA:892,0
DA:894,0
DA:896,0
DA:898,0
DA:903,0
DA:904,0
DA:905,0
DA:907,0
DA:909,0
DA:911,0
DA:913,0
DA:914,0
DA:916,0
DA:922,0
DA:924,0
DA:925,0
DA:927,0
DA:932,0
DA:933,0
DA:936,0
DA:937,0
DA:938,0
DA:939,0
DA:940,0
DA:942,0
DA:946,0
DA:950,0
DA:951,0
DA:962,0
DA:963,0
DA:970,0
DA:979,0
DA:996,0
DA:1027,0
DA:1032,0
DA:1037,0
DA:1042,0
DA:1051,0
DA:1075,0
DA:1082,0
DA:1089,0
DA:1109,0
DA:1113,0
DA:1122,0
DA:1129,0
DA:1136,0
DA:1164,0
DA:1165,0
DA:1166,0
DA:1167,0
DA:1168,0
DA:1169,0
DA:1171,0
DA:1172,0
DA:1174,0
DA:1176,0
DA:1231,0
DA:1242,0
DA:1251,0
LF:200
LH:0
BRDA:80,0,0,0
BRDA:81,1,0,0
BRDA:82,2,0,0
BRDA:83,3,0,0
BRDA:84,4,0,0
BRDA:96,5,0,0
BRDA:96,5,1,0
BRDA:112,6,0,0
BRDA:112,6,1,0
BRDA:124,7,0,0
BRDA:125,8,0,0
BRDA:127,9,0,0
BRDA:136,10,0,0
BRDA:136,10,1,0
BRDA:136,10,2,0
BRDA:136,10,3,0
BRDA:165,11,0,0
BRDA:165,11,1,0
BRDA:165,11,2,0
BRDA:180,12,0,0
BRDA:180,12,1,0
BRDA:240,13,0,0
BRDA:255,14,0,0
BRDA:255,14,1,0
BRDA:304,15,0,0
BRDA:304,15,1,0
BRDA:314,16,0,0
BRDA:314,16,1,0
BRDA:314,17,0,0
BRDA:314,17,1,0
BRDA:324,18,0,0
BRDA:324,18,1,0
BRDA:332,19,0,0
BRDA:332,19,1,0
BRDA:332,20,0,0
BRDA:332,20,1,0
BRDA:343,21,0,0
BRDA:343,21,1,0
BRDA:343,22,0,0
BRDA:343,22,1,0
BRDA:349,23,0,0
BRDA:349,23,1,0
BRDA:349,24,0,0
BRDA:349,24,1,0
BRDA:351,25,0,0
BRDA:351,25,1,0
BRDA:351,26,0,0
BRDA:351,26,1,0
BRDA:354,27,0,0
BRDA:354,27,1,0
BRDA:356,28,0,0
BRDA:356,28,1,0
BRDA:356,29,0,0
BRDA:356,29,1,0
BRDA:358,30,0,0
BRDA:358,30,1,0
BRDA:358,31,0,0
BRDA:358,31,1,0
BRDA:361,32,0,0
BRDA:361,32,1,0
BRDA:367,33,0,0
BRDA:367,33,1,0
BRDA:371,34,0,0
BRDA:371,34,1,0
BRDA:830,35,0,0
BRDA:831,36,0,0
BRDA:831,36,1,0
BRDA:838,37,0,0
BRDA:838,37,1,0
BRDA:844,38,0,0
BRDA:844,38,1,0
BRDA:845,39,0,0
BRDA:845,39,1,0
BRDA:847,40,0,0
BRDA:847,40,1,0
BRDA:850,41,0,0
BRDA:850,41,1,0
BRDA:864,42,0,0
BRDA:864,42,1,0
BRDA:864,42,2,0
BRDA:864,42,3,0
BRDA:877,43,0,0
BRDA:877,43,1,0
BRDA:877,43,2,0
BRDA:877,43,3,0
BRDA:890,44,0,0
BRDA:890,44,1,0
BRDA:890,44,2,0
BRDA:890,44,3,0
BRDA:905,45,0,0
BRDA:905,45,1,0
BRDA:905,45,2,0
BRDA:905,45,3,0
BRDA:905,45,4,0
BRDA:909,46,0,0
BRDA:909,46,1,0
BRDA:909,47,0,0
BRDA:909,47,1,0
BRDA:914,48,0,0
BRDA:914,48,1,0
BRDA:914,49,0,0
BRDA:914,49,1,0
BRDA:924,50,0,0
BRDA:924,50,1,0
BRDA:925,51,0,0
BRDA:925,51,1,0
BRDA:927,52,0,0
BRDA:927,52,1,0
BRDA:942,53,0,0
BRDA:942,53,1,0
BRDA:950,54,0,0
BRDA:950,54,1,0
BRDA:962,55,0,0
BRDA:962,55,1,0
BRDA:989,56,0,0
BRDA:989,56,1,0
BRDA:999,57,0,0
BRDA:999,57,1,0
BRDA:1009,58,0,0
BRDA:1009,58,1,0
BRDA:1021,59,0,0
BRDA:1021,59,1,0
BRDA:1049,60,0,0
BRDA:1049,60,1,0
BRDA:1068,61,0,0
BRDA:1068,61,1,0
BRDA:1072,62,0,0
BRDA:1072,62,1,0
BRDA:1074,63,0,0
BRDA:1074,63,1,0
BRDA:1120,64,0,0
BRDA:1120,64,1,0
BRDA:1127,65,0,0
BRDA:1127,65,1,0
BRDA:1127,65,2,0
BRDA:1134,66,0,0
BRDA:1134,66,1,0
BRDA:1163,67,0,0
BRDA:1163,67,1,0
BRDA:1167,68,0,0
BRDA:1167,68,1,0
BRDA:1168,69,0,0
BRDA:1168,69,1,0
BRDA:1174,70,0,0
BRDA:1174,70,1,0
BRDA:1174,71,0,0
BRDA:1174,71,1,0
BRDA:1179,72,0,0
BRDA:1179,72,1,0
BRDA:1187,73,0,0
BRDA:1187,73,1,0
BRDA:1204,74,0,0
BRDA:1204,74,1,0
BRDA:1209,75,0,0
BRDA:1209,75,1,0
BRDA:1244,76,0,0
BRDA:1252,77,0,0
BRDA:1252,77,1,0
BRDA:1255,78,0,0
BRDA:1255,78,1,0
BRF:160
BRH:0
end_of_record
TN:
SF:src/screens/DashboardScreen.tsx
FN:991,(anonymous_0)
FN:1010,(anonymous_1)
FN:1018,(anonymous_2)
FN:1044,(anonymous_3)
FN:1051,(anonymous_4)
FN:1065,(anonymous_5)
FN:1067,(anonymous_6)
FN:1077,(anonymous_7)
FN:1090,(anonymous_8)
FN:1098,(anonymous_9)
FN:1110,(anonymous_10)
FN:1126,(anonymous_11)
FN:1148,(anonymous_12)
FN:1149,(anonymous_13)
FN:1150,(anonymous_14)
FN:1162,(anonymous_15)
FN:1163,(anonymous_16)
FN:1182,(anonymous_17)
FN:1187,(anonymous_18)
FN:1193,(anonymous_19)
FN:1199,(anonymous_20)
FN:1206,(anonymous_21)
FN:1224,(anonymous_22)
FN:1238,(anonymous_23)
FN:1239,(anonymous_24)
FN:1251,(anonymous_25)
FN:1252,(anonymous_26)
FN:1255,(anonymous_27)
FN:1335,(anonymous_28)
FN:1344,(anonymous_29)
FN:1348,(anonymous_30)
FN:1349,(anonymous_31)
FN:1366,(anonymous_32)
FN:1406,(anonymous_33)
FN:1424,(anonymous_34)
FN:1425,(anonymous_35)
FN:1440,(anonymous_36)
FN:1445,(anonymous_37)
FN:1446,(anonymous_38)
FN:1460,(anonymous_39)
FN:1468,(anonymous_40)
FN:1519,(anonymous_41)
FN:1520,(anonymous_42)
FN:1530,(anonymous_43)
FN:1531,(anonymous_44)
FN:1537,(anonymous_45)
FN:1618,(anonymous_46)
FN:1627,(anonymous_47)
FN:1632,(anonymous_48)
FN:1637,(anonymous_49)
FN:1639,(anonymous_50)
FN:1640,(anonymous_51)
FN:1646,(anonymous_52)
FN:1692,(anonymous_53)
FN:1693,(anonymous_54)
FN:1696,(anonymous_55)
FN:1698,(anonymous_56)
FN:1699,(anonymous_57)
FN:1738,(anonymous_58)
FN:1741,(anonymous_59)
FN:1747,(anonymous_60)
FN:1753,(anonymous_61)
FN:1775,(anonymous_62)
FN:1818,(anonymous_63)
FN:1864,getNextEvent
FN:1870,(anonymous_65)
FN:1871,(anonymous_66)
FN:1876,(anonymous_67)
FN:1902,(anonymous_68)
FN:1912,(anonymous_69)
FN:1922,(anonymous_70)
FN:1933,Dashboard
FN:1962,(anonymous_72)
FN:1963,(anonymous_73)
FN:1978,(anonymous_74)
FN:1981,(anonymous_75)
FN:1982,(anonymous_76)
FN:2003,(anonymous_77)
FN:2023,(anonymous_78)
FN:2048,(anonymous_79)
FN:2071,(anonymous_80)
FN:2073,(anonymous_81)
FN:2078,(anonymous_82)
FN:2086,(anonymous_83)
FN:2092,(anonymous_84)
FN:2096,(anonymous_85)
FN:2111,(anonymous_86)
FN:2112,(anonymous_87)
FN:2138,(anonymous_88)
FN:2145,(anonymous_89)
FN:2147,(anonymous_90)
FN:2185,(anonymous_91)
FN:2214,(anonymous_92)
FN:2220,(anonymous_93)
FN:2225,(anonymous_94)
FN:2226,(anonymous_95)
FN:2232,(anonymous_96)
FN:2290,(anonymous_97)
FN:2296,(anonymous_98)
FN:2316,(anonymous_99)
FN:2325,(anonymous_100)
FN:2329,(anonymous_101)
FN:2335,(anonymous_102)
FN:2360,(anonymous_103)
FN:2376,(anonymous_104)
FN:2384,(anonymous_105)
FN:2399,(anonymous_106)
FN:2416,(anonymous_107)
FN:2418,(anonymous_108)
FN:2420,(anonymous_109)
FN:2426,(anonymous_110)
FN:2437,(anonymous_111)
FN:2441,(anonymous_112)
FN:2448,(anonymous_113)
FN:2485,(anonymous_114)
FN:2495,(anonymous_115)
FN:2532,(anonymous_116)
FN:2544,(anonymous_117)
FN:2545,(anonymous_118)
FNF:119
FNH:0
FNDA:0,(anonymous_0)
FNDA:0,(anonymous_1)
FNDA:0,(anonymous_2)
FNDA:0,(anonymous_3)
FNDA:0,(anonymous_4)
FNDA:0,(anonymous_5)
FNDA:0,(anonymous_6)
FNDA:0,(anonymous_7)
FNDA:0,(anonymous_8)
FNDA:0,(anonymous_9)
FNDA:0,(anonymous_10)
FNDA:0,(anonymous_11)
FNDA:0,(anonymous_12)
FNDA:0,(anonymous_13)
FNDA:0,(anonymous_14)
FNDA:0,(anonymous_15)
FNDA:0,(anonymous_16)
FNDA:0,(anonymous_17)
FNDA:0,(anonymous_18)
FNDA:0,(anonymous_19)
FNDA:0,(anonymous_20)
FNDA:0,(anonymous_21)
FNDA:0,(anonymous_22)
FNDA:0,(anonymous_23)
FNDA:0,(anonymous_24)
FNDA:0,(anonymous_25)
FNDA:0,(anonymous_26)
FNDA:0,(anonymous_27)
FNDA:0,(anonymous_28)
FNDA:0,(anonymous_29)
FNDA:0,(anonymous_30)
FNDA:0,(anonymous_31)
FNDA:0,(anonymous_32)
FNDA:0,(anonymous_33)
FNDA:0,(anonymous_34)
FNDA:0,(anonymous_35)
FNDA:0,(anonymous_36)
FNDA:0,(anonymous_37)
FNDA:0,(anonymous_38)
FNDA:0,(anonymous_39)
FNDA:0,(anonymous_40)
FNDA:0,(anonymous_41)
FNDA:0,(anonymous_42)
FNDA:0,(anonymous_43)
FNDA:0,(anonymous_44)
FNDA:0,(anonymous_45)
FNDA:0,(anonymous_46)
FNDA:0,(anonymous_47)
FNDA:0,(anonymous_48)
FNDA:0,(anonymous_49)
FNDA:0,(anonymous_50)
FNDA:0,(anonymous_51)
FNDA:0,(anonymous_52)
FNDA:0,(anonymous_53)
FNDA:0,(anonymous_54)
FNDA:0,(anonymous_55)
FNDA:0,(anonymous_56)
FNDA:0,(anonymous_57)
FNDA:0,(anonymous_58)
FNDA:0,(anonymous_59)
FNDA:0,(anonymous_60)
FNDA:0,(anonymous_61)
FNDA:0,(anonymous_62)
FNDA:0,(anonymous_63)
FNDA:0,getNextEvent
FNDA:0,(anonymous_65)
FNDA:0,(anonymous_66)
FNDA:0,(anonymous_67)
FNDA:0,(anonymous_68)
FNDA:0,(anonymous_69)
FNDA:0,(anonymous_70)
FNDA:0,Dashboard
FNDA:0,(anonymous_72)
FNDA:0,(anonymous_73)
FNDA:0,(anonymous_74)
FNDA:0,(anonymous_75)
FNDA:0,(anonymous_76)
FNDA:0,(anonymous_77)
FNDA:0,(anonymous_78)
FNDA:0,(anonymous_79)
FNDA:0,(anonymous_80)
FNDA:0,(anonymous_81)
FNDA:0,(anonymous_82)
FNDA:0,(anonymous_83)
FNDA:0,(anonymous_84)
FNDA:0,(anonymous_85)
FNDA:0,(anonymous_86)
FNDA:0,(anonymous_87)
FNDA:0,(anonymous_88)
FNDA:0,(anonymous_89)
FNDA:0,(anonymous_90)
FNDA:0,(anonymous_91)
FNDA:0,(anonymous_92)
FNDA:0,(anonymous_93)
FNDA:0,(anonymous_94)
FNDA:0,(anonymous_95)
FNDA:0,(anonymous_96)
FNDA:0,(anonymous_97)
FNDA:0,(anonymous_98)
FNDA:0,(anonymous_99)
FNDA:0,(anonymous_100)
FNDA:0,(anonymous_101)
FNDA:0,(anonymous_102)
FNDA:0,(anonymous_103)
FNDA:0,(anonymous_104)
FNDA:0,(anonymous_105)
FNDA:0,(anonymous_106)
FNDA:0,(anonymous_107)
FNDA:0,(anonymous_108)
FNDA:0,(anonymous_109)
FNDA:0,(anonymous_110)
FNDA:0,(anonymous_111)
FNDA:0,(anonymous_112)
FNDA:0,(anonymous_113)
FNDA:0,(anonymous_114)
FNDA:0,(anonymous_115)
FNDA:0,(anonymous_116)
FNDA:0,(anonymous_117)
FNDA:0,(anonymous_118)
DA:44,0
DA:47,0
DA:74,0
DA:991,0
DA:1008,0
DA:1010,0
DA:1011,0
DA:1012,0
DA:1014,0
DA:1018,0
DA:1022,0
DA:1044,0
DA:1049,0
DA:1051,0
DA:1052,0
DA:1053,0
DA:1054,0
DA:1056,0
DA:1057,0
DA:1058,0
DA:1059,0
DA:1060,0
DA:1062,0
DA:1065,0
DA:1066,0
DA:1067,0
DA:1070,0
DA:1071,0
DA:1073,0
DA:1077,0
DA:1090,0
DA:1099,0
DA:1100,0
DA:1102,0
DA:1110,0
DA:1127,0
DA:1148,0
DA:1149,0
DA:1150,0
DA:1151,0
DA:1152,0
DA:1153,0
DA:1154,0
DA:1157,0
DA:1159,0
DA:1160,0
DA:1162,0
DA:1163,0
DA:1164,0
DA:1165,0
DA:1166,0
DA:1167,0
DA:1169,0
DA:1173,0
DA:1175,0
DA:1179,0
DA:1182,0
DA:1183,0
DA:1184,0
DA:1185,0
DA:1187,0
DA:1188,0
DA:1189,0
DA:1192,0
DA:1193,0
DA:1196,0
DA:1199,0
DA:1200,0
DA:1202,0
DA:1203,0
DA:1204,0
DA:1206,0
DA:1207,0
DA:1208,0
DA:1212,0
DA:1213,0
DA:1215,0
DA:1216,0
DA:1217,0
DA:1219,0
DA:1220,0
DA:1221,0
DA:1222,0
DA:1224,0
DA:1225,0
DA:1226,0
DA:1227,0
DA:1232,0
DA:1235,0
DA:1238,0
DA:1239,0
DA:1240,0
DA:1241,0
DA:1242,0
DA:1243,0
DA:1246,0
DA:1247,0
DA:1250,0
DA:1251,0
DA:1252,0
DA:1253,0
DA:1254,0
DA:1255,0
DA:1256,0
DA:1257,0
DA:1258,0
DA:1259,0
DA:1265,0
DA:1268,0
DA:1269,0
DA:1270,0
DA:1271,0
DA:1273,0
DA:1335,0
DA:1344,0
DA:1345,0
DA:1348,0
DA:1349,0
DA:1350,0
DA:1352,0
DA:1355,0
DA:1356,0
DA:1366,0
DA:1367,0
DA:1368,0
DA:1378,0
DA:1379,0
DA:1380,0
DA:1381,0
DA:1382,0
DA:1384,0
DA:1385,0
DA:1395,0
DA:1398,0
DA:1400,0
DA:1402,0
DA:1407,0
DA:1424,0
DA:1425,0
DA:1426,0
DA:1428,0
DA:1429,0
DA:1430,0
DA:1432,0
DA:1433,0
DA:1434,0
DA:1435,0
DA:1436,0
DA:1438,0
DA:1440,0
DA:1441,0
DA:1442,0
DA:1445,0
DA:1446,0
DA:1448,0
DA:1457,0
DA:1460,0
DA:1461,0
DA:1462,0
DA:1464,0
DA:1465,0
DA:1466,0
DA:1468,0
DA:1469,0
DA:1470,0
DA:1473,0
DA:1479,0
DA:1482,0
DA:1483,0
DA:1485,0
DA:1487,0
DA:1519,0
DA:1520,0
DA:1521,0
DA:1523,0
DA:1524,0
DA:1525,0
DA:1526,0
DA:1527,0
DA:1530,0
DA:1531,0
DA:1532,0
DA:1535,0
DA:1536,0
DA:1537,0
DA:1538,0
DA:1539,0
DA:1543,0
DA:1545,0
DA:1557,0
DA:1558,0
DA:1560,0
DA:1618,0
DA:1627,0
DA:1628,0
DA:1629,0
DA:1630,0
DA:1632,0
DA:1633,0
DA:1634,0
DA:1637,0
DA:1638,0
DA:1639,0
DA:1641,0
DA:1642,0
DA:1643,0
DA:1644,0
DA:1646,0
DA:1647,0
DA:1648,0
DA:1651,0
DA:1654,0
DA:1663,0
DA:1665,0
DA:1692,0
DA:1693,0
DA:1694,0
DA:1696,0
DA:1697,0
DA:1698,0
DA:1699,0
DA:1701,0
DA:1702,0
DA:1710,0
DA:1713,0
DA:1714,0
DA:1716,0
DA:1717,0
DA:1737,0
DA:1738,0
DA:1741,0
DA:1742,0
DA:1743,0
DA:1744,0
DA:1747,0
DA:1748,0
DA:1749,0
DA:1750,0
DA:1753,0
DA:1754,0
DA:1755,0
DA:1758,0
DA:1776,0
DA:1818,0
DA:1835,0
DA:1865,0
DA:1866,0
DA:1867,0
DA:1868,0
DA:1870,0
DA:1871,0
DA:1872,0
DA:1873,0
DA:1874,0
DA:1876,0
DA:1877,0
DA:1878,0
DA:1879,0
DA:1880,0
DA:1881,0
DA:1882,0
DA:1883,0
DA:1884,0
DA:1885,0
DA:1886,0
DA:1887,0
DA:1892,0
DA:1893,0
DA:1894,0
DA:1895,0
DA:1896,0
DA:1897,0
DA:1898,0
DA:1902,0
DA:1903,0
DA:1904,0
DA:1905,0
DA:1906,0
DA:1907,0
DA:1908,0
DA:1912,0
DA:1913,0
DA:1914,0
DA:1915,0
DA:1916,0
DA:1917,0
DA:1918,0
DA:1922,0
DA:1923,0
DA:1924,0
DA:1925,0
DA:1926,0
DA:1927,0
DA:1928,0
DA:1934,0
DA:1935,0
DA:1936,0
DA:1937,0
DA:1938,0
DA:1939,0
DA:1940,0
DA:1951,0
DA:1952,0
DA:1953,0
DA:1954,0
DA:1955,0
DA:1956,0
DA:1959,0
DA:1960,0
DA:1962,0
DA:1963,0
DA:1964,0
DA:1967,0
DA:1969,0
DA:1978,0
DA:1981,0
DA:1982,0
DA:1983,0
DA:1985,0
DA:1988,0
DA:1996,0
DA:1997,0
DA:1998,0
DA:1999,0
DA:2000,0
DA:2003,0
DA:2004,0
DA:2006,0
DA:2007,0
DA:2010,0
DA:2013,0
DA:2014,0
DA:2015,0
DA:2016,0
DA:2020,0
DA:2021,0
DA:2022,0
DA:2023,0
DA:2024,0
DA:2025,0
DA:2026,0
DA:2027,0
DA:2028,0
DA:2029,0
DA:2031,0
DA:2035,0
DA:2036,0
DA:2037,0
DA:2038,0
DA:2043,0
DA:2044,0
DA:2045,0
DA:2046,0
DA:2047,0
DA:2048,0
DA:2049,0
DA:2050,0
DA:2051,0
DA:2052,0
DA:2053,0
DA:2057,0
DA:2059,0
DA:2060,0
DA:2063,0
DA:2064,0
DA:2068,0
DA:2071,0
DA:2072,0
DA:2073,0
DA:2074,0
DA:2078,0
DA:2079,0
DA:2080,0
DA:2081,0
DA:2082,0
DA:2083,0
DA:2086,0
DA:2092,0
DA:2093,0
DA:2096,0
DA:2097,0
DA:2106,0
DA:2107,0
DA:2108,0
DA:2109,0
DA:2111,0
DA:2112,0
DA:2113,0
DA:2115,0
DA:2116,0
DA:2117,0
DA:2118,0
DA:2120,0
DA:2121,0
DA:2134,0
DA:2138,0
DA:2144,0
DA:2146,0
DA:2147,0
DA:2151,0
DA:2185,0
DA:2214,0
DA:2220,0
DA:2225,0
DA:2226,0
DA:2233,0
DA:2234,0
DA:2235,0
DA:2236,0
DA:2237,0
DA:2239,0
DA:2240,0
DA:2241,0
DA:2242,0
DA:2272,0
DA:2291,0
DA:2292,0
DA:2293,0
DA:2294,0
DA:2295,0
DA:2296,0
DA:2297,0
DA:2298,0
DA:2301,0
DA:2302,0
DA:2304,0
DA:2305,0
DA:2317,0
DA:2318,0
DA:2319,0
DA:2321,0
DA:2322,0
DA:2323,0
DA:2325,0
DA:2326,0
DA:2330,0
DA:2331,0
DA:2332,0
DA:2333,0
DA:2334,0
DA:2335,0
DA:2336,0
DA:2337,0
DA:2340,0
DA:2341,0
DA:2343,0
DA:2344,0
DA:2360,0
DA:2376,0
DA:2385,0
DA:2387,0
DA:2388,0
DA:2389,0
DA:2390,0
DA:2391,0
DA:2392,0
DA:2393,0
DA:2394,0
DA:2395,0
DA:2396,0
DA:2397,0
DA:2398,0
DA:2399,0
DA:2400,0
DA:2401,0
DA:2402,0
DA:2403,0
DA:2416,0
DA:2418,0
DA:2420,0
DA:2421,0
DA:2427,0
DA:2438,0
DA:2441,0
DA:2449,0
DA:2485,0
DA:2496,0
DA:2532,0
DA:2544,0
DA:2546,0
DA:2547,0
DA:2548,0
DA:2549,0
DA:2550,0
LF:484
LH:0
BRDA:993,0,0,0
BRDA:994,1,0,0
BRDA:995,2,0,0
BRDA:996,3,0,0
BRDA:997,4,0,0
BRDA:998,5,0,0
BRDA:1011,6,0,0
BRDA:1011,6,1,0
BRDA:1029,7,0,0
BRDA:1029,7,1,0
BRDA:1034,8,0,0
BRDA:1034,8,1,0
BRDA:1084,9,0,0
BRDA:1084,9,1,0
BRDA:1085,10,0,0
BRDA:1085,10,1,0
BRDA:1107,11,0,0
BRDA:1107,11,1,0
BRDA:1108,12,0,0
BRDA:1108,12,1,0
BRDA:1108,12,2,0
BRDA:1114,13,0,0
BRDA:1114,13,1,0
BRDA:1120,14,0,0
BRDA:1120,14,1,0
BRDA:1131,15,0,0
BRDA:1131,15,1,0
BRDA:1135,16,0,0
BRDA:1135,16,1,0
BRDA:1157,17,0,0
BRDA:1157,17,1,0
BRDA:1164,18,0,0
BRDA:1164,18,1,0
BRDA:1166,19,0,0
BRDA:1166,19,1,0
BRDA:1166,20,0,0
BRDA:1166,20,1,0
BRDA:1179,21,0,0
BRDA:1179,21,1,0
BRDA:1200,22,0,0
BRDA:1200,22,1,0
BRDA:1200,23,0,0
BRDA:1200,23,1,0
BRDA:1226,24,0,0
BRDA:1226,24,1,0
BRDA:1226,25,0,0
BRDA:1226,25,1,0
BRDA:1226,25,2,0
BRDA:1227,26,0,0
BRDA:1227,26,1,0
BRDA:1235,27,0,0
BRDA:1235,27,1,0
BRDA:1253,28,0,0
BRDA:1253,28,1,0
BRDA:1256,29,0,0
BRDA:1256,29,1,0
BRDA:1258,30,0,0
BRDA:1258,30,1,0
BRDA:1265,31,0,0
BRDA:1265,31,1,0
BRDA:1286,32,0,0
BRDA:1286,32,1,0
BRDA:1286,33,0,0
BRDA:1286,33,1,0
BRDA:1312,34,0,0
BRDA:1312,34,1,0
BRDA:1312,35,0,0
BRDA:1312,35,1,0
BRDA:1325,36,0,0
BRDA:1325,36,1,0
BRDA:1325,37,0,0
BRDA:1325,37,1,0
BRDA:1350,38,0,0
BRDA:1350,38,1,0
BRDA:1352,39,0,0
BRDA:1352,39,1,0
BRDA:1355,40,0,0
BRDA:1355,40,1,0
BRDA:1366,41,0,0
BRDA:1366,41,1,0
BRDA:1367,42,0,0
BRDA:1367,42,1,0
BRDA:1378,43,0,0
BRDA:1378,43,1,0
BRDA:1378,44,0,0
BRDA:1378,44,1,0
BRDA:1382,45,0,0
BRDA:1382,45,1,0
BRDA:1384,46,0,0
BRDA:1384,46,1,0
BRDA:1400,47,0,0
BRDA:1400,47,1,0
BRDA:1426,48,0,0
BRDA:1426,48,1,0
BRDA:1426,49,0,0
BRDA:1426,49,1,0
BRDA:1432,50,0,0
BRDA:1432,50,1,0
BRDA:1438,51,0,0
BRDA:1438,51,1,0
BRDA:1442,52,0,0
BRDA:1442,52,1,0
BRDA:1470,53,0,0
BRDA:1470,53,1,0
BRDA:1485,54,0,0
BRDA:1485,54,1,0
BRDA:1485,55,0,0
BRDA:1485,55,1,0
BRDA:1521,56,0,0
BRDA:1521,56,1,0
BRDA:1526,57,0,0
BRDA:1526,57,1,0
BRDA:1558,58,0,0
BRDA:1558,58,1,0
BRDA:1643,59,0,0
BRDA:1643,59,1,0
BRDA:1651,60,0,0
BRDA:1651,60,1,0
BRDA:1651,61,0,0
BRDA:1651,61,1,0
BRDA:1701,62,0,0
BRDA:1701,62,1,0
BRDA:1716,63,0,0
BRDA:1716,63,1,0
BRDA:1742,64,0,0
BRDA:1742,64,1,0
BRDA:1743,65,0,0
BRDA:1743,65,1,0
BRDA:1748,66,0,0
BRDA:1748,66,1,0
BRDA:1749,67,0,0
BRDA:1749,67,1,0
BRDA:1755,68,0,0
BRDA:1755,68,1,0
BRDA:1805,69,0,0
BRDA:1805,69,1,0
BRDA:1822,70,0,0
BRDA:1825,71,0,0
BRDA:1839,72,0,0
BRDA:1839,72,1,0
BRDA:1846,73,0,0
BRDA:1846,73,1,0
BRDA:1847,74,0,0
BRDA:1847,74,1,0
BRDA:1854,75,0,0
BRDA:1854,75,1,0
BRDA:1865,76,0,0
BRDA:1865,76,1,0
BRDA:1865,77,0,0
BRDA:1865,77,1,0
BRDA:1872,78,0,0
BRDA:1872,78,1,0
BRDA:1872,79,0,0
BRDA:1872,79,1,0
BRDA:1874,80,0,0
BRDA:1874,80,1,0
BRDA:1874,81,0,0
BRDA:1874,81,1,0
BRDA:1878,82,0,0
BRDA:1878,82,1,0
BRDA:1880,83,0,0
BRDA:1880,83,1,0
BRDA:1880,84,0,0
BRDA:1880,84,1,0
BRDA:1882,85,0,0
BRDA:1882,85,1,0
BRDA:1882,86,0,0
BRDA:1882,86,1,0
BRDA:1885,87,0,0
BRDA:1885,87,1,0
BRDA:1892,88,0,0
BRDA:1892,88,1,0
BRDA:1896,89,0,0
BRDA:1896,89,1,0
BRDA:1903,90,0,0
BRDA:1903,90,1,0
BRDA:1903,90,2,0
BRDA:1903,90,3,0
BRDA:1903,90,4,0
BRDA:1903,90,5,0
BRDA:1903,90,6,0
BRDA:1903,90,7,0
BRDA:1903,91,0,0
BRDA:1903,91,1,0
BRDA:1913,92,0,0
BRDA:1913,92,1,0
BRDA:1913,92,2,0
BRDA:1913,92,3,0
BRDA:1913,92,4,0
BRDA:1913,92,5,0
BRDA:1913,92,6,0
BRDA:1913,92,7,0
BRDA:1913,93,0,0
BRDA:1913,93,1,0
BRDA:1923,94,0,0
BRDA:1923,94,1,0
BRDA:1923,94,2,0
BRDA:1923,94,3,0
BRDA:1923,94,4,0
BRDA:1923,95,0,0
BRDA:1923,95,1,0
BRDA:2004,96,0,0
BRDA:2004,96,1,0
BRDA:2006,97,0,0
BRDA:2006,97,1,0
BRDA:2006,97,2,0
BRDA:2014,98,0,0
BRDA:2014,98,1,0
BRDA:2020,99,0,0
BRDA:2020,99,1,0
BRDA:2023,100,0,0
BRDA:2023,100,1,0
BRDA:2024,101,0,0
BRDA:2024,101,1,0
BRDA:2025,102,0,0
BRDA:2025,102,1,0
BRDA:2028,103,0,0
BRDA:2028,103,1,0
BRDA:2035,104,0,0
BRDA:2035,104,1,0
BRDA:2038,105,0,0
BRDA:2038,105,1,0
BRDA:2045,106,0,0
BRDA:2045,106,1,0
BRDA:2046,107,0,0
BRDA:2046,107,1,0
BRDA:2050,108,0,0
BRDA:2050,108,1,0
BRDA:2050,109,0,0
BRDA:2050,109,1,0
BRDA:2050,109,2,0
BRDA:2051,110,0,0
BRDA:2051,110,1,0
BRDA:2052,111,0,0
BRDA:2052,111,1,0
BRDA:2053,112,0,0
BRDA:2053,112,1,0
BRDA:2080,113,0,0
BRDA:2080,113,1,0
BRDA:2080,114,0,0
BRDA:2080,114,1,0
BRDA:2081,115,0,0
BRDA:2081,115,1,0
BRDA:2081,116,0,0
BRDA:2081,116,1,0
BRDA:2082,117,0,0
BRDA:2082,117,1,0
BRDA:2082,118,0,0
BRDA:2082,118,1,0
BRDA:2106,119,0,0
BRDA:2106,119,1,0
BRDA:2108,120,0,0
BRDA:2108,120,1,0
BRDA:2109,121,0,0
BRDA:2109,121,1,0
BRDA:2113,122,0,0
BRDA:2113,122,1,0
BRDA:2113,123,0,0
BRDA:2113,123,1,0
BRDA:2113,123,2,0
BRDA:2120,124,0,0
BRDA:2120,124,1,0
BRDA:2123,125,0,0
BRDA:2123,125,1,0
BRDA:2125,126,0,0
BRDA:2125,126,1,0
BRDA:2160,127,0,0
BRDA:2160,127,1,0
BRDA:2160,127,2,0
BRDA:2180,128,0,0
BRDA:2180,128,1,0
BRDA:2194,129,0,0
BRDA:2194,129,1,0
BRDA:2199,130,0,0
BRDA:2199,130,1,0
BRDA:2214,131,0,0
BRDA:2214,131,1,0
BRDA:2220,132,0,0
BRDA:2220,132,1,0
BRDA:2225,133,0,0
BRDA:2225,133,1,0
BRDA:2226,134,0,0
BRDA:2226,134,1,0
BRDA:2236,135,0,0
BRDA:2236,135,1,0
BRDA:2237,136,0,0
BRDA:2237,136,1,0
BRDA:2241,137,0,0
BRDA:2241,137,1,0
BRDA:2241,138,0,0
BRDA:2241,138,1,0
BRDA:2245,139,0,0
BRDA:2245,139,1,0
BRDA:2257,140,0,0
BRDA:2257,140,1,0
BRDA:2285,141,0,0
BRDA:2285,141,1,0
BRDA:2293,142,0,0
BRDA:2293,142,1,0
BRDA:2294,143,0,0
BRDA:2294,143,1,0
BRDA:2298,144,0,0
BRDA:2298,144,1,0
BRDA:2298,144,2,0
BRDA:2298,144,3,0
BRDA:2298,144,4,0
BRDA:2298,144,5,0
BRDA:2298,144,6,0
BRDA:2301,145,0,0
BRDA:2301,145,1,0
BRDA:2309,146,0,0
BRDA:2309,146,1,0
BRDA:2317,147,0,0
BRDA:2317,147,1,0
BRDA:2318,148,0,0
BRDA:2318,148,1,0
BRDA:2323,149,0,0
BRDA:2323,149,1,0
BRDA:2325,150,0,0
BRDA:2325,150,1,0
BRDA:2326,151,0,0
BRDA:2326,151,1,0
BRDA:2326,152,0,0
BRDA:2326,152,1,0
BRDA:2332,153,0,0
BRDA:2332,153,1,0
BRDA:2333,154,0,0
BRDA:2333,154,1,0
BRDA:2337,155,0,0
BRDA:2337,155,1,0
BRDA:2337,155,2,0
BRDA:2337,155,3,0
BRDA:2337,155,4,0
BRDA:2337,155,5,0
BRDA:2337,155,6,0
BRDA:2340,156,0,0
BRDA:2340,156,1,0
BRDA:2348,157,0,0
BRDA:2348,157,1,0
BRDA:2355,158,0,0
BRDA:2355,158,1,0
BRDA:2356,159,0,0
BRDA:2356,159,1,0
BRDA:2380,160,0,0
BRDA:2380,160,1,0
BRDA:2388,161,0,0
BRDA:2388,161,1,0
BRDA:2390,162,0,0
BRDA:2390,162,1,0
BRDA:2391,163,0,0
BRDA:2391,163,1,0
BRDA:2392,164,0,0
BRDA:2392,164,1,0
BRDA:2394,165,0,0
BRDA:2394,165,1,0
BRDA:2397,166,0,0
BRDA:2397,166,1,0
BRDA:2397,167,0,0
BRDA:2397,167,1,0
BRDA:2401,168,0,0
BRDA:2401,168,1,0
BRDA:2401,169,0,0
BRDA:2401,169,1,0
BRDA:2401,169,2,0
BRDA:2402,170,0,0
BRDA:2402,170,1,0
BRDA:2404,171,0,0
BRDA:2404,171,1,0
BRDA:2406,172,0,0
BRDA:2406,172,1,0
BRDA:2406,173,0,0
BRDA:2406,173,1,0
BRDA:2408,174,0,0
BRDA:2408,174,1,0
BRDA:2425,175,0,0
BRDA:2425,175,1,0
BRDA:2428,176,0,0
BRDA:2428,176,1,0
BRDA:2428,177,0,0
BRDA:2428,177,1,0
BRDA:2430,178,0,0
BRDA:2430,178,1,0
BRDA:2430,179,0,0
BRDA:2430,179,1,0
BRDA:2430,180,0,0
BRDA:2430,180,1,0
BRDA:2430,181,0,0
BRDA:2430,181,1,0
BRDA:2436,182,0,0
BRDA:2436,182,1,0
BRDA:2439,183,0,0
BRDA:2439,183,1,0
BRDA:2439,184,0,0
BRDA:2439,184,1,0
BRDA:2439,185,0,0
BRDA:2439,185,1,0
BRDA:2439,186,0,0
BRDA:2439,186,1,0
BRDA:2440,187,0,0
BRDA:2440,187,1,0
BRDA:2440,188,0,0
BRDA:2440,188,1,0
BRDA:2441,189,0,0
BRDA:2441,189,1,0
BRDA:2441,190,0,0
BRDA:2441,190,1,0
BRDA:2441,190,2,0
BRDA:2447,191,0,0
BRDA:2447,191,1,0
BRDA:2468,192,0,0
BRDA:2468,192,1,0
BRDA:2475,193,0,0
BRDA:2475,193,1,0
BRDA:2490,194,0,0
BRDA:2490,194,1,0
BRDA:2520,195,0,0
BRDA:2520,195,1,0
BRDA:2534,196,0,0
BRDA:2534,196,1,0
BRDA:2538,197,0,0
BRDA:2538,197,1,0
BRDA:2547,198,0,0
BRDA:2547,198,1,0
BRDA:2549,199,0,0
BRDA:2549,199,1,0
BRF:425
BRH:0
end_of_record
TN:
SF:src/screens/EditProfileScreen.tsx
FN:235,EditProfileScreen
FN:251,(anonymous_1)
FN:255,(anonymous_2)
FN:274,(anonymous_3)
FN:287,(anonymous_4)
FN:292,(anonymous_5)
FN:316,(anonymous_6)
FN:325,(anonymous_7)
FN:330,(anonymous_8)
FN:346,(anonymous_9)
FNF:10
FNH:0
FNDA:0,EditProfileScreen
FNDA:0,(anonymous_1)
FNDA:0,(anonymous_2)
FNDA:0,(anonymous_3)
FNDA:0,(anonymous_4)
FNDA:0,(anonymous_5)
FNDA:0,(anonymous_6)
FNDA:0,(anonymous_7)
FNDA:0,(anonymous_8)
FNDA:0,(anonymous_9)
DA:20,0
DA:236,0
DA:237,0
DA:238,0
DA:239,0
DA:240,0
DA:241,0
DA:242,0
DA:243,0
DA:244,0
DA:245,0
DA:246,0
DA:249,0
DA:251,0
DA:252,0
DA:255,0
DA:256,0
DA:257,0
DA:258,0
DA:261,0
DA:262,0
DA:263,0
DA:265,0
DA:266,0
DA:267,0
DA:270,0
DA:271,0
DA:274,0
DA:275,0
DA:281,0
DA:282,0
DA:283,0
DA:287,0
DA:289,0
DA:292,0
DA:293,0
DA:294,0
DA:295,0
DA:297,0
DA:298,0
DA:299,0
DA:300,0
DA:301,0
DA:303,0
DA:312,0
DA:314,0
DA:315,0
DA:316,0
DA:319,0
DA:321,0
DA:325,0
DA:330,0
DA:331,0
DA:332,0
DA:333,0
DA:334,0
DA:337,0
DA:339,0
DA:346,0
LF:59
LH:0
BRDA:237,0,0,0
BRDA:237,0,1,0
BRDA:238,1,0,0
BRDA:238,1,1,0
BRDA:239,2,0,0
BRDA:239,2,1,0
BRDA:240,3,0,0
BRDA:240,3,1,0
BRDA:241,4,0,0
BRDA:241,4,1,0
BRDA:242,5,0,0
BRDA:242,5,1,0
BRDA:243,6,0,0
BRDA:243,6,1,0
BRDA:256,7,0,0
BRDA:256,7,1,0
BRDA:261,8,0,0
BRDA:261,8,1,0
BRDA:261,9,0,0
BRDA:261,9,1,0
BRDA:265,10,0,0
BRDA:265,10,1,0
BRDA:281,11,0,0
BRDA:281,11,1,0
BRDA:281,12,0,0
BRDA:281,12,1,0
BRDA:281,12,2,0
BRDA:293,13,0,0
BRDA:293,13,1,0
BRDA:300,14,0,0
BRDA:300,14,1,0
BRDA:300,15,0,0
BRDA:300,15,1,0
BRDA:300,15,2,0
BRDA:312,16,0,0
BRDA:312,16,1,0
BRDA:312,17,0,0
BRDA:312,17,1,0
BRDA:319,18,0,0
BRDA:319,18,1,0
BRDA:331,19,0,0
BRDA:331,19,1,0
BRDA:332,20,0,0
BRDA:332,20,1,0
BRDA:333,21,0,0
BRDA:333,21,1,0
BRDA:333,22,0,0
BRDA:333,22,1,0
BRDA:337,23,0,0
BRDA:337,23,1,0
BRDA:337,23,2,0
BRDA:358,24,0,0
BRDA:358,24,1,0
BRDA:402,25,0,0
BRDA:402,25,1,0
BRDA:409,26,0,0
BRDA:409,26,1,0
BRDA:409,26,2,0
BRDA:409,26,3,0
BRDA:418,27,0,0
BRDA:418,27,1,0
BRDA:428,28,0,0
BRDA:428,28,1,0
BRDA:428,28,2,0
BRDA:431,29,0,0
BRDA:431,29,1,0
BRDA:433,30,0,0
BRDA:433,30,1,0
BRDA:438,31,0,0
BRDA:438,31,1,0
BRDA:438,31,2,0
BRF:71
BRH:0
end_of_record
TN:
SF:src/screens/HealthIndicatorsScreen.tsx
FN:187,(anonymous_0)
FN:188,(anonymous_1)
FN:191,(anonymous_2)
FN:192,(anonymous_3)
FN:201,(anonymous_4)
FN:202,(anonymous_5)
FN:262,(anonymous_6)
FN:263,(anonymous_7)
FN:264,(anonymous_8)
FN:265,(anonymous_9)
FN:266,(anonymous_10)
FN:267,(anonymous_11)
FN:270,(anonymous_12)
FN:271,(anonymous_13)
FN:285,(anonymous_14)
FN:294,(anonymous_15)
FN:328,(anonymous_16)
FN:329,(anonymous_17)
FN:331,(anonymous_18)
FN:332,(anonymous_19)
FN:336,(anonymous_20)
FN:381,(anonymous_21)
FN:386,(anonymous_22)
FN:387,(anonymous_23)
FN:390,(anonymous_24)
FN:392,(anonymous_25)
FN:404,(anonymous_26)
FN:410,(anonymous_27)
FN:414,(anonymous_28)
FN:430,(anonymous_29)
FN:431,(anonymous_30)
FN:464,(anonymous_31)
FN:470,(anonymous_32)
FN:474,(anonymous_33)
FN:491,(anonymous_34)
FNF:35
FNH:0
FNDA:0,(anonymous_0)
FNDA:0,(anonymous_1)
FNDA:0,(anonymous_2)
FNDA:0,(anonymous_3)
FNDA:0,(anonymous_4)
FNDA:0,(anonymous_5)
FNDA:0,(anonymous_6)
FNDA:0,(anonymous_7)
FNDA:0,(anonymous_8)
FNDA:0,(anonymous_9)
FNDA:0,(anonymous_10)
FNDA:0,(anonymous_11)
FNDA:0,(anonymous_12)
FNDA:0,(anonymous_13)
FNDA:0,(anonymous_14)
FNDA:0,(anonymous_15)
FNDA:0,(anonymous_16)
FNDA:0,(anonymous_17)
FNDA:0,(anonymous_18)
FNDA:0,(anonymous_19)
FNDA:0,(anonymous_20)
FNDA:0,(anonymous_21)
FNDA:0,(anonymous_22)
FNDA:0,(anonymous_23)
FNDA:0,(anonymous_24)
FNDA:0,(anonymous_25)
FNDA:0,(anonymous_26)
FNDA:0,(anonymous_27)
FNDA:0,(anonymous_28)
FNDA:0,(anonymous_29)
FNDA:0,(anonymous_30)
FNDA:0,(anonymous_31)
FNDA:0,(anonymous_32)
FNDA:0,(anonymous_33)
FNDA:0,(anonymous_34)
DA:20,0
DA:22,0
DA:30,0
DA:187,0
DA:188,0
DA:189,0
DA:191,0
DA:192,0
DA:193,0
DA:196,0
DA:198,0
DA:199,0
DA:201,0
DA:202,0
DA:203,0
DA:204,0
DA:205,0
DA:206,0
DA:207,0
DA:211,0
DA:214,0
DA:215,0
DA:216,0
DA:217,0
DA:218,0
DA:219,0
DA:220,0
DA:221,0
DA:222,0
DA:224,0
DA:225,0
DA:228,0
DA:231,0
DA:233,0
DA:262,0
DA:263,0
DA:264,0
DA:265,0
DA:266,0
DA:267,0
DA:270,0
DA:271,0
DA:272,0
DA:273,0
DA:276,0
DA:277,0
DA:279,0
DA:285,0
DA:288,0
DA:290,0
DA:295,0
DA:328,0
DA:329,0
DA:330,0
DA:331,0
DA:332,0
DA:334,0
DA:336,0
DA:346,0
DA:347,0
DA:349,0
DA:381,0
DA:386,0
DA:387,0
DA:388,0
DA:390,0
DA:391,0
DA:392,0
DA:395,0
DA:397,0
DA:404,0
DA:411,0
DA:414,0
DA:431,0
DA:432,0
DA:434,0
DA:435,0
DA:436,0
DA:437,0
DA:439,0
DA:464,0
DA:465,0
DA:466,0
DA:467,0
DA:468,0
DA:470,0
DA:471,0
DA:474,0
DA:475,0
DA:476,0
DA:477,0
DA:478,0
DA:479,0
DA:481,0
DA:482,0
DA:484,0
DA:486,0
DA:487,0
DA:491,0
DA:492,0
DA:493,0
DA:496,0
DA:497,0
DA:507,0
DA:535,0
LF:105
LH:0
BRDA:189,0,0,0
BRDA:189,0,1,0
BRDA:193,1,0,0
BRDA:193,1,1,0
BRDA:196,2,0,0
BRDA:196,2,1,0
BRDA:203,3,0,0
BRDA:203,3,1,0
BRDA:203,4,0,0
BRDA:203,4,1,0
BRDA:205,5,0,0
BRDA:205,5,1,0
BRDA:206,6,0,0
BRDA:206,6,1,0
BRDA:211,7,0,0
BRDA:211,7,1,0
BRDA:214,8,0,0
BRDA:214,8,1,0
BRDA:217,9,0,0
BRDA:217,9,1,0
BRDA:220,10,0,0
BRDA:220,10,1,0
BRDA:272,11,0,0
BRDA:272,11,1,0
BRDA:273,12,0,0
BRDA:273,12,1,0
BRDA:277,13,0,0
BRDA:277,13,1,0
BRDA:313,14,0,0
BRDA:313,14,1,0
BRDA:314,15,0,0
BRDA:314,15,1,0
BRDA:334,16,0,0
BRDA:334,16,1,0
BRDA:347,17,0,0
BRDA:347,17,1,0
BRDA:388,18,0,0
BRDA:388,18,1,0
BRDA:388,19,0,0
BRDA:388,19,1,0
BRDA:391,20,0,0
BRDA:391,20,1,0
BRDA:403,21,0,0
BRDA:403,21,1,0
BRDA:406,22,0,0
BRDA:406,22,1,0
BRDA:413,23,0,0
BRDA:413,23,1,0
BRDA:419,24,0,0
BRDA:419,24,1,0
BRDA:421,25,0,0
BRDA:421,25,1,0
BRDA:432,26,0,0
BRDA:432,26,1,0
BRDA:432,27,0,0
BRDA:432,27,1,0
BRDA:435,28,0,0
BRDA:435,28,1,0
BRDA:436,29,0,0
BRDA:436,29,1,0
BRDA:437,30,0,0
BRDA:437,30,1,0
BRDA:479,31,0,0
BRDA:479,31,1,0
BRDA:482,32,0,0
BRDA:482,32,1,0
BRDA:496,33,0,0
BRDA:496,33,1,0
BRF:68
BRH:0
end_of_record
TN:
SF:src/screens/KnowledgeBaseScreen.tsx
FN:1269,(anonymous_0)
FN:1270,(anonymous_1)
FN:1278,(anonymous_2)
FN:1291,Accordion
FN:1295,(anonymous_4)
FN:1295,(anonymous_5)
FN:1306,renderItems
FN:1307,(anonymous_7)
FN:1327,(anonymous_8)
FN:1335,(anonymous_9)
FN:1345,(anonymous_10)
FN:1347,(anonymous_11)
FNF:12
FNH:0
FNDA:0,(anonymous_0)
FNDA:0,(anonymous_1)
FNDA:0,(anonymous_2)
FNDA:0,Accordion
FNDA:0,(anonymous_4)
FNDA:0,(anonymous_5)
FNDA:0,renderItems
FNDA:0,(anonymous_7)
FNDA:0,(anonymous_8)
FNDA:0,(anonymous_9)
FNDA:0,(anonymous_10)
FNDA:0,(anonymous_11)
DA:8,0
DA:1269,0
DA:1270,0
DA:1278,0
DA:1279,0
DA:1292,0
DA:1293,0
DA:1295,0
DA:1307,0
DA:1308,0
DA:1309,0
DA:1315,0
DA:1316,0
DA:1323,0
DA:1324,0
DA:1327,0
DA:1331,0
DA:1335,0
DA:1336,0
DA:1346,0
DA:1348,0
DA:1368,0
LF:22
LH:0
BRDA:1270,0,0,0
BRDA:1270,0,1,0
BRDA:1291,1,0,0
BRDA:1297,2,0,0
BRDA:1297,2,1,0
BRDA:1299,3,0,0
BRDA:1299,3,1,0
BRDA:1306,4,0,0
BRDA:1308,5,0,0
BRDA:1308,5,1,0
BRDA:1315,6,0,0
BRDA:1315,6,1,0
BRDA:1323,7,0,0
BRDA:1323,7,1,0
BRDA:1349,8,0,0
BRDA:1349,8,1,0
BRF:16
BRH:0
end_of_record
TN:
SF:src/screens/LabsScreen.tsx
FN:48,getToday
FN:54,(anonymous_1)
FN:74,(anonymous_2)
FN:84,(anonymous_3)
FN:95,(anonymous_4)
FN:102,(anonymous_5)
FN:122,(anonymous_6)
FN:123,(anonymous_7)
FN:124,(anonymous_8)
FN:126,(anonymous_9)
FN:130,(anonymous_10)
FN:133,(anonymous_11)
FN:138,(anonymous_12)
FN:139,(anonymous_13)
FN:142,(anonymous_14)
FN:200,(anonymous_15)
FN:204,(anonymous_16)
FN:204,(anonymous_17)
FN:232,(anonymous_18)
FN:247,(anonymous_19)
FN:254,(anonymous_20)
FN:261,(anonymous_21)
FN:268,(anonymous_22)
FN:276,(anonymous_23)
FN:287,(anonymous_24)
FN:292,(anonymous_25)
FN:303,(anonymous_26)
FN:392,(anonymous_27)
FN:418,(anonymous_28)
FN:445,(anonymous_29)
FN:471,(anonymous_30)
FN:478,(anonymous_31)
FN:481,(anonymous_32)
FN:510,(anonymous_33)
FN:513,(anonymous_34)
FN:514,(anonymous_35)
FN:578,(anonymous_36)
FN:585,(anonymous_37)
FN:600,(anonymous_38)
FN:673,(anonymous_39)
FN:718,(anonymous_40)
FN:727,(anonymous_41)
FN:750,(anonymous_42)
FN:766,(anonymous_43)
FN:793,(anonymous_44)
FN:1645,(anonymous_45)
FN:1654,(anonymous_46)
FN:1658,(anonymous_47)
FN:1674,(anonymous_48)
FN:1677,(anonymous_49)
FN:1679,(anonymous_50)
FN:1680,(anonymous_51)
FN:1693,(anonymous_52)
FN:1695,(anonymous_53)
FN:1699,(anonymous_54)
FN:1707,(anonymous_55)
FN:1733,(anonymous_56)
FN:1782,(anonymous_57)
FN:1783,(anonymous_58)
FN:1789,(anonymous_59)
FN:1793,(anonymous_60)
FN:1810,(anonymous_61)
FN:1812,(anonymous_62)
FN:1814,(anonymous_63)
FN:1821,(anonymous_64)
FNF:65
FNH:0
FNDA:0,getToday
FNDA:0,(anonymous_1)
FNDA:0,(anonymous_2)
FNDA:0,(anonymous_3)
FNDA:0,(anonymous_4)
FNDA:0,(anonymous_5)
FNDA:0,(anonymous_6)
FNDA:0,(anonymous_7)
FNDA:0,(anonymous_8)
FNDA:0,(anonymous_9)
FNDA:0,(anonymous_10)
FNDA:0,(anonymous_11)
FNDA:0,(anonymous_12)
FNDA:0,(anonymous_13)
FNDA:0,(anonymous_14)
FNDA:0,(anonymous_15)
FNDA:0,(anonymous_16)
FNDA:0,(anonymous_17)
FNDA:0,(anonymous_18)
FNDA:0,(anonymous_19)
FNDA:0,(anonymous_20)
FNDA:0,(anonymous_21)
FNDA:0,(anonymous_22)
FNDA:0,(anonymous_23)
FNDA:0,(anonymous_24)
FNDA:0,(anonymous_25)
FNDA:0,(anonymous_26)
FNDA:0,(anonymous_27)
FNDA:0,(anonymous_28)
FNDA:0,(anonymous_29)
FNDA:0,(anonymous_30)
FNDA:0,(anonymous_31)
FNDA:0,(anonymous_32)
FNDA:0,(anonymous_33)
FNDA:0,(anonymous_34)
FNDA:0,(anonymous_35)
FNDA:0,(anonymous_36)
FNDA:0,(anonymous_37)
FNDA:0,(anonymous_38)
FNDA:0,(anonymous_39)
FNDA:0,(anonymous_40)
FNDA:0,(anonymous_41)
FNDA:0,(anonymous_42)
FNDA:0,(anonymous_43)
FNDA:0,(anonymous_44)
FNDA:0,(anonymous_45)
FNDA:0,(anonymous_46)
FNDA:0,(anonymous_47)
FNDA:0,(anonymous_48)
FNDA:0,(anonymous_49)
FNDA:0,(anonymous_50)
FNDA:0,(anonymous_51)
FNDA:0,(anonymous_52)
FNDA:0,(anonymous_53)
FNDA:0,(anonymous_54)
FNDA:0,(anonymous_55)
FNDA:0,(anonymous_56)
FNDA:0,(anonymous_57)
FNDA:0,(anonymous_58)
FNDA:0,(anonymous_59)
FNDA:0,(anonymous_60)
FNDA:0,(anonymous_61)
FNDA:0,(anonymous_62)
FNDA:0,(anonymous_63)
FNDA:0,(anonymous_64)
DA:35,0
DA:37,0
DA:49,0
DA:50,0
DA:54,0
DA:61,0
DA:74,0
DA:84,0
DA:93,0
DA:96,0
DA:102,0
DA:122,0
DA:123,0
DA:124,0
DA:125,0
DA:126,0
DA:127,0
DA:128,0
DA:130,0
DA:131,0
DA:133,0
DA:134,0
DA:138,0
DA:139,0
DA:140,0
DA:142,0
DA:143,0
DA:144,0
DA:147,0
DA:155,0
DA:158,0
DA:160,0
DA:200,0
DA:204,0
DA:205,0
DA:232,0
DA:247,0
DA:248,0
DA:249,0
DA:250,0
DA:251,0
DA:254,0
DA:255,0
DA:256,0
DA:257,0
DA:258,0
DA:261,0
DA:262,0
DA:263,0
DA:264,0
DA:265,0
DA:268,0
DA:269,0
DA:270,0
DA:271,0
DA:272,0
DA:273,0
DA:276,0
DA:277,0
DA:278,0
DA:279,0
DA:280,0
DA:281,0
DA:282,0
DA:283,0
DA:287,0
DA:288,0
DA:289,0
DA:292,0
DA:293,0
DA:294,0
DA:295,0
DA:296,0
DA:299,0
DA:300,0
DA:303,0
DA:304,0
DA:305,0
DA:306,0
DA:307,0
DA:310,0
DA:312,0
DA:392,0
DA:419,0
DA:420,0
DA:445,0
DA:460,0
DA:462,0
DA:464,0
DA:471,0
DA:472,0
DA:474,0
DA:475,0
DA:476,0
DA:478,0
DA:481,0
DA:482,0
DA:483,0
DA:485,0
DA:486,0
DA:487,0
DA:494,0
DA:495,0
DA:496,0
DA:503,0
DA:510,0
DA:511,0
DA:513,0
DA:514,0
DA:515,0
DA:516,0
DA:518,0
DA:521,0
DA:522,0
DA:523,0
DA:525,0
DA:579,0
DA:585,0
DA:600,0
DA:674,0
DA:719,0
DA:727,0
DA:747,0
DA:750,0
DA:761,0
DA:762,0
DA:763,0
DA:764,0
DA:766,0
DA:767,0
DA:768,0
DA:770,0
DA:771,0
DA:772,0
DA:773,0
DA:776,0
DA:777,0
DA:778,0
DA:779,0
DA:782,0
DA:783,0
DA:784,0
DA:785,0
DA:787,0
DA:789,0
DA:793,0
DA:794,0
DA:795,0
DA:796,0
DA:797,0
DA:798,0
DA:801,0
DA:803,0
DA:805,0
DA:922,0
DA:990,0
DA:1645,0
DA:1646,0
DA:1647,0
DA:1648,0
DA:1649,0
DA:1650,0
DA:1651,0
DA:1652,0
DA:1654,0
DA:1655,0
DA:1658,0
DA:1659,0
DA:1660,0
DA:1661,0
DA:1662,0
DA:1663,0
DA:1664,0
DA:1665,0
DA:1667,0
DA:1669,0
DA:1674,0
DA:1675,0
DA:1677,0
DA:1678,0
DA:1679,0
DA:1680,0
DA:1682,0
DA:1689,0
DA:1693,0
DA:1694,0
DA:1695,0
DA:1696,0
DA:1697,0
DA:1698,0
DA:1701,0
DA:1702,0
DA:1703,0
DA:1707,0
DA:1708,0
DA:1710,0
DA:1711,0
DA:1712,0
DA:1713,0
DA:1715,0
DA:1726,0
DA:1727,0
DA:1729,0
DA:1733,0
DA:1734,0
DA:1735,0
DA:1736,0
DA:1738,0
DA:1742,0
DA:1743,0
DA:1745,0
DA:1782,0
DA:1784,0
DA:1790,0
DA:1791,0
DA:1794,0
DA:1795,0
DA:1810,0
DA:1813,0
DA:1814,0
DA:1821,0
LF:221
LH:0
BRDA:71,0,0,0
BRDA:71,0,1,0
BRDA:100,1,0,0
BRDA:100,1,1,0
BRDA:107,2,0,0
BRDA:107,2,1,0
BRDA:111,3,0,0
BRDA:111,3,1,0
BRDA:128,4,0,0
BRDA:128,4,1,0
BRDA:140,5,0,0
BRDA:140,5,1,0
BRDA:144,6,0,0
BRDA:144,6,1,0
BRDA:151,7,0,0
BRDA:151,7,1,0
BRDA:200,8,0,0
BRDA:200,8,1,0
BRDA:213,9,0,0
BRDA:213,9,1,0
BRDA:214,10,0,0
BRDA:214,10,1,0
BRDA:248,11,0,0
BRDA:248,11,1,0
BRDA:249,12,0,0
BRDA:249,12,1,0
BRDA:250,13,0,0
BRDA:250,13,1,0
BRDA:255,14,0,0
BRDA:255,14,1,0
BRDA:256,15,0,0
BRDA:256,15,1,0
BRDA:257,16,0,0
BRDA:257,16,1,0
BRDA:262,17,0,0
BRDA:262,17,1,0
BRDA:263,18,0,0
BRDA:263,18,1,0
BRDA:264,19,0,0
BRDA:264,19,1,0
BRDA:269,20,0,0
BRDA:269,20,1,0
BRDA:273,21,0,0
BRDA:273,21,1,0
BRDA:273,22,0,0
BRDA:273,22,1,0
BRDA:278,23,0,0
BRDA:278,23,1,0
BRDA:279,24,0,0
BRDA:279,24,1,0
BRDA:279,24,2,0
BRDA:279,24,3,0
BRDA:289,25,0,0
BRDA:289,25,1,0
BRDA:293,26,0,0
BRDA:293,26,1,0
BRDA:293,27,0,0
BRDA:293,27,1,0
BRDA:294,28,0,0
BRDA:294,28,1,0
BRDA:294,29,0,0
BRDA:294,29,1,0
BRDA:295,30,0,0
BRDA:295,30,1,0
BRDA:295,31,0,0
BRDA:295,31,1,0
BRDA:299,32,0,0
BRDA:299,32,1,0
BRDA:300,33,0,0
BRDA:300,33,1,0
BRDA:304,34,0,0
BRDA:304,34,1,0
BRDA:340,35,0,0
BRDA:340,35,1,0
BRDA:355,36,0,0
BRDA:355,36,1,0
BRDA:389,37,0,0
BRDA:389,37,1,0
BRDA:417,38,0,0
BRDA:417,38,1,0
BRDA:423,39,0,0
BRDA:423,39,1,0
BRDA:424,40,0,0
BRDA:424,40,1,0
BRDA:425,41,0,0
BRDA:425,41,1,0
BRDA:429,42,0,0
BRDA:429,42,1,0
BRDA:433,43,0,0
BRDA:433,43,1,0
BRDA:462,44,0,0
BRDA:462,44,1,0
BRDA:472,45,0,0
BRDA:472,45,1,0
BRDA:475,46,0,0
BRDA:475,46,1,0
BRDA:475,47,0,0
BRDA:475,47,1,0
BRDA:482,48,0,0
BRDA:482,48,1,0
BRDA:485,49,0,0
BRDA:485,49,1,0
BRDA:494,50,0,0
BRDA:494,50,1,0
BRDA:511,51,0,0
BRDA:511,51,1,0
BRDA:548,52,0,0
BRDA:548,52,1,0
BRDA:573,53,0,0
BRDA:573,53,1,0
BRDA:583,54,0,0
BRDA:583,54,1,0
BRDA:589,55,0,0
BRDA:589,55,1,0
BRDA:641,56,0,0
BRDA:641,56,1,0
BRDA:644,57,0,0
BRDA:644,57,1,0
BRDA:649,58,0,0
BRDA:649,58,1,0
BRDA:653,59,0,0
BRDA:653,59,1,0
BRDA:663,60,0,0
BRDA:663,60,1,0
BRDA:696,61,0,0
BRDA:696,61,1,0
BRDA:696,62,0,0
BRDA:696,62,1,0
BRDA:703,63,0,0
BRDA:703,63,1,0
BRDA:703,64,0,0
BRDA:703,64,1,0
BRDA:709,65,0,0
BRDA:709,65,1,0
BRDA:709,66,0,0
BRDA:709,66,1,0
BRDA:770,67,0,0
BRDA:770,67,1,0
BRDA:770,68,0,0
BRDA:770,68,1,0
BRDA:776,69,0,0
BRDA:776,69,1,0
BRDA:794,70,0,0
BRDA:794,70,1,0
BRDA:794,71,0,0
BRDA:794,71,1,0
BRDA:796,72,0,0
BRDA:796,72,1,0
BRDA:797,73,0,0
BRDA:797,73,1,0
BRDA:803,74,0,0
BRDA:803,74,1,0
BRDA:814,75,0,0
BRDA:814,75,1,0
BRDA:839,76,0,0
BRDA:839,76,1,0
BRDA:839,76,2,0
BRDA:845,77,0,0
BRDA:845,77,1,0
BRDA:847,78,0,0
BRDA:847,78,1,0
BRDA:851,79,0,0
BRDA:851,79,1,0
BRDA:857,80,0,0
BRDA:857,80,1,0
BRDA:859,81,0,0
BRDA:859,81,1,0
BRDA:864,82,0,0
BRDA:864,82,1,0
BRDA:889,83,0,0
BRDA:889,83,1,0
BRDA:902,84,0,0
BRDA:902,84,1,0
BRDA:906,85,0,0
BRDA:906,85,1,0
BRDA:1663,86,0,0
BRDA:1663,86,1,0
BRDA:1665,87,0,0
BRDA:1665,87,1,0
BRDA:1685,88,0,0
BRDA:1685,88,1,0
BRDA:1696,89,0,0
BRDA:1696,89,1,0
BRDA:1698,90,0,0
BRDA:1698,90,1,0
BRDA:1701,91,0,0
BRDA:1701,91,1,0
BRDA:1701,92,0,0
BRDA:1701,92,1,0
BRDA:1702,93,0,0
BRDA:1702,93,1,0
BRDA:1702,94,0,0
BRDA:1702,94,1,0
BRDA:1708,95,0,0
BRDA:1708,95,1,0
BRDA:1713,96,0,0
BRDA:1713,96,1,0
BRDA:1756,97,0,0
BRDA:1756,97,1,0
BRDA:1808,98,0,0
BRDA:1808,98,1,0
BRDA:1808,99,0,0
BRDA:1808,99,1,0
BRF:203
BRH:0
end_of_record
TN:
SF:src/screens/LogInjectionScreen.tsx
FN:25,getTodayKey
FN:31,(anonymous_1)
FN:99,(anonymous_2)
FN:100,(anonymous_3)
FN:114,(anonymous_4)
FN:131,(anonymous_5)
FN:135,(anonymous_6)
FN:141,(anonymous_7)
FN:150,(anonymous_8)
FN:163,(anonymous_9)
FN:168,(anonymous_10)
FN:168,(anonymous_11)
FN:172,(anonymous_12)
FN:178,(anonymous_13)
FN:182,(anonymous_14)
FN:182,(anonymous_15)
FN:193,(anonymous_16)
FN:197,(anonymous_17)
FN:214,(anonymous_18)
FN:219,(anonymous_19)
FN:223,(anonymous_20)
FN:227,(anonymous_21)
FN:230,(anonymous_22)
FN:276,(anonymous_23)
FN:277,(anonymous_24)
FN:286,(anonymous_25)
FN:289,(anonymous_26)
FN:290,(anonymous_27)
FN:312,(anonymous_28)
FN:361,(anonymous_29)
FN:369,(anonymous_30)
FN:403,(anonymous_31)
FN:404,(anonymous_32)
FN:412,(anonymous_33)
FN:418,(anonymous_34)
FNF:35
FNH:0
FNDA:0,getTodayKey
FNDA:0,(anonymous_1)
FNDA:0,(anonymous_2)
FNDA:0,(anonymous_3)
FNDA:0,(anonymous_4)
FNDA:0,(anonymous_5)
FNDA:0,(anonymous_6)
FNDA:0,(anonymous_7)
FNDA:0,(anonymous_8)
FNDA:0,(anonymous_9)
FNDA:0,(anonymous_10)
FNDA:0,(anonymous_11)
FNDA:0,(anonymous_12)
FNDA:0,(anonymous_13)
FNDA:0,(anonymous_14)
FNDA:0,(anonymous_15)
FNDA:0,(anonymous_16)
FNDA:0,(anonymous_17)
FNDA:0,(anonymous_18)
FNDA:0,(anonymous_19)
FNDA:0,(anonymous_20)
FNDA:0,(anonymous_21)
FNDA:0,(anonymous_22)
FNDA:0,(anonymous_23)
FNDA:0,(anonymous_24)
FNDA:0,(anonymous_25)
FNDA:0,(anonymous_26)
FNDA:0,(anonymous_27)
FNDA:0,(anonymous_28)
FNDA:0,(anonymous_29)
FNDA:0,(anonymous_30)
FNDA:0,(anonymous_31)
FNDA:0,(anonymous_32)
FNDA:0,(anonymous_33)
FNDA:0,(anonymous_34)
DA:26,0
DA:27,0
DA:31,0
DA:44,0
DA:45,0
DA:46,0
DA:47,0
DA:49,0
DA:99,0
DA:100,0
DA:114,0
DA:115,0
DA:116,0
DA:117,0
DA:118,0
DA:120,0
DA:121,0
DA:122,0
DA:123,0
DA:124,0
DA:125,0
DA:126,0
DA:127,0
DA:128,0
DA:129,0
DA:131,0
DA:132,0
DA:135,0
DA:136,0
DA:137,0
DA:138,0
DA:139,0
DA:140,0
DA:141,0
DA:142,0
DA:143,0
DA:144,0
DA:145,0
DA:146,0
DA:149,0
DA:150,0
DA:151,0
DA:152,0
DA:155,0
DA:157,0
DA:158,0
DA:159,0
DA:160,0
DA:162,0
DA:163,0
DA:164,0
DA:165,0
DA:167,0
DA:168,0
DA:169,0
DA:170,0
DA:171,0
DA:172,0
DA:174,0
DA:176,0
DA:179,0
DA:180,0
DA:181,0
DA:182,0
DA:184,0
DA:186,0
DA:188,0
DA:190,0
DA:192,0
DA:193,0
DA:194,0
DA:195,0
DA:196,0
DA:197,0
DA:198,0
DA:200,0
DA:201,0
DA:205,0
DA:208,0
DA:210,0
DA:214,0
DA:215,0
DA:216,0
DA:217,0
DA:218,0
DA:219,0
DA:221,0
DA:222,0
DA:223,0
DA:227,0
DA:229,0
DA:231,0
DA:232,0
DA:233,0
DA:234,0
DA:235,0
DA:237,0
DA:238,0
DA:239,0
DA:240,0
DA:241,0
DA:247,0
DA:248,0
DA:249,0
DA:251,0
DA:252,0
DA:253,0
DA:254,0
DA:255,0
DA:262,0
DA:263,0
DA:265,0
DA:266,0
DA:267,0
DA:269,0
DA:271,0
DA:275,0
DA:276,0
DA:278,0
DA:279,0
DA:280,0
DA:283,0
DA:284,0
DA:285,0
DA:286,0
DA:287,0
DA:289,0
DA:290,0
DA:293,0
DA:294,0
DA:304,0
DA:312,0
DA:362,0
DA:363,0
DA:364,0
DA:369,0
DA:403,0
DA:404,0
DA:412,0
DA:418,0
DA:426,0
LF:141
LH:0
BRDA:45,0,0,0
BRDA:45,0,1,0
BRDA:46,1,0,0
BRDA:46,1,1,0
BRDA:47,2,0,0
BRDA:47,2,1,0
BRDA:47,3,0,0
BRDA:47,3,1,0
BRDA:52,4,0,0
BRDA:52,4,1,0
BRDA:58,5,0,0
BRDA:58,5,1,0
BRDA:61,6,0,0
BRDA:61,6,1,0
BRDA:63,7,0,0
BRDA:63,7,1,0
BRDA:69,8,0,0
BRDA:69,8,1,0
BRDA:77,9,0,0
BRDA:77,9,1,0
BRDA:90,10,0,0
BRDA:90,10,1,0
BRDA:91,11,0,0
BRDA:91,11,1,0
BRDA:104,12,0,0
BRDA:104,12,1,0
BRDA:104,12,2,0
BRDA:139,13,0,0
BRDA:139,13,1,0
BRDA:140,14,0,0
BRDA:140,14,1,0
BRDA:141,15,0,0
BRDA:141,15,1,0
BRDA:142,16,0,0
BRDA:142,16,1,0
BRDA:145,17,0,0
BRDA:145,17,1,0
BRDA:152,18,0,0
BRDA:152,18,1,0
BRDA:152,18,2,0
BRDA:152,18,3,0
BRDA:159,19,0,0
BRDA:159,19,1,0
BRDA:164,20,0,0
BRDA:164,20,1,0
BRDA:165,21,0,0
BRDA:165,21,1,0
BRDA:165,22,0,0
BRDA:165,22,1,0
BRDA:167,23,0,0
BRDA:167,23,1,0
BRDA:168,24,0,0
BRDA:168,24,1,0
BRDA:168,24,2,0
BRDA:171,25,0,0
BRDA:171,25,1,0
BRDA:181,26,0,0
BRDA:181,26,1,0
BRDA:182,27,0,0
BRDA:182,27,1,0
BRDA:184,28,0,0
BRDA:184,28,1,0
BRDA:193,29,0,0
BRDA:193,29,1,0
BRDA:196,30,0,0
BRDA:196,30,1,0
BRDA:198,31,0,0
BRDA:198,31,1,0
BRDA:200,32,0,0
BRDA:200,32,1,0
BRDA:215,33,0,0
BRDA:215,33,1,0
BRDA:217,34,0,0
BRDA:217,34,1,0
BRDA:218,35,0,0
BRDA:218,35,1,0
BRDA:219,36,0,0
BRDA:219,36,1,0
BRDA:222,37,0,0
BRDA:222,37,1,0
BRDA:223,38,0,0
BRDA:223,38,1,0
BRDA:231,39,0,0
BRDA:231,39,1,0
BRDA:232,40,0,0
BRDA:232,40,1,0
BRDA:233,41,0,0
BRDA:233,41,1,0
BRDA:233,42,0,0
BRDA:233,42,1,0
BRDA:234,43,0,0
BRDA:234,43,1,0
BRDA:235,44,0,0
BRDA:235,44,1,0
BRDA:237,45,0,0
BRDA:237,45,1,0
BRDA:240,46,0,0
BRDA:240,46,1,0
BRDA:240,47,0,0
BRDA:240,47,1,0
BRDA:241,48,0,0
BRDA:241,48,1,0
BRDA:241,49,0,0
BRDA:241,49,1,0
BRDA:241,49,2,0
BRDA:247,50,0,0
BRDA:247,50,1,0
BRDA:256,51,0,0
BRDA:256,51,1,0
BRDA:269,52,0,0
BRDA:269,52,1,0
BRDA:275,53,0,0
BRDA:275,53,1,0
BRDA:276,54,0,0
BRDA:276,54,1,0
BRDA:278,55,0,0
BRDA:278,55,1,0
BRDA:280,56,0,0
BRDA:280,56,1,0
BRDA:280,56,2,0
BRDA:280,56,3,0
BRDA:285,57,0,0
BRDA:285,57,1,0
BRDA:286,58,0,0
BRDA:286,58,1,0
BRDA:289,59,0,0
BRDA:289,59,1,0
BRDA:290,60,0,0
BRDA:290,60,1,0
BRDA:293,61,0,0
BRDA:293,61,1,0
BRDA:320,62,0,0
BRDA:320,62,1,0
BRDA:331,63,0,0
BRDA:331,63,1,0
BRDA:335,64,0,0
BRDA:335,64,1,0
BRDA:351,65,0,0
BRDA:351,65,1,0
BRDA:353,66,0,0
BRDA:353,66,1,0
BRDA:362,67,0,0
BRDA:362,67,1,0
BRDA:363,68,0,0
BRDA:363,68,1,0
BRDA:368,69,0,0
BRDA:368,69,1,0
BRDA:373,70,0,0
BRDA:373,70,1,0
BRDA:374,71,0,0
BRDA:374,71,1,0
BRDA:389,72,0,0
BRDA:389,72,1,0
BRDA:392,73,0,0
BRDA:392,73,1,0
BRDA:395,74,0,0
BRDA:395,74,1,0
BRDA:400,75,0,0
BRDA:400,75,1,0
BRDA:402,76,0,0
BRDA:402,76,1,0
BRDA:403,77,0,0
BRDA:403,77,1,0
BRDA:404,78,0,0
BRDA:404,78,1,0
BRDA:404,78,2,0
BRF:166
BRH:0
end_of_record
TN:
SF:src/screens/LogNoteScreen.tsx
FN:11,(anonymous_0)
FN:27,(anonymous_1)
FN:52,(anonymous_2)
FN:53,(anonymous_3)
FN:57,(anonymous_4)
FN:58,(anonymous_5)
FN:62,(anonymous_6)
FN:100,(anonymous_7)
FN:130,(anonymous_8)
FN:138,(anonymous_9)
FN:162,(anonymous_10)
FN:177,(anonymous_11)
FN:191,(anonymous_12)
FN:195,(anonymous_13)
FN:229,(anonymous_14)
FN:246,(anonymous_15)
FN:252,(anonymous_16)
FNF:17
FNH:0
FNDA:0,(anonymous_0)
FNDA:0,(anonymous_1)
FNDA:0,(anonymous_2)
FNDA:0,(anonymous_3)
FNDA:0,(anonymous_4)
FNDA:0,(anonymous_5)
FNDA:0,(anonymous_6)
FNDA:0,(anonymous_7)
FNDA:0,(anonymous_8)
FNDA:0,(anonymous_9)
FNDA:0,(anonymous_10)
FNDA:0,(anonymous_11)
FNDA:0,(anonymous_12)
FNDA:0,(anonymous_13)
FNDA:0,(anonymous_14)
FNDA:0,(anonymous_15)
FNDA:0,(anonymous_16)
DA:11,0
DA:12,0
DA:13,0
DA:14,0
DA:15,0
DA:16,0
DA:17,0
DA:18,0
DA:20,0
DA:27,0
DA:28,0
DA:29,0
DA:30,0
DA:31,0
DA:32,0
DA:33,0
DA:44,0
DA:46,0
DA:48,0
DA:52,0
DA:53,0
DA:54,0
DA:57,0
DA:58,0
DA:59,0
DA:62,0
DA:63,0
DA:89,0
DA:92,0
DA:100,0
DA:131,0
DA:138,0
DA:162,0
DA:177,0
DA:192,0
DA:195,0
DA:230,0
DA:231,0
DA:246,0
DA:253,0
DA:254,0
DA:268,0
LF:42
LH:0
BRDA:28,0,0,0
BRDA:28,0,1,0
BRDA:46,1,0,0
BRDA:46,1,1,0
BRDA:54,2,0,0
BRDA:54,2,1,0
BRDA:59,3,0,0
BRDA:59,3,1,0
BRDA:89,4,0,0
BRDA:89,4,1,0
BRDA:108,5,0,0
BRDA:108,5,1,0
BRDA:135,6,0,0
BRDA:135,6,1,0
BRDA:143,7,0,0
BRDA:143,7,1,0
BRDA:147,8,0,0
BRDA:147,8,1,0
BRDA:180,9,0,0
BRDA:180,9,1,0
BRDA:209,10,0,0
BRDA:209,10,1,0
BRDA:212,11,0,0
BRDA:212,11,1,0
BRDA:215,12,0,0
BRDA:215,12,1,0
BRDA:220,13,0,0
BRDA:220,13,1,0
BRF:28
BRH:0
end_of_record
TN:
SF:src/screens/LogTabletScreen.tsx
FN:24,(anonymous_0)
FN:97,(anonymous_1)
FN:98,(anonymous_2)
FN:108,(anonymous_3)
FN:125,(anonymous_4)
FN:129,(anonymous_5)
FN:137,(anonymous_6)
FN:149,(anonymous_7)
FN:153,(anonymous_8)
FN:172,(anonymous_9)
FN:189,(anonymous_10)
FN:201,(anonymous_11)
FN:216,(anonymous_12)
FN:241,(anonymous_13)
FN:268,(anonymous_14)
FN:269,(anonymous_15)
FN:290,(anonymous_16)
FN:335,(anonymous_17)
FN:343,(anonymous_18)
FN:390,(anonymous_19)
FN:396,(anonymous_20)
FNF:21
FNH:0
FNDA:0,(anonymous_0)
FNDA:0,(anonymous_1)
FNDA:0,(anonymous_2)
FNDA:0,(anonymous_3)
FNDA:0,(anonymous_4)
[...]
DA:368,0
DA:371,0
DA:372,0
DA:375,0
DA:384,0
DA:388,0
LF:151
LH:0
BRDA:19,0,0,0
BRDA:19,0,1,0
BRDA:25,1,0,0
BRDA:25,1,1,0
BRDA:41,2,0,0
BRDA:41,2,1,0
BRDA:41,3,0,0
BRDA:41,3,1,0
BRDA:45,4,0,0
BRDA:45,4,1,0
BRDA:45,5,0,0
BRDA:45,5,1,0
BRDA:68,6,0,0
BRDA:68,6,1,0
BRDA:88,7,0,0
BRDA:88,7,1,0
BRDA:90,8,0,0
BRDA:90,8,1,0
BRDA:97,9,0,0
BRDA:97,9,1,0
BRDA:103,10,0,0
BRDA:103,10,1,0
BRDA:135,11,0,0
BRDA:135,11,1,0
BRDA:149,12,0,0
BRDA:149,12,1,0
BRDA:151,13,0,0
BRDA:151,13,1,0
BRDA:157,14,0,0
BRDA:157,14,1,0
BRDA:163,15,0,0
BRDA:163,15,1,0
BRDA:169,16,0,0
BRDA:169,16,1,0
BRDA:180,17,0,0
BRDA:180,17,1,0
BRDA:191,18,0,0
BRDA:191,18,1,0
BRDA:206,19,0,0
BRDA:206,19,1,0
BRDA:212,20,0,0
BRDA:212,20,1,0
BRDA:230,21,0,0
BRDA:230,21,1,0
BRDA:235,22,0,0
BRDA:235,22,1,0
BRDA:242,23,0,0
BRDA:242,23,1,0
BRDA:263,24,0,0
BRDA:263,24,1,0
BRDA:292,25,0,0
BRDA:292,25,1,0
BRDA:302,26,0,0
BRDA:302,26,1,0
BRDA:333,27,0,0
BRDA:333,27,1,0
BRDA:337,28,0,0
BRDA:337,28,1,0
BRDA:341,29,0,0
BRDA:341,29,1,0
BRDA:345,30,0,0
BRDA:345,30,1,0
BRDA:349,31,0,0
BRDA:349,31,1,0
BRDA:363,32,0,0
BRDA:363,32,1,0
BRDA:367,33,0,0
BRDA:367,33,1,0
BRDA:371,34,0,0
BRDA:371,34,1,0
BRF:70
BRH:0
end_of_record
TN:
SF:src/services/backup.ts
FN:8,(anonymous_0)
FN:43,(anonymous_1)
FN:66,(anonymous_2)
FN:72,(anonymous_3)
FN:107,(anonymous_4)
FN:133,(anonymous_5)
FN:144,(anonymous_6)
FN:157,(anonymous_7)
FN:168,(anonymous_8)
FN:194,(anonymous_9)
FN:223,(anonymous_10)
FN:234,(anonymous_11)
FN:248,(anonymous_12)
FN:283,(anonymous_13)
FN:306,(anonymous_14)
FN:332,(anonymous_15)
FN:343,(anonymous_16)
FN:348,(anonymous_17)
FN:359,(anonymous_18)
FNF:19
FNH:0
FNDA:0,(anonymous_0)
FNDA:0,(anonymous_1)
FNDA:0,(anonymous_2)
FNDA:0,(anonymous_3)
FNDA:0,(anonymous_4)
FNDA:0,(anonymous_5)
FNDA:0,(anonymous_6)
FNDA:0,(anonymous_7)
FNDA:0,(anonymous_8)
FNDA:0,(anonymous_9)
FNDA:0,(anonymous_10)
FNDA:0,(anonymous_11)
FNDA:0,(anonymous_12)
FNDA:0,(anonymous_13)
FNDA:0,(anonymous_14)
FNDA:0,(anonymous_15)
FNDA:0,(anonymous_16)
FNDA:0,(anonymous_17)
FNDA:0,(anonymous_18)
DA:9,0
DA:10,0
DA:24,0
DA:25,0
DA:26,0
DA:27,0
DA:28,0
DA:29,0
DA:31,0
DA:32,0
DA:33,0
DA:34,0
DA:37,0
DA:39,0
DA:44,0
DA:45,0
DA:47,0
DA:48,0
DA:49,0
DA:52,0
DA:53,0
DA:55,0
DA:56,0
DA:57,0
DA:58,0
DA:59,0
DA:60,0
DA:62,0
DA:67,0
DA:68,0
DA:69,0
DA:73,0
DA:74,0
DA:75,0
DA:76,0
DA:79,0
DA:89,0
DA:90,0
DA:91,0
DA:94,0
DA:95,0
DA:97,0
DA:99,0
DA:101,0
DA:102,0
DA:108,0
DA:109,0
DA:110,0
DA:112,0
DA:113,0
DA:114,0
DA:117,0
DA:118,0
DA:120,0
DA:121,0
DA:122,0
DA:124,0
DA:127,0
DA:128,0
DA:134,0
DA:135,0
DA:136,0
DA:138,0
DA:139,0
DA:145,0
DA:147,0
DA:148,0
DA:150,0
DA:151,0
DA:152,0
DA:156,0
DA:157,0
DA:158,0
DA:160,0
DA:162,0
DA:163,0
DA:169,0
DA:170,0
DA:171,0
DA:172,0
DA:175,0
DA:176,0
DA:178,0
DA:181,0
DA:182,0
DA:183,0
DA:186,0
DA:188,0
DA:189,0
DA:195,0
DA:196,0
DA:197,0
DA:198,0
DA:201,0
DA:202,0
DA:205,0
DA:206,0
DA:207,0
DA:210,0
DA:211,0
DA:212,0
DA:214,0
DA:217,0
DA:218,0
DA:224,0
DA:225,0
DA:226,0
DA:227,0
DA:230,0
DA:231,0
DA:233,0
DA:234,0
DA:235,0
DA:237,0
DA:240,0
DA:242,0
DA:243,0
DA:249,0
DA:250,0
DA:251,0
DA:253,0
DA:254,0
DA:256,0
DA:257,0
DA:258,0
DA:260,0
DA:261,0
DA:263,0
DA:264,0
DA:265,0
DA:268,0
DA:270,0
DA:274,0
DA:275,0
DA:277,0
DA:278,0
DA:284,0
DA:285,0
DA:286,0
DA:288,0
DA:289,0
DA:290,0
DA:292,0
DA:293,0
DA:294,0
DA:298,0
DA:300,0
DA:301,0
DA:307,0
DA:308,0
DA:311,0
DA:312,0
DA:315,0
DA:316,0
DA:319,0
DA:320,0
DA:322,0
DA:323,0
DA:324,0
DA:328,0
DA:333,0
DA:334,0
DA:335,0
DA:336,0
DA:338,0
DA:344,0
DA:349,0
DA:351,0
DA:352,0
DA:353,0
DA:355,0
DA:365,0
DA:366,0
DA:367,0
DA:369,0
DA:376,0
DA:377,0
LF:177
LH:0
BRDA:18,0,0,0
BRDA:18,0,1,0
BRDA:19,1,0,0
BRDA:19,1,1,0
BRDA:20,2,0,0
BRDA:20,2,1,0
BRDA:21,3,0,0
BRDA:21,3,1,0
BRDA:33,4,0,0
BRDA:33,4,1,0
BRDA:39,5,0,0
BRDA:39,5,1,0
BRDA:48,6,0,0
BRDA:48,6,1,0
BRDA:48,7,0,0
BRDA:48,7,1,0
BRDA:53,8,0,0
BRDA:53,8,1,0
BRDA:55,9,0,0
BRDA:55,9,1,0
BRDA:56,10,0,0
BRDA:56,10,1,0
BRDA:57,11,0,0
BRDA:57,11,1,0
BRDA:58,12,0,0
BRDA:58,12,1,0
BRDA:59,13,0,0
BRDA:59,13,1,0
BRDA:62,14,0,0
BRDA:62,14,1,0
BRDA:67,15,0,0
BRDA:67,15,1,0
BRDA:67,16,0,0
BRDA:67,16,1,0
BRDA:67,16,2,0
BRDA:68,17,0,0
BRDA:68,17,1,0
BRDA:68,18,0,0
BRDA:68,18,1,0
BRDA:75,19,0,0
BRDA:75,19,1,0
BRDA:113,20,0,0
BRDA:113,20,1,0
BRDA:121,21,0,0
BRDA:121,21,1,0
BRDA:136,22,0,0
BRDA:136,22,1,0
BRDA:151,23,0,0
BRDA:151,23,1,0
BRDA:171,24,0,0
BRDA:171,24,1,0
BRDA:182,25,0,0
BRDA:182,25,1,0
BRDA:197,26,0,0
BRDA:197,26,1,0
BRDA:206,27,0,0
BRDA:206,27,1,0
BRDA:211,28,0,0
BRDA:211,28,1,0
BRDA:226,29,0,0
BRDA:226,29,1,0
BRDA:231,30,0,0
BRDA:231,30,1,0
BRDA:231,31,0,0
BRDA:231,31,1,0
BRDA:235,32,0,0
BRDA:235,32,1,0
BRDA:248,33,0,0
BRDA:258,34,0,0
BRDA:258,34,1,0
BRDA:264,35,0,0
BRDA:264,35,1,0
BRDA:293,36,0,0
BRDA:293,36,1,0
BRDA:294,37,0,0
BRDA:294,37,1,0
BRDA:307,38,0,0
BRDA:307,38,1,0
BRDA:307,39,0,0
BRDA:307,39,1,0
BRDA:311,40,0,0
BRDA:311,40,1,0
BRDA:315,41,0,0
BRDA:315,41,1,0
BRDA:315,42,0,0
BRDA:315,42,1,0
BRDA:323,43,0,0
BRDA:323,43,1,0
BRDA:349,44,0,0
BRDA:349,44,1,0
BRF:90
BRH:0
end_of_record
TN:
SF:src/services/courses.ts
FN:5,(anonymous_0)
FN:9,(anonymous_1)
FN:15,(anonymous_2)
FN:17,(anonymous_3)
FN:21,(anonymous_4)
FN:47,(anonymous_5)
FN:55,(anonymous_6)
FN:67,(anonymous_7)
FN:70,(anonymous_8)
FN:72,(anonymous_9)
FN:82,(anonymous_10)
FN:85,(anonymous_11)
FN:87,(anonymous_12)
FN:91,(anonymous_13)
FN:93,(anonymous_14)
FN:97,(anonymous_15)
FN:99,(anonymous_16)
FN:103,(anonymous_17)
FN:107,(anonymous_18)
FN:115,(anonymous_19)
FN:127,(anonymous_20)
FN:128,(anonymous_21)
FN:129,(anonymous_22)
FN:135,(anonymous_23)
FN:141,(anonymous_24)
FN:149,(anonymous_25)
FN:167,(anonymous_26)
FN:184,(anonymous_27)
FN:222,(anonymous_28)
FN:226,(anonymous_29)
FN:266,(anonymous_30)
FN:271,(anonymous_31)
FN:384,getCourses
FN:393,getCourseById
FN:402,addCourse
FN:412,updateCourse
FN:422,deleteCourse
FNF:37
FNH:0
FNDA:0,(anonymous_0)
FNDA:0,(anonymous_1)
FNDA:0,(anonymous_2)
FNDA:0,(anonymous_3)
FNDA:0,(anonymous_4)
FNDA:0,(anonymous_5)
FNDA:0,(anonymous_6)
FNDA:0,(anonymous_7)
FNDA:0,(anonymous_8)
FNDA:0,(anonymous_9)
FNDA:0,(anonymous_10)
FNDA:0,(anonymous_11)
FNDA:0,(anonymous_12)
FNDA:0,(anonymous_13)
FNDA:0,(anonymous_14)
FNDA:0,(anonymous_15)
FNDA:0,(anonymous_16)
FNDA:0,(anonymous_17)
FNDA:0,(anonymous_18)
FNDA:0,(anonymous_19)
FNDA:0,(anonymous_20)
FNDA:0,(anonymous_21)
FNDA:0,(anonymous_22)
FNDA:0,(anonymous_23)
FNDA:0,(anonymous_24)
FNDA:0,(anonymous_25)
FNDA:0,(anonymous_26)
FNDA:0,(anonymous_27)
FNDA:0,(anonymous_28)
FNDA:0,(anonymous_29)
FNDA:0,(anonymous_30)
FNDA:0,(anonymous_31)
FNDA:0,getCourses
FNDA:0,getCourseById
FNDA:0,addCourse
FNDA:0,updateCourse
FNDA:0,deleteCourse
DA:6,0
DA:10,0
DA:11,0
DA:16,0
DA:17,0
DA:22,0
DA:23,0
DA:24,0
DA:26,0
DA:27,0
DA:29,0
DA:36,0
DA:37,0
DA:38,0
DA:39,0
DA:41,0
DA:42,0
DA:48,0
DA:49,0
DA:54,0
DA:55,0
DA:56,0
DA:57,0
DA:58,0
DA:59,0
DA:61,0
DA:62,0
DA:68,0
DA:69,0
DA:70,0
DA:71,0
DA:72,0
DA:73,0
DA:74,0
DA:76,0
DA:77,0
DA:82,0
DA:86,0
DA:87,0
DA:92,0
DA:93,0
DA:98,0
DA:99,0
DA:104,0
DA:105,0
DA:107,0
DA:108,0
DA:123,0
DA:125,0
DA:127,0
DA:128,0
DA:129,0
DA:135,0
DA:136,0
DA:140,0
DA:141,0
DA:142,0
DA:145,0
DA:150,0
DA:151,0
DA:153,0
DA:154,0
DA:155,0
DA:157,0
DA:158,0
DA:160,0
DA:161,0
DA:163,0
DA:178,0
DA:180,0
DA:181,0
DA:184,0
DA:185,0
DA:186,0
DA:189,0
DA:190,0
DA:191,0
DA:193,0
DA:194,0
DA:195,0
DA:196,0
DA:207,0
DA:208,0
DA:209,0
DA:210,0
DA:211,0
DA:222,0
DA:227,0
DA:229,0
DA:230,0
DA:233,0
DA:234,0
DA:237,0
DA:238,0
DA:241,0
DA:242,0
DA:245,0
DA:246,0
DA:249,0
DA:250,0
DA:251,0
DA:252,0
DA:254,0
DA:255,0
DA:259,0
DA:267,0
DA:279,0
DA:385,0
DA:386,0
DA:387,0
DA:389,0
DA:394,0
DA:395,0
DA:396,0
DA:398,0
DA:403,0
DA:404,0
DA:405,0
DA:406,0
DA:408,0
DA:413,0
DA:414,0
DA:415,0
DA:416,0
DA:418,0
DA:423,0
DA:424,0
DA:425,0
DA:426,0
DA:428,0
LF:130
LH:0
BRDA:10,0,0,0
BRDA:10,0,1,0
BRDA:11,1,0,0
BRDA:11,1,1,0
BRDA:17,2,0,0
BRDA:17,2,1,0
BRDA:23,3,0,0
BRDA:23,3,1,0
BRDA:23,4,0,0
BRDA:23,4,1,0
BRDA:23,4,2,0
BRDA:26,5,0,0
BRDA:26,5,1,0
BRDA:26,6,0,0
BRDA:26,6,1,0
BRDA:36,7,0,0
BRDA:36,7,1,0
BRDA:54,8,0,0
BRDA:54,8,1,0
BRDA:56,9,0,0
BRDA:56,9,1,0
BRDA:69,10,0,0
BRDA:69,10,1,0
BRDA:71,11,0,0
BRDA:71,11,1,0
BRDA:108,12,0,0
BRDA:108,12,1,0
BRDA:108,12,2,0
BRDA:136,13,0,0
BRDA:136,13,1,0
BRDA:140,14,0,0
BRDA:140,14,1,0
BRDA:150,15,0,0
BRDA:150,15,1,0
BRDA:151,16,0,0
BRDA:151,16,1,0
BRDA:154,17,0,0
BRDA:154,17,1,0
BRDA:157,18,0,0
BRDA:157,18,1,0
BRDA:158,19,0,0
BRDA:158,19,1,0
BRDA:186,20,0,0
BRDA:186,20,1,0
BRDA:189,21,0,0
BRDA:189,21,1,0
BRDA:189,22,0,0
BRDA:189,22,1,0
BRDA:195,23,0,0
BRDA:195,23,1,0
BRDA:207,24,0,0
BRDA:207,24,1,0
BRDA:207,25,0,0
BRDA:207,25,1,0
BRDA:210,26,0,0
BRDA:210,26,1,0
BRDA:229,27,0,0
BRDA:229,27,1,0
BRDA:229,28,0,0
BRDA:229,28,1,0
BRDA:233,29,0,0
BRDA:233,29,1,0
BRDA:237,30,0,0
BRDA:237,30,1,0
BRDA:241,31,0,0
BRDA:241,31,1,0
BRDA:241,32,0,0
BRDA:241,32,1,0
BRDA:245,33,0,0
BRDA:245,33,1,0
BRDA:245,34,0,0
BRDA:245,34,1,0
BRDA:249,35,0,0
BRDA:249,35,1,0
BRDA:254,36,0,0
BRDA:254,36,1,0
BRDA:405,37,0,0
BRDA:405,37,1,0
BRDA:405,38,0,0
BRDA:405,38,1,0
BRDA:415,39,0,0
BRDA:415,39,1,0
BRDA:415,40,0,0
BRDA:415,40,1,0
BRDA:425,41,0,0
BRDA:425,41,1,0
BRDA:425,42,0,0
BRDA:425,42,1,0
BRF:88
BRH:0
end_of_record
TN:
SF:src/services/domain.ts
FN:3,normalizeCompoundForm
FN:20,isInjectionForm
FN:24,isTabletForm
FN:28,normalizeStatus
FNF:4
FNH:0
FNDA:0,normalizeCompoundForm
FNDA:0,isInjectionForm
FNDA:0,isTabletForm
FNDA:0,normalizeStatus
DA:4,0
DA:5,0
DA:6,0
DA:7,0
DA:8,0
DA:9,0
DA:10,0
DA:11,0
DA:12,0
DA:13,0
DA:14,0
DA:15,0
DA:17,0
DA:21,0
DA:25,0
DA:29,0
DA:31,0
DA:32,0
DA:33,0
DA:34,0
DA:35,0
DA:37,0
DA:38,0
LF:23
LH:0
BRDA:4,0,0,0
BRDA:4,0,1,0
BRDA:5,1,0,0
BRDA:5,1,1,0
BRDA:6,2,0,0
BRDA:6,2,1,0
BRDA:7,3,0,0
BRDA:7,3,1,0
BRDA:8,4,0,0
BRDA:8,4,1,0
BRDA:9,5,0,0
BRDA:9,5,1,0
BRDA:9,6,0,0
BRDA:9,6,1,0
BRDA:10,7,0,0
BRDA:10,7,1,0
BRDA:10,7,2,0
BRDA:10,7,3,0
BRDA:10,7,4,0
BRDA:17,8,0,0
BRDA:17,8,1,0
BRDA:29,9,0,0
BRDA:29,9,1,0
BRDA:31,10,0,0
BRDA:31,10,1,0
BRDA:32,11,0,0
BRDA:32,11,1,0
BRDA:33,12,0,0
BRDA:33,12,1,0
BRDA:34,13,0,0
BRDA:34,13,1,0
BRDA:35,14,0,0
BRDA:35,14,1,0
BRDA:37,15,0,0
BRDA:37,15,1,0
BRF:35
BRH:0
end_of_record
TN:
SF:src/services/labs.ts
FN:5,(anonymous_0)
FN:9,(anonymous_1)
FN:12,(anonymous_2)
FN:23,(anonymous_3)
FN:25,(anonymous_4)
FN:29,(anonymous_5)
FN:31,(anonymous_6)
FN:35,(anonymous_7)
FN:40,(anonymous_8)
FN:47,(anonymous_9)
FN:50,(anonymous_10)
FN:55,(anonymous_11)
FN:82,(anonymous_12)
FN:85,(anonymous_13)
FN:102,(anonymous_14)
FN:104,(anonymous_15)
FN:106,(anonymous_16)
FN:111,(anonymous_17)
FN:115,(anonymous_18)
FN:116,(anonymous_19)
FN:117,(anonymous_20)
FN:122,(anonymous_21)
FN:122,(anonymous_22)
FN:127,(anonymous_23)
FN:153,(anonymous_24)
FN:171,(anonymous_25)
FN:172,(anonymous_26)
FN:177,(anonymous_27)
FN:179,(anonymous_28)
FN:190,(anonymous_29)
FN:191,(anonymous_30)
FN:198,(anonymous_31)
FN:204,(anonymous_32)
FN:218,(anonymous_33)
FN:226,(anonymous_34)
FN:227,(anonymous_35)
FN:240,(anonymous_36)
FN:246,(anonymous_37)
FN:267,(anonymous_38)
FN:271,(anonymous_39)
FN:279,(anonymous_40)
FN:319,(anonymous_41)
FN:356,(anonymous_42)
FNF:43
FNH:0
FNDA:0,(anonymous_0)
FNDA:0,(anonymous_1)
FNDA:0,(anonymous_2)
FNDA:0,(anonymous_3)
FNDA:0,(anonymous_4)
FNDA:0,(anonymous_5)
FNDA:0,(anonymous_6)
FNDA:0,(anonymous_7)
FNDA:0,(anonymous_8)
FNDA:0,(anonymous_9)
FNDA:0,(anonymous_10)
FNDA:0,(anonymous_11)
FNDA:0,(anonymous_12)
FNDA:0,(anonymous_13)
FNDA:0,(anonymous_14)
FNDA:0,(anonymous_15)
FNDA:0,(anonymous_16)
FNDA:0,(anonymous_17)
FNDA:0,(anonymous_18)
FNDA:0,(anonymous_19)
FNDA:0,(anonymous_20)
FNDA:0,(anonymous_21)
FNDA:0,(anonymous_22)
FNDA:0,(anonymous_23)
FNDA:0,(anonymous_24)
FNDA:0,(anonymous_25)
FNDA:0,(anonymous_26)
FNDA:0,(anonymous_27)
FNDA:0,(anonymous_28)
FNDA:0,(anonymous_29)
FNDA:0,(anonymous_30)
FNDA:0,(anonymous_31)
FNDA:0,(anonymous_32)
FNDA:0,(anonymous_33)
FNDA:0,(anonymous_34)
FNDA:0,(anonymous_35)
FNDA:0,(anonymous_36)
FNDA:0,(anonymous_37)
FNDA:0,(anonymous_38)
FNDA:0,(anonymous_39)
FNDA:0,(anonymous_40)
FNDA:0,(anonymous_41)
FNDA:0,(anonymous_42)
DA:6,0
DA:10,0
DA:11,0
DA:12,0
DA:13,0
DA:14,0
DA:15,0
DA:16,0
DA:19,0
DA:24,0
DA:25,0
DA:30,0
DA:31,0
DA:36,0
DA:37,0
DA:38,0
DA:40,0
DA:41,0
DA:42,0
DA:48,0
DA:49,0
DA:50,0
DA:56,0
DA:57,0
DA:58,0
DA:60,0
DA:61,0
DA:72,0
DA:73,0
DA:74,0
DA:76,0
DA:77,0
DA:83,0
DA:84,0
DA:85,0
DA:87,0
DA:88,0
DA:91,0
DA:93,0
DA:94,0
DA:96,0
DA:97,0
DA:103,0
DA:104,0
DA:105,0
DA:106,0
DA:107,0
DA:108,0
DA:112,0
DA:113,0
DA:115,0
DA:116,0
DA:117,0
DA:121,0
DA:122,0
DA:123,0
DA:135,0
DA:136,0
DA:138,0
DA:139,0
DA:141,0
DA:151,0
DA:153,0
DA:154,0
DA:157,0
DA:160,0
DA:161,0
DA:164,0
DA:165,0
DA:167,0
DA:171,0
DA:172,0
DA:176,0
DA:177,0
DA:179,0
DA:180,0
DA:181,0
DA:183,0
DA:190,0
DA:191,0
DA:194,0
DA:203,0
DA:204,0
DA:205,0
DA:206,0
DA:207,0
DA:210,0
DA:217,0
DA:218,0
DA:219,0
DA:220,0
DA:222,0
DA:226,0
DA:227,0
DA:228,0
DA:229,0
DA:231,0
DA:232,0
DA:233,0
DA:234,0
DA:236,0
DA:240,0
DA:244,0
DA:245,0
DA:246,0
DA:250,0
DA:251,0
DA:253,0
DA:254,0
DA:256,0
DA:257,0
DA:259,0
DA:260,0
DA:263,0
DA:268,0
DA:269,0
DA:271,0
DA:272,0
DA:280,0
DA:320,0
DA:322,0
DA:323,0
DA:326,0
DA:327,0
DA:330,0
DA:331,0
DA:334,0
DA:335,0
DA:338,0
DA:339,0
DA:342,0
DA:343,0
DA:344,0
DA:345,0
DA:349,0
DA:357,0
LF:136
LH:0
BRDA:10,0,0,0
BRDA:10,0,1,0
BRDA:11,1,0,0
BRDA:11,1,1,0
BRDA:11,2,0,0
BRDA:11,2,1,0
BRDA:14,3,0,0
BRDA:14,3,1,0
BRDA:14,4,0,0
BRDA:14,4,1,0
BRDA:15,5,0,0
BRDA:15,5,1,0
BRDA:15,6,0,0
BRDA:15,6,1,0
BRDA:25,7,0,0
BRDA:25,7,1,0
BRDA:42,8,0,0
BRDA:42,8,1,0
BRDA:47,9,0,0
BRDA:57,10,0,0
BRDA:57,10,1,0
BRDA:57,11,0,0
BRDA:57,11,1,0
BRDA:57,11,2,0
BRDA:57,11,3,0
BRDA:60,12,0,0
BRDA:60,12,1,0
BRDA:60,13,0,0
BRDA:60,13,1,0
BRDA:72,14,0,0
BRDA:72,14,1,0
BRDA:84,15,0,0
BRDA:84,15,1,0
BRDA:87,16,0,0
BRDA:87,16,1,0
BRDA:103,17,0,0
BRDA:103,17,1,0
BRDA:105,18,0,0
BRDA:105,18,1,0
BRDA:121,19,0,0
BRDA:121,19,1,0
BRDA:157,20,0,0
BRDA:157,20,1,0
BRDA:160,21,0,0
BRDA:160,21,1,0
BRDA:161,22,0,0
BRDA:161,22,1,0
BRDA:164,23,0,0
BRDA:164,23,1,0
BRDA:180,24,0,0
BRDA:180,24,1,0
BRDA:219,25,0,0
BRDA:219,25,1,0
BRDA:231,26,0,0
BRDA:231,26,1,0
BRDA:231,27,0,0
BRDA:231,27,1,0
BRDA:233,28,0,0
BRDA:233,28,1,0
BRDA:245,29,0,0
BRDA:245,29,1,0
BRDA:250,30,0,0
BRDA:250,30,1,0
BRDA:253,31,0,0
BRDA:253,31,1,0
BRDA:256,32,0,0
BRDA:256,32,1,0
BRDA:259,33,0,0
BRDA:259,33,1,0
BRDA:272,34,0,0
BRDA:272,34,1,0
BRDA:272,34,2,0
BRDA:322,35,0,0
BRDA:322,35,1,0
BRDA:322,36,0,0
BRDA:322,36,1,0
BRDA:326,37,0,0
BRDA:326,37,1,0
BRDA:326,38,0,0
BRDA:326,38,1,0
BRDA:330,39,0,0
BRDA:330,39,1,0
BRDA:330,40,0,0
BRDA:330,40,1,0
BRDA:334,41,0,0
BRDA:334,41,1,0
BRDA:338,42,0,0
BRDA:338,42,1,0
BRDA:342,43,0,0
BRDA:342,43,1,0
BRDA:344,44,0,0
BRDA:344,44,1,0
BRF:92
BRH:0
end_of_record
TN:
SF:src/services/localStorage.ts
FN:25,(anonymous_0)
FN:29,(anonymous_1)
FN:39,(anonymous_2)
FN:43,(anonymous_3)
FN:47,(anonymous_4)
FN:66,(anonymous_5)
FN:80,(anonymous_6)
FN:87,(anonymous_7)
FN:97,(anonymous_8)
FN:108,(anonymous_9)
FN:118,(anonymous_10)
FN:128,(anonymous_11)
FN:139,(anonymous_12)
FN:142,(anonymous_13)
FN:154,(anonymous_14)
FN:157,(anonymous_15)
FN:166,(anonymous_16)
FN:176,(anonymous_17)
FN:186,(anonymous_18)
FN:198,(anonymous_19)
FN:208,(anonymous_20)
FN:218,(anonymous_21)
FN:230,(anonymous_22)
FN:240,(anonymous_23)
FN:251,(anonymous_24)
FN:261,(anonymous_25)
FN:271,(anonymous_26)
FN:283,(anonymous_27)
FN:293,(anonymous_28)
FN:304,(anonymous_29)
FN:314,(anonymous_30)
FN:325,(anonymous_31)
FN:359,(anonymous_32)
FN:384,(anonymous_33)
FN:396,(anonymous_34)
FN:400,(anonymous_35)
FN:408,(anonymous_36)
FN:420,(anonymous_37)
FNF:38
FNH:0
FNDA:0,(anonymous_0)
FNDA:0,(anonymous_1)
FNDA:0,(anonymous_2)
FNDA:0,(anonymous_3)
FNDA:0,(anonymous_4)
FNDA:0,(anonymous_5)
FNDA:0,(anonymous_6)
FNDA:0,(anonymous_7)
FNDA:0,(anonymous_8)
FNDA:0,(anonymous_9)
FNDA:0,(anonymous_10)
FNDA:0,(anonymous_11)
FNDA:0,(anonymous_12)
FNDA:0,(anonymous_13)
FNDA:0,(anonymous_14)
FNDA:0,(anonymous_15)
FNDA:0,(anonymous_16)
FNDA:0,(anonymous_17)
FNDA:0,(anonymous_18)
FNDA:0,(anonymous_19)
FNDA:0,(anonymous_20)
FNDA:0,(anonymous_21)
FNDA:0,(anonymous_22)
FNDA:0,(anonymous_23)
FNDA:0,(anonymous_24)
FNDA:0,(anonymous_25)
FNDA:0,(anonymous_26)
FNDA:0,(anonymous_27)
FNDA:0,(anonymous_28)
FNDA:0,(anonymous_29)
FNDA:0,(anonymous_30)
FNDA:0,(anonymous_31)
FNDA:0,(anonymous_32)
FNDA:0,(anonymous_33)
FNDA:0,(anonymous_34)
FNDA:0,(anonymous_35)
FNDA:0,(anonymous_36)
FNDA:0,(anonymous_37)
DA:5,0
DA:21,0
DA:26,0
DA:30,0
DA:31,0
DA:32,0
DA:33,0
DA:35,0
DA:40,0
DA:44,0
DA:48,0
DA:49,0
DA:50,0
DA:51,0
DA:53,0
DA:54,0
DA:55,0
DA:56,0
DA:58,0
DA:61,0
DA:67,0
DA:76,0
DA:81,0
DA:83,0
DA:88,0
DA:89,0
DA:90,0
DA:92,0
DA:93,0
DA:98,0
DA:99,0
DA:100,0
DA:102,0
DA:103,0
DA:109,0
DA:110,0
DA:111,0
DA:113,0
DA:114,0
DA:119,0
DA:120,0
DA:121,0
DA:123,0
DA:124,0
DA:129,0
DA:130,0
DA:131,0
DA:132,0
DA:134,0
DA:135,0
DA:140,0
DA:141,0
DA:142,0
DA:143,0
DA:144,0
DA:145,0
DA:147,0
DA:149,0
DA:150,0
DA:155,0
DA:156,0
DA:157,0
DA:158,0
DA:160,0
DA:161,0
DA:167,0
DA:168,0
DA:169,0
DA:171,0
DA:172,0
DA:177,0
DA:178,0
DA:179,0
DA:181,0
DA:182,0
DA:187,0
DA:188,0
DA:189,0
DA:190,0
DA:192,0
DA:193,0
DA:199,0
DA:200,0
DA:201,0
DA:203,0
DA:204,0
DA:209,0
DA:210,0
DA:211,0
DA:213,0
DA:214,0
DA:219,0
DA:220,0
DA:221,0
DA:222,0
DA:224,0
DA:225,0
DA:231,0
DA:232,0
DA:233,0
DA:235,0
DA:236,0
DA:241,0
DA:242,0
DA:243,0
DA:245,0
DA:246,0
DA:252,0
DA:253,0
DA:254,0
DA:256,0
DA:257,0
DA:262,0
DA:263,0
DA:264,0
DA:266,0
DA:267,0
DA:272,0
DA:273,0
DA:274,0
DA:275,0
DA:277,0
DA:278,0
DA:284,0
DA:285,0
DA:286,0
DA:288,0
DA:289,0
DA:294,0
DA:295,0
DA:296,0
DA:298,0
DA:299,0
DA:305,0
DA:306,0
DA:307,0
DA:309,0
DA:310,0
DA:315,0
DA:316,0
DA:317,0
DA:319,0
DA:320,0
DA:326,0
DA:327,0
DA:338,0
DA:353,0
DA:354,0
DA:360,0
DA:361,0
DA:363,0
DA:365,0
DA:376,0
DA:378,0
DA:379,0
DA:385,0
DA:386,0
DA:387,0
DA:388,0
DA:390,0
DA:391,0
DA:397,0
DA:398,0
DA:399,0
DA:400,0
DA:402,0
DA:403,0
DA:409,0
DA:410,0
DA:411,0
DA:412,0
DA:414,0
DA:415,0
DA:421,0
DA:422,0
DA:424,0
LF:176
LH:0
BRDA:32,0,0,0
BRDA:32,0,1,0
BRDA:51,1,0,0
BRDA:51,1,1,0
BRDA:56,2,0,0
BRDA:56,2,1,0
BRDA:90,3,0,0
BRDA:90,3,1,0
BRDA:111,4,0,0
BRDA:111,4,1,0
BRDA:143,5,0,0
BRDA:143,5,1,0
BRDA:169,6,0,0
BRDA:169,6,1,0
BRDA:201,7,0,0
BRDA:201,7,1,0
BRDA:233,8,0,0
BRDA:233,8,1,0
BRDA:254,9,0,0
BRDA:254,9,1,0
BRDA:286,10,0,0
BRDA:286,10,1,0
BRDA:307,11,0,0
BRDA:307,11,1,0
BRDA:361,12,0,0
BRDA:361,12,1,0
BRDA:361,13,0,0
BRDA:361,13,1,0
BRDA:366,14,0,0
BRDA:366,14,1,0
BRDA:367,15,0,0
BRDA:367,15,1,0
BRDA:368,16,0,0
BRDA:368,16,1,0
BRDA:369,17,0,0
BRDA:369,17,1,0
BRDA:370,18,0,0
BRDA:370,18,1,0
BRDA:371,19,0,0
BRDA:371,19,1,0
BRDA:372,20,0,0
BRDA:372,20,1,0
BRDA:373,21,0,0
BRDA:373,21,1,0
BRDA:400,22,0,0
BRDA:400,22,1,0
BRDA:411,23,0,0
BRDA:411,23,1,0
BRF:48
BRH:0
end_of_record
TN:
SF:src/services/notifications.ts
FN:12,(anonymous_0)
FN:21,(anonymous_1)
FN:36,(anonymous_2)
FN:40,(anonymous_3)
FN:44,(anonymous_4)
FNF:5
FNH:0
FNDA:0,(anonymous_0)
FNDA:0,(anonymous_1)
FNDA:0,(anonymous_2)
FNDA:0,(anonymous_3)
FNDA:0,(anonymous_4)
DA:13,0
DA:14,0
DA:15,0
DA:16,0
DA:18,0
DA:22,0
DA:23,0
DA:24,0
DA:33,0
DA:37,0
DA:41,0
DA:45,0
LF:12
LH:0
BRDA:14,0,0,0
BRDA:14,0,1,0
BRDA:23,1,0,0
BRDA:23,1,1,0
BRDA:27,2,0,0
BRDA:27,2,1,0
BRDA:28,3,0,0
BRDA:28,3,1,0
BRF:8
BRH:0
end_of_record
TN:
SF:src/services/reminders.ts
FN:16,(anonymous_0)
FN:22,(anonymous_1)
FN:47,(anonymous_2)
FN:49,(anonymous_3)
FN:58,(anonymous_4)
FN:60,(anonymous_5)
FN:64,(anonymous_6)
FNF:7
FNH:0
FNDA:0,(anonymous_0)
FNDA:0,(anonymous_1)
FNDA:0,(anonymous_2)
FNDA:0,(anonymous_3)
FNDA:0,(anonymous_4)
FNDA:0,(anonymous_5)
FNDA:0,(anonymous_6)
DA:13,0
DA:18,0
DA:19,0
DA:23,0
DA:33,0
DA:39,0
DA:41,0
DA:42,0
DA:43,0
DA:44,0
DA:48,0
DA:49,0
DA:50,0
DA:51,0
DA:52,0
DA:53,0
DA:54,0
DA:55,0
DA:59,0
DA:60,0
DA:61,0
DA:62,0
DA:64,0
DA:65,0
DA:66,0
LF:25
LH:0
BRDA:50,0,0,0
BRDA:50,0,1,0
BRDA:61,1,0,0
BRDA:61,1,1,0
BRF:4
BRH:0
end_of_record
TN:
SF:src/services/sqlite-test.ts
FNF:0
FNH:0
DA:2,0
DA:3,0
LF:2
LH:0
BRF:0
BRH:0
end_of_record
TN:
SF:src/services/types.ts
FNF:0
FNH:0
LF:0
LH:0
BRF:0
BRH:0
end_of_record
TN:
SF:src/theme/colors.ts
FNF:0
FNH:0
DA:1,0
LF:1
LH:0
BRF:0
BRH:0
end_of_record
